<?xml version="1.0" encoding="UTF-8"?>
<coverage generated="1779372124442" clover="3.2.0">
  <project timestamp="1779372124442" name="All files">
    <metrics statements="1212" coveredstatements="516" conditionals="1170" coveredconditionals="382" methods="173" coveredmethods="63" elements="2555" coveredelements="961" complexity="0" loc="1212" ncloc="1212" packages="2" files="7" classes="7"/>
    <package name="admin-ai-quality">
      <metrics statements="189" coveredstatements="0" conditionals="234" coveredconditionals="0" methods="37" coveredmethods="0"/>
      <file name="index.js" path="/sessions/hopeful-wizardly-johnson/mnt/港动人生/住港伴V4-2026-5-21发版/cloudfunctions/admin-ai-quality/index.js">
        <metrics statements="189" coveredstatements="0" conditionals="234" coveredconditionals="0" methods="37" coveredmethods="0"/>
        <line num="3" count="0" type="stmt"/>
        <line num="4" count="0" type="stmt"/>
        <line num="5" count="0" type="stmt"/>
        <line num="6" count="0" type="stmt"/>
        <line num="7" count="0" type="stmt"/>
        <line num="10" count="0" type="stmt"/>
        <line num="13" count="0" type="cond" truecount="0" falsecount="2"/>
        <line num="21" count="0" type="cond" truecount="0" falsecount="2"/>
        <line num="22" count="0" type="stmt"/>
        <line num="23" count="0" type="stmt"/>
        <line num="24" count="0" type="cond" truecount="0" falsecount="2"/>
        <line num="29" count="0" type="stmt"/>
        <line num="30" count="0" type="stmt"/>
        <line num="42" count="0" type="stmt"/>
        <line num="47" count="0" type="stmt"/>
        <line num="50" count="0" type="stmt"/>
        <line num="51" count="0" type="cond" truecount="0" falsecount="2"/>
        <line num="53" count="0" type="stmt"/>
        <line num="54" count="0" type="cond" truecount="0" falsecount="2"/>
        <line num="56" count="0" type="stmt"/>
        <line num="60" count="0" type="stmt"/>
        <line num="62" count="0" type="cond" truecount="0" falsecount="2"/>
        <line num="63" count="0" type="cond" truecount="0" falsecount="4"/>
        <line num="64" count="0" type="stmt"/>
        <line num="69" count="0" type="cond" truecount="0" falsecount="2"/>
        <line num="70" count="0" type="stmt"/>
        <line num="78" count="0" type="stmt"/>
        <line num="79" count="0" type="stmt"/>
        <line num="80" count="0" type="cond" truecount="0" falsecount="2"/>
        <line num="81" count="0" type="cond" truecount="0" falsecount="4"/>
        <line num="83" count="0" type="stmt"/>
        <line num="84" count="0" type="stmt"/>
        <line num="91" count="0" type="stmt"/>
        <line num="96" count="0" type="stmt"/>
        <line num="97" count="0" type="cond" truecount="0" falsecount="2"/>
        <line num="98" count="0" type="cond" truecount="0" falsecount="2"/>
        <line num="99" count="0" type="cond" truecount="0" falsecount="2"/>
        <line num="100" count="0" type="cond" truecount="0" falsecount="2"/>
        <line num="101" count="0" type="stmt"/>
        <line num="103" count="0" type="stmt"/>
        <line num="105" count="0" type="stmt"/>
        <line num="108" count="0" type="stmt"/>
        <line num="112" count="0" type="stmt"/>
        <line num="113" count="0" type="stmt"/>
        <line num="114" count="0" type="cond" truecount="0" falsecount="2"/>
        <line num="115" count="0" type="cond" truecount="0" falsecount="2"/>
        <line num="116" count="0" type="cond" truecount="0" falsecount="4"/>
        <line num="118" count="0" type="stmt"/>
        <line num="119" count="0" type="stmt"/>
        <line num="121" count="0" type="stmt"/>
        <line num="122" count="0" type="stmt"/>
        <line num="126" count="0" type="stmt"/>
        <line num="132" count="0" type="stmt"/>
        <line num="134" count="0" type="cond" truecount="0" falsecount="2"/>
        <line num="146" count="0" type="cond" truecount="0" falsecount="2"/>
        <line num="147" count="0" type="cond" truecount="0" falsecount="2"/>
        <line num="149" count="0" type="stmt"/>
        <line num="150" count="0" type="cond" truecount="0" falsecount="2"/>
        <line num="151" count="0" type="cond" truecount="0" falsecount="4"/>
        <line num="152" count="0" type="stmt"/>
        <line num="153" count="0" type="cond" truecount="0" falsecount="2"/>
        <line num="154" count="0" type="cond" truecount="0" falsecount="2"/>
        <line num="157" count="0" type="stmt"/>
        <line num="161" count="0" type="stmt"/>
        <line num="169" count="0" type="stmt"/>
        <line num="170" count="0" type="stmt"/>
        <line num="172" count="0" type="stmt"/>
        <line num="187" count="0" type="stmt"/>
        <line num="188" count="0" type="stmt"/>
        <line num="189" count="0" type="stmt"/>
        <line num="191" count="0" type="stmt"/>
        <line num="192" count="0" type="stmt"/>
        <line num="193" count="0" type="stmt"/>
        <line num="196" count="0" type="stmt"/>
        <line num="197" count="0" type="stmt"/>
        <line num="198" count="0" type="stmt"/>
        <line num="214" count="0" type="cond" truecount="0" falsecount="2"/>
        <line num="215" count="0" type="cond" truecount="0" falsecount="2"/>
        <line num="216" count="0" type="cond" truecount="0" falsecount="2"/>
        <line num="218" count="0" type="stmt"/>
        <line num="223" count="0" type="stmt"/>
        <line num="224" count="0" type="cond" truecount="0" falsecount="2"/>
        <line num="226" count="0" type="stmt"/>
        <line num="227" count="0" type="cond" truecount="0" falsecount="2"/>
        <line num="228" count="0" type="stmt"/>
        <line num="230" count="0" type="stmt"/>
        <line num="240" count="0" type="stmt"/>
        <line num="251" count="0" type="stmt"/>
        <line num="284" count="0" type="stmt"/>
        <line num="285" count="0" type="cond" truecount="0" falsecount="5"/>
        <line num="287" count="0" type="stmt"/>
        <line num="288" count="0" type="cond" truecount="0" falsecount="4"/>
        <line num="289" count="0" type="stmt"/>
        <line num="292" count="0" type="stmt"/>
        <line num="293" count="0" type="stmt"/>
        <line num="294" count="0" type="cond" truecount="0" falsecount="2"/>
        <line num="295" count="0" type="stmt"/>
        <line num="301" count="0" type="stmt"/>
        <line num="302" count="0" type="cond" truecount="0" falsecount="2"/>
        <line num="304" count="0" type="stmt"/>
        <line num="309" count="0" type="cond" truecount="0" falsecount="2"/>
        <line num="311" count="0" type="stmt"/>
        <line num="322" count="0" type="stmt"/>
        <line num="330" count="0" type="stmt"/>
        <line num="337" count="0" type="stmt"/>
        <line num="342" count="0" type="stmt"/>
        <line num="343" count="0" type="cond" truecount="0" falsecount="4"/>
        <line num="344" count="0" type="cond" truecount="0" falsecount="2"/>
        <line num="346" count="0" type="stmt"/>
        <line num="347" count="0" type="cond" truecount="0" falsecount="2"/>
        <line num="349" count="0" type="stmt"/>
        <line num="353" count="0" type="cond" truecount="0" falsecount="2"/>
        <line num="354" count="0" type="cond" truecount="0" falsecount="2"/>
        <line num="355" count="0" type="stmt"/>
        <line num="358" count="0" type="stmt"/>
        <line num="363" count="0" type="cond" truecount="0" falsecount="2"/>
        <line num="365" count="0" type="stmt"/>
        <line num="366" count="0" type="cond" truecount="0" falsecount="2"/>
        <line num="368" count="0" type="stmt"/>
        <line num="381" count="0" type="stmt"/>
        <line num="388" count="0" type="stmt"/>
        <line num="393" count="0" type="stmt"/>
        <line num="394" count="0" type="cond" truecount="0" falsecount="2"/>
        <line num="395" count="0" type="cond" truecount="0" falsecount="2"/>
        <line num="397" count="0" type="stmt"/>
        <line num="398" count="0" type="cond" truecount="0" falsecount="2"/>
        <line num="399" count="0" type="cond" truecount="0" falsecount="2"/>
        <line num="401" count="0" type="stmt"/>
        <line num="406" count="0" type="stmt"/>
        <line num="410" count="0" type="stmt"/>
        <line num="411" count="0" type="stmt"/>
        <line num="416" count="0" type="cond" truecount="0" falsecount="2"/>
        <line num="417" count="0" type="stmt"/>
        <line num="418" count="0" type="stmt"/>
        <line num="419" count="0" type="stmt"/>
        <line num="420" count="0" type="stmt"/>
        <line num="421" count="0" type="stmt"/>
        <line num="440" count="0" type="cond" truecount="0" falsecount="2"/>
        <line num="441" count="0" type="stmt"/>
        <line num="442" count="0" type="stmt"/>
        <line num="443" count="0" type="stmt"/>
        <line num="444" count="0" type="stmt"/>
        <line num="445" count="0" type="stmt"/>
        <line num="446" count="0" type="stmt"/>
        <line num="447" count="0" type="stmt"/>
        <line num="448" count="0" type="cond" truecount="0" falsecount="2"/>
        <line num="450" count="0" type="stmt"/>
        <line num="455" count="0" type="cond" truecount="0" falsecount="2"/>
        <line num="456" count="0" type="stmt"/>
        <line num="457" count="0" type="stmt"/>
        <line num="458" count="0" type="stmt"/>
        <line num="459" count="0" type="stmt"/>
        <line num="460" count="0" type="stmt"/>
        <line num="461" count="0" type="stmt"/>
        <line num="477" count="0" type="stmt"/>
        <line num="478" count="0" type="cond" truecount="0" falsecount="4"/>
        <line num="479" count="0" type="cond" truecount="0" falsecount="2"/>
        <line num="481" count="0" type="stmt"/>
        <line num="482" count="0" type="cond" truecount="0" falsecount="2"/>
        <line num="483" count="0" type="cond" truecount="0" falsecount="2"/>
        <line num="485" count="0" type="stmt"/>
        <line num="494" count="0" type="stmt"/>
        <line num="495" count="0" type="stmt"/>
        <line num="502" count="0" type="stmt"/>
        <line num="506" count="0" type="stmt"/>
        <line num="507" count="0" type="stmt"/>
        <line num="508" count="0" type="cond" truecount="0" falsecount="4"/>
        <line num="509" count="0" type="stmt"/>
        <line num="510" count="0" type="stmt"/>
        <line num="513" count="0" type="cond" truecount="0" falsecount="1"/>
        <line num="515" count="0" type="stmt"/>
        <line num="516" count="0" type="cond" truecount="0" falsecount="2"/>
        <line num="518" count="0" type="stmt"/>
        <line num="519" count="0" type="cond" truecount="0" falsecount="14"/>
        <line num="521" count="0" type="stmt"/>
        <line num="523" count="0" type="stmt"/>
        <line num="525" count="0" type="stmt"/>
        <line num="527" count="0" type="stmt"/>
        <line num="529" count="0" type="stmt"/>
        <line num="531" count="0" type="stmt"/>
        <line num="533" count="0" type="stmt"/>
        <line num="535" count="0" type="stmt"/>
        <line num="537" count="0" type="stmt"/>
        <line num="539" count="0" type="stmt"/>
        <line num="542" count="0" type="stmt"/>
        <line num="544" count="0" type="stmt"/>
        <line num="546" count="0" type="stmt"/>
        <line num="548" count="0" type="stmt"/>
        <line num="551" count="0" type="stmt"/>
      </file>
    </package>
    <package name="ai-chat">
      <metrics statements="1023" coveredstatements="516" conditionals="936" coveredconditionals="382" methods="136" coveredmethods="63"/>
      <file name="context-builder.js" path="/sessions/hopeful-wizardly-johnson/mnt/港动人生/住港伴V4-2026-5-21发版/cloudfunctions/ai-chat/context-builder.js">
        <metrics statements="120" coveredstatements="72" conditionals="114" coveredconditionals="53" methods="11" coveredmethods="7"/>
        <line num="16" count="4" type="stmt"/>
        <line num="17" count="4" type="stmt"/>
        <line num="18" count="4" type="stmt"/>
        <line num="19" count="4" type="stmt"/>
        <line num="25" count="2" type="cond" truecount="4" falsecount="0"/>
        <line num="26" count="1" type="stmt"/>
        <line num="30" count="1" type="cond" truecount="3" falsecount="1"/>
        <line num="31" count="1" type="stmt"/>
        <line num="35" count="3" type="cond" truecount="1" falsecount="1"/>
        <line num="36" count="3" type="cond" truecount="2" falsecount="0"/>
        <line num="37" count="2" type="cond" truecount="2" falsecount="0"/>
        <line num="38" count="1" type="stmt"/>
        <line num="42" count="2" type="cond" truecount="1" falsecount="1"/>
        <line num="43" count="2" type="stmt"/>
        <line num="44" count="2" type="cond" truecount="1" falsecount="1"/>
        <line num="55" count="0" type="stmt"/>
        <line num="56" count="0" type="stmt"/>
        <line num="59" count="0" type="cond" truecount="0" falsecount="2"/>
        <line num="60" count="0" type="stmt"/>
        <line num="69" count="0" type="stmt"/>
        <line num="74" count="0" type="stmt"/>
        <line num="77" count="0" type="cond" truecount="0" falsecount="2"/>
        <line num="78" count="0" type="stmt"/>
        <line num="87" count="0" type="cond" truecount="0" falsecount="2"/>
        <line num="88" count="0" type="stmt"/>
        <line num="96" count="0" type="cond" truecount="0" falsecount="2"/>
        <line num="97" count="0" type="cond" truecount="0" falsecount="2"/>
        <line num="98" count="0" type="cond" truecount="0" falsecount="3"/>
        <line num="99" count="0" type="stmt"/>
        <line num="115" count="0" type="stmt"/>
        <line num="116" count="0" type="stmt"/>
        <line num="122" count="0" type="cond" truecount="0" falsecount="4"/>
        <line num="123" count="0" type="stmt"/>
        <line num="124" count="0" type="stmt"/>
        <line num="134" count="0" type="cond" truecount="0" falsecount="2"/>
        <line num="135" count="0" type="cond" truecount="0" falsecount="2"/>
        <line num="136" count="0" type="cond" truecount="0" falsecount="2"/>
        <line num="138" count="0" type="stmt"/>
        <line num="141" count="0" type="stmt"/>
        <line num="148" count="0" type="stmt"/>
        <line num="152" count="0" type="stmt"/>
        <line num="153" count="0" type="stmt"/>
        <line num="154" count="0" type="cond" truecount="0" falsecount="2"/>
        <line num="155" count="0" type="cond" truecount="0" falsecount="2"/>
        <line num="156" count="0" type="stmt"/>
        <line num="163" count="0" type="stmt"/>
        <line num="167" count="0" type="stmt"/>
        <line num="168" count="0" type="stmt"/>
        <line num="169" count="0" type="cond" truecount="0" falsecount="2"/>
        <line num="170" count="0" type="stmt"/>
        <line num="177" count="0" type="stmt"/>
        <line num="181" count="0" type="stmt"/>
        <line num="182" count="0" type="stmt"/>
        <line num="188" count="0" type="cond" truecount="0" falsecount="4"/>
        <line num="189" count="0" type="stmt"/>
        <line num="191" count="0" type="cond" truecount="0" falsecount="3"/>
        <line num="194" count="0" type="cond" truecount="0" falsecount="2"/>
        <line num="195" count="0" type="stmt"/>
        <line num="207" count="0" type="stmt"/>
        <line num="208" count="0" type="stmt"/>
        <line num="209" count="0" type="stmt"/>
        <line num="211" count="0" type="stmt"/>
        <line num="213" count="0" type="stmt"/>
        <line num="220" count="4" type="stmt"/>
        <line num="238" count="111" type="cond" truecount="4" falsecount="0"/>
        <line num="239" count="86" type="stmt"/>
        <line num="242" count="25" type="stmt"/>
        <line num="245" count="25" type="cond" truecount="2" falsecount="0"/>
        <line num="246" count="4" type="stmt"/>
        <line num="247" count="4" type="cond" truecount="1" falsecount="1"/>
        <line num="248" count="4" type="stmt"/>
        <line num="250" count="4" type="cond" truecount="2" falsecount="0"/>
        <line num="251" count="1" type="stmt"/>
        <line num="253" count="4" type="cond" truecount="2" falsecount="0"/>
        <line num="254" count="3" type="stmt"/>
        <line num="256" count="4" type="cond" truecount="2" falsecount="0"/>
        <line num="257" count="1" type="stmt"/>
        <line num="259" count="4" type="cond" truecount="2" falsecount="0"/>
        <line num="260" count="1" type="stmt"/>
        <line num="262" count="4" type="stmt"/>
        <line num="266" count="25" type="cond" truecount="2" falsecount="0"/>
        <line num="267" count="2" type="stmt"/>
        <line num="268" count="2" type="cond" truecount="1" falsecount="1"/>
        <line num="269" count="2" type="stmt"/>
        <line num="271" count="2" type="cond" truecount="1" falsecount="1"/>
        <line num="272" count="2" type="stmt"/>
        <line num="274" count="2" type="cond" truecount="1" falsecount="1"/>
        <line num="275" count="2" type="stmt"/>
        <line num="277" count="2" type="cond" truecount="4" falsecount="0"/>
        <line num="278" count="1" type="stmt"/>
        <line num="279" count="1" type="stmt"/>
        <line num="280" count="2" type="stmt"/>
        <line num="281" count="2" type="stmt"/>
        <line num="282" count="2" type="cond" truecount="1" falsecount="1"/>
        <line num="283" count="2" type="cond" truecount="1" falsecount="1"/>
        <line num="284" count="2" type="stmt"/>
        <line num="286" count="1" type="stmt"/>
        <line num="288" count="2" type="stmt"/>
        <line num="292" count="25" type="cond" truecount="2" falsecount="0"/>
        <line num="293" count="1" type="stmt"/>
        <line num="294" count="1" type="stmt"/>
        <line num="295" count="1" type="cond" truecount="1" falsecount="1"/>
        <line num="297" count="1" type="cond" truecount="1" falsecount="1"/>
        <line num="300" count="1" type="stmt"/>
        <line num="302" count="1" type="stmt"/>
        <line num="306" count="25" type="cond" truecount="4" falsecount="0"/>
        <line num="307" count="22" type="stmt"/>
        <line num="309" count="22" type="stmt"/>
        <line num="311" count="23" type="cond" truecount="1" falsecount="1"/>
        <line num="314" count="22" type="cond" truecount="1" falsecount="1"/>
        <line num="315" count="22" type="stmt"/>
        <line num="317" count="22" type="stmt"/>
        <line num="318" count="22" type="stmt"/>
        <line num="321" count="25" type="stmt"/>
        <line num="322" count="25" type="stmt"/>
        <line num="323" count="25" type="stmt"/>
        <line num="325" count="25" type="stmt"/>
        <line num="332" count="41" type="cond" truecount="3" falsecount="1"/>
        <line num="333" count="41" type="stmt"/>
        <line num="342" count="4" type="stmt"/>
      </file>
      <file name="domain-router.js" path="/sessions/hopeful-wizardly-johnson/mnt/港动人生/住港伴V4-2026-5-21发版/cloudfunctions/ai-chat/domain-router.js">
        <metrics statements="51" coveredstatements="46" conditionals="42" coveredconditionals="31" methods="4" coveredmethods="4"/>
        <line num="11" count="4" type="stmt"/>
        <line num="75" count="4" type="stmt"/>
        <line num="84" count="528" type="stmt"/>
        <line num="87" count="528" type="stmt"/>
        <line num="88" count="1408" type="cond" truecount="2" falsecount="0"/>
        <line num="89" count="21" type="stmt"/>
        <line num="94" count="528" type="stmt"/>
        <line num="95" count="1760" type="cond" truecount="1" falsecount="1"/>
        <line num="96" count="0" type="stmt"/>
        <line num="101" count="528" type="stmt"/>
        <line num="102" count="1980" type="cond" truecount="2" falsecount="0"/>
        <line num="103" count="25" type="stmt"/>
        <line num="107" count="528" type="stmt"/>
        <line num="111" count="4" type="stmt"/>
        <line num="125" count="63" type="cond" truecount="3" falsecount="1"/>
        <line num="127" count="63" type="stmt"/>
        <line num="130" count="63" type="cond" truecount="2" falsecount="0"/>
        <line num="134" count="44" type="stmt"/>
        <line num="135" count="44" type="stmt"/>
        <line num="136" count="44" type="stmt"/>
        <line num="137" count="528" type="stmt"/>
        <line num="138" count="528" type="stmt"/>
        <line num="139" count="528" type="cond" truecount="2" falsecount="0"/>
        <line num="140" count="23" type="stmt"/>
        <line num="145" count="44" type="cond" truecount="2" falsecount="0"/>
        <line num="146" count="22" type="stmt"/>
        <line num="147" count="132" type="cond" truecount="1" falsecount="1"/>
        <line num="152" count="44" type="stmt"/>
        <line num="153" count="1" type="stmt"/>
        <line num="157" count="44" type="cond" truecount="2" falsecount="0"/>
        <line num="159" count="1" type="cond" truecount="2" falsecount="2"/>
        <line num="160" count="0" type="stmt"/>
        <line num="163" count="1" type="stmt"/>
        <line num="167" count="43" type="cond" truecount="1" falsecount="1"/>
        <line num="169" count="43" type="cond" truecount="4" falsecount="0"/>
        <line num="170" count="21" type="cond" truecount="2" falsecount="0"/>
        <line num="171" count="21" type="cond" truecount="1" falsecount="1"/>
        <line num="172" count="21" type="stmt"/>
        <line num="176" count="22" type="stmt"/>
        <line num="180" count="0" type="stmt"/>
        <line num="191" count="21" type="cond" truecount="1" falsecount="1"/>
        <line num="193" count="21" type="stmt"/>
        <line num="194" count="21" type="stmt"/>
        <line num="196" count="21" type="cond" truecount="1" falsecount="1"/>
        <line num="197" count="0" type="stmt"/>
        <line num="198" count="21" type="cond" truecount="1" falsecount="1"/>
        <line num="199" count="21" type="stmt"/>
        <line num="203" count="21" type="cond" truecount="1" falsecount="1"/>
        <line num="204" count="21" type="stmt"/>
        <line num="207" count="0" type="stmt"/>
        <line num="210" count="4" type="stmt"/>
      </file>
      <file name="index.js" path="/sessions/hopeful-wizardly-johnson/mnt/港动人生/住港伴V4-2026-5-21发版/cloudfunctions/ai-chat/index.js">
        <metrics statements="650" coveredstatements="257" conditionals="599" coveredconditionals="194" methods="96" coveredmethods="29"/>
        <line num="30" count="4" type="stmt"/>
        <line num="31" count="4" type="stmt"/>
        <line num="32" count="4" type="stmt"/>
        <line num="33" count="4" type="stmt"/>
        <line num="34" count="4" type="stmt"/>
        <line num="36" count="4" type="stmt"/>
        <line num="37" count="4" type="stmt"/>
        <line num="38" count="4" type="stmt"/>
        <line num="41" count="4" type="stmt"/>
        <line num="42" count="4" type="stmt"/>
        <line num="43" count="4" type="stmt"/>
        <line num="44" count="0" type="stmt"/>
        <line num="45" count="0" type="stmt"/>
        <line num="47" count="4" type="stmt"/>
        <line num="50" count="4" type="stmt"/>
        <line num="51" count="4" type="stmt"/>
        <line num="52" count="4" type="stmt"/>
        <line num="53" count="4" type="stmt"/>
        <line num="56" count="4" type="stmt"/>
        <line num="57" count="4" type="stmt"/>
        <line num="61" count="122" type="cond" truecount="2" falsecount="0"/>
        <line num="62" count="4" type="stmt"/>
        <line num="64" count="122" type="stmt"/>
        <line num="68" count="427" type="cond" truecount="2" falsecount="0"/>
        <line num="69" count="4" type="stmt"/>
        <line num="71" count="427" type="stmt"/>
        <line num="75" count="4" type="stmt"/>
        <line num="85" count="0" type="cond" truecount="0" falsecount="2"/>
        <line num="86" count="0" type="stmt"/>
        <line num="87" count="0" type="stmt"/>
        <line num="88" count="0" type="cond" truecount="0" falsecount="2"/>
        <line num="89" count="0" type="stmt"/>
        <line num="92" count="0" type="stmt"/>
        <line num="96" count="4" type="stmt"/>
        <line num="97" count="4" type="stmt"/>
        <line num="98" count="4" type="stmt"/>
        <line num="102" count="105" type="cond" truecount="1" falsecount="1"/>
        <line num="103" count="105" type="cond" truecount="1" falsecount="1"/>
        <line num="104" count="0" type="stmt"/>
        <line num="105" count="0" type="stmt"/>
        <line num="108" count="105" type="stmt"/>
        <line num="112" count="105" type="stmt"/>
        <line num="113" count="105" type="stmt"/>
        <line num="114" count="105" type="stmt"/>
        <line num="115" count="105" type="stmt"/>
        <line num="116" count="106" type="stmt"/>
        <line num="117" count="106" type="cond" truecount="1" falsecount="1"/>
        <line num="118" count="106" type="cond" truecount="2" falsecount="0"/>
        <line num="119" count="94" type="stmt"/>
        <line num="120" count="255" type="stmt"/>
        <line num="123" count="12" type="stmt"/>
        <line num="126" count="267" type="stmt"/>
        <line num="130" count="4" type="stmt"/>
        <line num="131" count="4" type="stmt"/>
        <line num="134" count="210" type="cond" truecount="1" falsecount="1"/>
        <line num="138" count="105" type="stmt"/>
        <line num="139" count="105" type="stmt"/>
        <line num="140" count="105" type="cond" truecount="2" falsecount="2"/>
        <line num="141" count="0" type="stmt"/>
        <line num="143" count="105" type="stmt"/>
        <line num="147" count="0" type="stmt"/>
        <line num="148" count="0" type="stmt"/>
        <line num="150" count="0" type="stmt"/>
        <line num="151" count="0" type="cond" truecount="0" falsecount="2"/>
        <line num="152" count="0" type="stmt"/>
        <line num="153" count="0" type="stmt"/>
        <line num="155" count="0" type="stmt"/>
        <line num="161" count="0" type="stmt"/>
        <line num="162" count="0" type="stmt"/>
        <line num="163" count="0" type="stmt"/>
        <line num="176" count="0" type="stmt"/>
        <line num="177" count="0" type="stmt"/>
        <line num="178" count="0" type="stmt"/>
        <line num="179" count="0" type="stmt"/>
        <line num="181" count="0" type="stmt"/>
        <line num="182" count="0" type="stmt"/>
        <line num="185" count="0" type="stmt"/>
        <line num="186" count="0" type="stmt"/>
        <line num="190" count="0" type="stmt"/>
        <line num="191" count="0" type="cond" truecount="0" falsecount="2"/>
        <line num="193" count="0" type="stmt"/>
        <line num="194" count="0" type="stmt"/>
        <line num="195" count="0" type="stmt"/>
        <line num="201" count="0" type="cond" truecount="0" falsecount="5"/>
        <line num="202" count="0" type="stmt"/>
        <line num="203" count="0" type="stmt"/>
        <line num="204" count="0" type="stmt"/>
        <line num="205" count="0" type="stmt"/>
        <line num="206" count="0" type="stmt"/>
        <line num="207" count="0" type="stmt"/>
        <line num="208" count="0" type="stmt"/>
        <line num="210" count="0" type="stmt"/>
        <line num="211" count="0" type="cond" truecount="0" falsecount="2"/>
        <line num="217" count="0" type="cond" truecount="0" falsecount="5"/>
        <line num="218" count="0" type="cond" truecount="0" falsecount="4"/>
        <line num="219" count="0" type="stmt"/>
        <line num="220" count="0" type="stmt"/>
        <line num="221" count="0" type="cond" truecount="0" falsecount="5"/>
        <line num="222" count="0" type="stmt"/>
        <line num="224" count="0" type="stmt"/>
        <line num="226" count="0" type="stmt"/>
        <line num="228" count="0" type="stmt"/>
        <line num="231" count="0" type="stmt"/>
        <line num="239" count="0" type="stmt"/>
        <line num="242" count="0" type="stmt"/>
        <line num="243" count="0" type="stmt"/>
        <line num="244" count="0" type="cond" truecount="0" falsecount="4"/>
        <line num="245" count="0" type="stmt"/>
        <line num="246" count="0" type="stmt"/>
        <line num="253" count="0" type="stmt"/>
        <line num="254" count="0" type="stmt"/>
        <line num="255" count="0" type="cond" truecount="0" falsecount="4"/>
        <line num="256" count="0" type="stmt"/>
        <line num="257" count="0" type="stmt"/>
        <line num="258" count="0" type="cond" truecount="0" falsecount="2"/>
        <line num="259" count="0" type="cond" truecount="0" falsecount="2"/>
        <line num="260" count="0" type="stmt"/>
        <line num="262" count="0" type="stmt"/>
        <line num="270" count="0" type="cond" truecount="0" falsecount="2"/>
        <line num="271" count="0" type="stmt"/>
        <line num="272" count="0" type="stmt"/>
        <line num="273" count="0" type="cond" truecount="0" falsecount="4"/>
        <line num="274" count="0" type="stmt"/>
        <line num="275" count="0" type="stmt"/>
        <line num="276" count="0" type="cond" truecount="0" falsecount="2"/>
        <line num="277" count="0" type="cond" truecount="0" falsecount="2"/>
        <line num="278" count="0" type="stmt"/>
        <line num="280" count="0" type="stmt"/>
        <line num="287" count="0" type="stmt"/>
        <line num="288" count="0" type="stmt"/>
        <line num="293" count="0" type="stmt"/>
        <line num="295" count="0" type="cond" truecount="0" falsecount="2"/>
        <line num="296" count="0" type="cond" truecount="0" falsecount="2"/>
        <line num="297" count="0" type="stmt"/>
        <line num="298" count="0" type="stmt"/>
        <line num="299" count="0" type="stmt"/>
        <line num="300" count="0" type="stmt"/>
        <line num="301" count="0" type="cond" truecount="0" falsecount="2"/>
        <line num="302" count="0" type="cond" truecount="0" falsecount="2"/>
        <line num="304" count="0" type="stmt"/>
        <line num="306" count="0" type="stmt"/>
        <line num="311" count="4" type="stmt"/>
        <line num="313" count="0" type="cond" truecount="0" falsecount="2"/>
        <line num="314" count="0" type="cond" truecount="0" falsecount="2"/>
        <line num="315" count="0" type="cond" truecount="0" falsecount="4"/>
        <line num="316" count="0" type="stmt"/>
        <line num="317" count="0" type="stmt"/>
        <line num="324" count="0" type="stmt"/>
        <line num="326" count="0" type="stmt"/>
        <line num="330" count="4" type="stmt"/>
        <line num="331" count="4" type="stmt"/>
        <line num="332" count="4" type="stmt"/>
        <line num="335" count="0" type="cond" truecount="0" falsecount="2"/>
        <line num="339" count="0" type="stmt"/>
        <line num="340" count="0" type="stmt"/>
        <line num="341" count="0" type="cond" truecount="0" falsecount="2"/>
        <line num="342" count="0" type="stmt"/>
        <line num="346" count="0" type="stmt"/>
        <line num="347" count="0" type="stmt"/>
        <line num="348" count="0" type="stmt"/>
        <line num="349" count="0" type="cond" truecount="0" falsecount="2"/>
        <line num="351" count="0" type="stmt"/>
        <line num="352" count="0" type="stmt"/>
        <line num="353" count="0" type="stmt"/>
        <line num="360" count="0" type="stmt"/>
        <line num="361" count="0" type="cond" truecount="0" falsecount="2"/>
        <line num="364" count="0" type="stmt"/>
        <line num="365" count="0" type="cond" truecount="0" falsecount="2"/>
        <line num="366" count="0" type="stmt"/>
        <line num="367" count="0" type="stmt"/>
        <line num="370" count="0" type="stmt"/>
        <line num="372" count="0" type="stmt"/>
        <line num="375" count="0" type="stmt"/>
        <line num="376" count="0" type="stmt"/>
        <line num="380" count="0" type="cond" truecount="0" falsecount="6"/>
        <line num="381" count="0" type="stmt"/>
        <line num="382" count="0" type="stmt"/>
        <line num="383" count="0" type="stmt"/>
        <line num="385" count="0" type="stmt"/>
        <line num="387" count="0" type="stmt"/>
        <line num="388" count="0" type="stmt"/>
        <line num="393" count="105" type="cond" truecount="2" falsecount="0"/>
        <line num="396" count="105" type="cond" truecount="2" falsecount="0"/>
        <line num="397" count="105" type="cond" truecount="2" falsecount="0"/>
        <line num="398" count="105" type="cond" truecount="1" falsecount="1"/>
        <line num="399" count="0" type="stmt"/>
        <line num="400" count="0" type="stmt"/>
        <line num="403" count="105" type="stmt"/>
        <line num="404" count="105" type="stmt"/>
        <line num="407" count="105" type="stmt"/>
        <line num="410" count="105" type="cond" truecount="4" falsecount="0"/>
        <line num="411" count="21" type="stmt"/>
        <line num="412" count="84" type="cond" truecount="2" falsecount="0"/>
        <line num="413" count="1" type="stmt"/>
        <line num="414" count="83" type="cond" truecount="2" falsecount="0"/>
        <line num="415" count="9" type="stmt"/>
        <line num="418" count="105" type="stmt"/>
        <line num="419" count="105" type="stmt"/>
        <line num="420" count="105" type="stmt"/>
        <line num="422" count="105" type="stmt"/>
        <line num="424" count="105" type="cond" truecount="1" falsecount="1"/>
        <line num="425" count="105" type="stmt"/>
        <line num="426" count="105" type="stmt"/>
        <line num="427" count="202" type="stmt"/>
        <line num="428" count="202" type="stmt"/>
        <line num="430" count="70" type="stmt"/>
        <line num="431" count="70" type="stmt"/>
        <line num="445" count="0" type="cond" truecount="0" falsecount="2"/>
        <line num="447" count="105" type="stmt"/>
        <line num="448" count="105" type="stmt"/>
        <line num="451" count="0" type="stmt"/>
        <line num="454" count="48" type="stmt"/>
        <line num="455" count="48" type="stmt"/>
        <line num="458" count="57" type="cond" truecount="1" falsecount="1"/>
        <line num="459" count="57" type="stmt"/>
        <line num="463" count="0" type="stmt"/>
        <line num="464" count="0" type="stmt"/>
        <line num="465" count="0" type="stmt"/>
        <line num="466" count="0" type="cond" truecount="0" falsecount="2"/>
        <line num="467" count="0" type="stmt"/>
        <line num="470" count="0" type="stmt"/>
        <line num="475" count="0" type="cond" truecount="0" falsecount="2"/>
        <line num="476" count="0" type="stmt"/>
        <line num="478" count="0" type="stmt"/>
        <line num="482" count="0" type="stmt"/>
        <line num="483" count="0" type="stmt"/>
        <line num="484" count="0" type="cond" truecount="0" falsecount="2"/>
        <line num="486" count="0" type="stmt"/>
        <line num="489" count="0" type="stmt"/>
        <line num="491" count="0" type="cond" truecount="0" falsecount="2"/>
        <line num="493" count="0" type="stmt"/>
        <line num="496" count="0" type="stmt"/>
        <line num="500" count="0" type="cond" truecount="0" falsecount="2"/>
        <line num="503" count="0" type="stmt"/>
        <line num="505" count="0" type="cond" truecount="0" falsecount="4"/>
        <line num="506" count="0" type="stmt"/>
        <line num="511" count="0" type="stmt"/>
        <line num="512" count="0" type="cond" truecount="0" falsecount="3"/>
        <line num="513" count="0" type="stmt"/>
        <line num="516" count="0" type="stmt"/>
        <line num="519" count="0" type="stmt"/>
        <line num="520" count="0" type="cond" truecount="0" falsecount="2"/>
        <line num="521" count="0" type="stmt"/>
        <line num="522" count="0" type="cond" truecount="0" falsecount="2"/>
        <line num="524" count="0" type="stmt"/>
        <line num="527" count="0" type="stmt"/>
        <line num="533" count="0" type="stmt"/>
        <line num="534" count="0" type="stmt"/>
        <line num="535" count="0" type="stmt"/>
        <line num="536" count="0" type="cond" truecount="0" falsecount="2"/>
        <line num="537" count="0" type="cond" truecount="0" falsecount="2"/>
        <line num="538" count="0" type="cond" truecount="0" falsecount="4"/>
        <line num="539" count="0" type="stmt"/>
        <line num="540" count="0" type="cond" truecount="0" falsecount="2"/>
        <line num="545" count="0" type="cond" truecount="0" falsecount="2"/>
        <line num="550" count="0" type="cond" truecount="0" falsecount="4"/>
        <line num="556" count="0" type="stmt"/>
        <line num="557" count="0" type="stmt"/>
        <line num="565" count="0" type="stmt"/>
        <line num="566" count="0" type="cond" truecount="0" falsecount="2"/>
        <line num="567" count="0" type="cond" truecount="0" falsecount="2"/>
        <line num="572" count="0" type="cond" truecount="0" falsecount="2"/>
        <line num="575" count="0" type="stmt"/>
        <line num="579" count="105" type="stmt"/>
        <line num="588" count="105" type="stmt"/>
        <line num="589" count="105" type="stmt"/>
        <line num="590" count="105" type="stmt"/>
        <line num="591" count="105" type="stmt"/>
        <line num="592" count="105" type="stmt"/>
        <line num="593" count="105" type="stmt"/>
        <line num="600" count="57" type="cond" truecount="3" falsecount="1"/>
        <line num="601" count="0" type="stmt"/>
        <line num="602" count="0" type="stmt"/>
        <line num="604" count="57" type="stmt"/>
        <line num="611" count="105" type="cond" truecount="3" falsecount="0"/>
        <line num="612" count="105" type="cond" truecount="1" falsecount="1"/>
        <line num="613" count="105" type="stmt"/>
        <line num="617" count="0" type="cond" truecount="0" falsecount="2"/>
        <line num="618" count="0" type="cond" truecount="0" falsecount="2"/>
        <line num="621" count="0" type="cond" truecount="0" falsecount="2"/>
        <line num="623" count="0" type="stmt"/>
        <line num="628" count="0" type="cond" truecount="0" falsecount="4"/>
        <line num="629" count="0" type="stmt"/>
        <line num="630" count="0" type="stmt"/>
        <line num="631" count="0" type="cond" truecount="0" falsecount="4"/>
        <line num="632" count="0" type="stmt"/>
        <line num="633" count="0" type="stmt"/>
        <line num="635" count="0" type="stmt"/>
        <line num="636" count="0" type="stmt"/>
        <line num="639" count="0" type="stmt"/>
        <line num="650" count="105" type="stmt"/>
        <line num="653" count="105" type="stmt"/>
        <line num="654" count="105" type="stmt"/>
        <line num="657" count="105" type="stmt"/>
        <line num="660" count="105" type="cond" truecount="2" falsecount="0"/>
        <line num="661" count="105" type="cond" truecount="2" falsecount="0"/>
        <line num="662" count="105" type="cond" truecount="2" falsecount="2"/>
        <line num="663" count="0" type="cond" truecount="0" falsecount="2"/>
        <line num="666" count="105" type="stmt"/>
        <line num="675" count="105" type="cond" truecount="2" falsecount="0"/>
        <line num="676" count="1" type="stmt"/>
        <line num="679" count="105" type="stmt"/>
        <line num="683" count="31" type="stmt"/>
        <line num="685" count="31" type="stmt"/>
        <line num="690" count="105" type="stmt"/>
        <line num="691" count="105" type="cond" truecount="2" falsecount="0"/>
        <line num="692" count="74" type="stmt"/>
        <line num="693" count="74" type="stmt"/>
        <line num="696" count="31" type="stmt"/>
        <line num="697" count="31" type="stmt"/>
        <line num="698" count="31" type="stmt"/>
        <line num="699" count="31" type="stmt"/>
        <line num="702" count="31" type="cond" truecount="1" falsecount="1"/>
        <line num="703" count="31" type="stmt"/>
        <line num="711" count="31" type="stmt"/>
        <line num="713" count="0" type="stmt"/>
        <line num="723" count="31" type="cond" truecount="1" falsecount="1"/>
        <line num="724" count="31" type="stmt"/>
        <line num="725" count="31" type="stmt"/>
        <line num="728" count="0" type="cond" truecount="0" falsecount="2"/>
        <line num="729" count="0" type="stmt"/>
        <line num="732" count="0" type="stmt"/>
        <line num="733" count="0" type="stmt"/>
        <line num="734" count="0" type="stmt"/>
        <line num="736" count="31" type="stmt"/>
        <line num="737" count="31" type="stmt"/>
        <line num="743" count="105" type="cond" truecount="1" falsecount="1"/>
        <line num="744" count="105" type="cond" truecount="3" falsecount="1"/>
        <line num="745" count="0" type="stmt"/>
        <line num="746" count="0" type="stmt"/>
        <line num="748" count="0" type="cond" truecount="0" falsecount="4"/>
        <line num="752" count="0" type="cond" truecount="0" falsecount="2"/>
        <line num="755" count="0" type="stmt"/>
        <line num="756" count="0" type="stmt"/>
        <line num="758" count="105" type="stmt"/>
        <line num="763" count="3" type="cond" truecount="5" falsecount="0"/>
        <line num="766" count="2" type="stmt"/>
        <line num="767" count="2" type="stmt"/>
        <line num="768" count="2" type="cond" truecount="2" falsecount="0"/>
        <line num="769" count="12" type="stmt"/>
        <line num="770" count="12" type="cond" truecount="2" falsecount="0"/>
        <line num="771" count="12" type="stmt"/>
        <line num="775" count="12" type="stmt"/>
        <line num="788" count="0" type="cond" truecount="0" falsecount="5"/>
        <line num="790" count="0" type="cond" truecount="0" falsecount="2"/>
        <line num="793" count="0" type="stmt"/>
        <line num="795" count="0" type="cond" truecount="0" falsecount="2"/>
        <line num="796" count="0" type="stmt"/>
        <line num="800" count="0" type="stmt"/>
        <line num="801" count="0" type="stmt"/>
        <line num="804" count="0" type="stmt"/>
        <line num="805" count="0" type="cond" truecount="0" falsecount="2"/>
        <line num="806" count="0" type="cond" truecount="0" falsecount="2"/>
        <line num="808" count="0" type="stmt"/>
        <line num="810" count="0" type="stmt"/>
        <line num="815" count="0" type="stmt"/>
        <line num="820" count="105" type="cond" truecount="4" falsecount="0"/>
        <line num="823" count="6" type="stmt"/>
        <line num="824" count="6" type="cond" truecount="2" falsecount="0"/>
        <line num="825" count="1" type="stmt"/>
        <line num="835" count="1" type="cond" truecount="1" falsecount="1"/>
        <line num="837" count="6" type="cond" truecount="2" falsecount="0"/>
        <line num="838" count="1" type="stmt"/>
        <line num="844" count="1" type="cond" truecount="1" falsecount="1"/>
        <line num="846" count="6" type="cond" truecount="1" falsecount="1"/>
        <line num="847" count="0" type="stmt"/>
        <line num="849" count="6" type="cond" truecount="1" falsecount="1"/>
        <line num="850" count="0" type="cond" truecount="0" falsecount="2"/>
        <line num="852" count="6" type="cond" truecount="1" falsecount="1"/>
        <line num="853" count="0" type="stmt"/>
        <line num="855" count="6" type="cond" truecount="2" falsecount="0"/>
        <line num="856" count="1" type="stmt"/>
        <line num="858" count="6" type="cond" truecount="1" falsecount="1"/>
        <line num="859" count="0" type="stmt"/>
        <line num="867" count="0" type="cond" truecount="0" falsecount="2"/>
        <line num="870" count="6" type="cond" truecount="2" falsecount="0"/>
        <line num="877" count="105" type="stmt"/>
        <line num="878" count="105" type="stmt"/>
        <line num="879" count="105" type="stmt"/>
        <line num="916" count="7" type="stmt"/>
        <line num="917" count="7" type="stmt"/>
        <line num="918" count="7" type="stmt"/>
        <line num="919" count="7" type="cond" truecount="3" falsecount="0"/>
        <line num="920" count="7" type="cond" truecount="1" falsecount="2"/>
        <line num="921" count="7" type="cond" truecount="1" falsecount="3"/>
        <line num="924" count="7" type="cond" truecount="2" falsecount="0"/>
        <line num="925" count="6" type="stmt"/>
        <line num="930" count="6" type="cond" truecount="4" falsecount="0"/>
        <line num="931" count="2" type="stmt"/>
        <line num="936" count="5" type="stmt"/>
        <line num="945" count="5" type="stmt"/>
        <line num="947" count="0" type="stmt"/>
        <line num="948" count="0" type="stmt"/>
        <line num="954" count="105" type="cond" truecount="1" falsecount="1"/>
        <line num="955" count="105" type="stmt"/>
        <line num="956" count="105" type="stmt"/>
        <line num="957" count="105" type="stmt"/>
        <line num="958" count="57" type="cond" truecount="2" falsecount="0"/>
        <line num="960" count="48" type="stmt"/>
        <line num="961" count="48" type="stmt"/>
        <line num="966" count="4" type="stmt"/>
        <line num="967" count="118" type="stmt"/>
        <line num="970" count="118" type="cond" truecount="2" falsecount="2"/>
        <line num="973" count="118" type="stmt"/>
        <line num="974" count="118" type="stmt"/>
        <line num="975" count="118" type="stmt"/>
        <line num="976" count="30" type="cond" truecount="1" falsecount="1"/>
        <line num="980" count="118" type="cond" truecount="3" falsecount="1"/>
        <line num="981" count="0" type="stmt"/>
        <line num="985" count="118" type="cond" truecount="2" falsecount="0"/>
        <line num="986" count="7" type="stmt"/>
        <line num="989" count="111" type="cond" truecount="2" falsecount="0"/>
        <line num="990" count="111" type="stmt"/>
        <line num="991" count="111" type="cond" truecount="2" falsecount="0"/>
        <line num="992" count="111" type="cond" truecount="2" falsecount="0"/>
        <line num="993" count="111" type="cond" truecount="2" falsecount="0"/>
        <line num="994" count="111" type="stmt"/>
        <line num="997" count="111" type="cond" truecount="5" falsecount="0"/>
        <line num="998" count="6" type="stmt"/>
        <line num="1001" count="105" type="stmt"/>
        <line num="1002" count="105" type="cond" truecount="2" falsecount="0"/>
        <line num="1005" count="105" type="stmt"/>
        <line num="1010" count="105" type="stmt"/>
        <line num="1011" count="315" type="cond" truecount="1" falsecount="1"/>
        <line num="1012" count="0" type="stmt"/>
        <line num="1013" count="0" type="stmt"/>
        <line num="1017" count="105" type="stmt"/>
        <line num="1018" count="105" type="stmt"/>
        <line num="1019" count="105" type="stmt"/>
        <line num="1020" count="105" type="stmt"/>
        <line num="1023" count="105" type="stmt"/>
        <line num="1024" count="105" type="stmt"/>
        <line num="1026" count="105" type="stmt"/>
        <line num="1030" count="105" type="stmt"/>
        <line num="1033" count="105" type="stmt"/>
        <line num="1034" count="105" type="cond" truecount="4" falsecount="0"/>
        <line num="1035" count="63" type="stmt"/>
        <line num="1036" count="63" type="cond" truecount="2" falsecount="0"/>
        <line num="1037" count="22" type="cond" truecount="2" falsecount="0"/>
        <line num="1038" count="22" type="stmt"/>
        <line num="1044" count="105" type="stmt"/>
        <line num="1047" count="0" type="stmt"/>
        <line num="1050" count="105" type="cond" truecount="1" falsecount="1"/>
        <line num="1053" count="105" type="cond" truecount="2" falsecount="2"/>
        <line num="1054" count="105" type="stmt"/>
        <line num="1055" count="105" type="stmt"/>
        <line num="1058" count="105" type="stmt"/>
        <line num="1059" count="105" type="cond" truecount="1" falsecount="1"/>
        <line num="1060" count="0" type="cond" truecount="0" falsecount="2"/>
        <line num="1061" count="0" type="stmt"/>
        <line num="1063" count="0" type="cond" truecount="0" falsecount="2"/>
        <line num="1064" count="0" type="stmt"/>
        <line num="1066" count="0" type="stmt"/>
        <line num="1072" count="105" type="stmt"/>
        <line num="1074" count="105" type="stmt"/>
        <line num="1080" count="105" type="stmt"/>
        <line num="1081" count="105" type="stmt"/>
        <line num="1082" count="105" type="stmt"/>
        <line num="1083" count="105" type="stmt"/>
        <line num="1086" count="105" type="stmt"/>
        <line num="1087" count="40" type="stmt"/>
        <line num="1091" count="105" type="cond" truecount="1" falsecount="1"/>
        <line num="1092" count="0" type="stmt"/>
        <line num="1095" count="0" type="stmt"/>
        <line num="1099" count="105" type="cond" truecount="4" falsecount="0"/>
        <line num="1101" count="105" type="stmt"/>
        <line num="1104" count="105" type="cond" truecount="2" falsecount="0"/>
        <line num="1109" count="105" type="stmt"/>
        <line num="1111" count="105" type="stmt"/>
        <line num="1112" count="105" type="cond" truecount="2" falsecount="0"/>
        <line num="1113" count="105" type="stmt"/>
        <line num="1114" count="12" type="stmt"/>
        <line num="1116" count="105" type="stmt"/>
        <line num="1119" count="105" type="stmt"/>
        <line num="1120" count="105" type="stmt"/>
        <line num="1124" count="105" type="cond" truecount="2" falsecount="2"/>
        <line num="1126" count="0" type="stmt"/>
        <line num="1127" count="0" type="cond" truecount="0" falsecount="5"/>
        <line num="1128" count="0" type="stmt"/>
        <line num="1132" count="0" type="stmt"/>
        <line num="1133" count="0" type="cond" truecount="0" falsecount="2"/>
        <line num="1134" count="0" type="stmt"/>
        <line num="1138" count="0" type="cond" truecount="0" falsecount="2"/>
        <line num="1139" count="0" type="stmt"/>
        <line num="1140" count="0" type="cond" truecount="0" falsecount="2"/>
        <line num="1141" count="0" type="cond" truecount="0" falsecount="2"/>
        <line num="1142" count="0" type="cond" truecount="0" falsecount="2"/>
        <line num="1143" count="0" type="stmt"/>
        <line num="1144" count="0" type="cond" truecount="0" falsecount="2"/>
        <line num="1145" count="0" type="stmt"/>
        <line num="1146" count="0" type="stmt"/>
        <line num="1150" count="0" type="stmt"/>
        <line num="1151" count="0" type="cond" truecount="0" falsecount="2"/>
        <line num="1152" count="0" type="stmt"/>
        <line num="1155" count="0" type="stmt"/>
        <line num="1159" count="0" type="stmt"/>
        <line num="1163" count="0" type="stmt"/>
        <line num="1164" count="0" type="stmt"/>
        <line num="1165" count="0" type="cond" truecount="0" falsecount="4"/>
        <line num="1166" count="0" type="stmt"/>
        <line num="1170" count="0" type="stmt"/>
        <line num="1173" count="0" type="cond" truecount="0" falsecount="2"/>
        <line num="1174" count="0" type="stmt"/>
        <line num="1180" count="0" type="stmt"/>
        <line num="1195" count="0" type="cond" truecount="0" falsecount="2"/>
        <line num="1202" count="105" type="cond" truecount="2" falsecount="2"/>
        <line num="1204" count="0" type="cond" truecount="0" falsecount="4"/>
        <line num="1205" count="0" type="stmt"/>
        <line num="1223" count="0" type="stmt"/>
        <line num="1226" count="105" type="cond" truecount="1" falsecount="1"/>
        <line num="1229" count="105" type="cond" truecount="1" falsecount="1"/>
        <line num="1230" count="105" type="stmt"/>
        <line num="1231" count="105" type="cond" truecount="1" falsecount="1"/>
        <line num="1232" count="0" type="stmt"/>
        <line num="1233" count="0" type="stmt"/>
        <line num="1235" count="105" type="stmt"/>
        <line num="1238" count="105" type="stmt"/>
        <line num="1240" count="105" type="stmt"/>
        <line num="1246" count="0" type="stmt"/>
        <line num="1265" count="105" type="cond" truecount="5" falsecount="0"/>
        <line num="1267" count="1" type="cond" truecount="3" falsecount="0"/>
        <line num="1268" count="1" type="stmt"/>
        <line num="1272" count="105" type="stmt"/>
        <line num="1290" count="0" type="stmt"/>
        <line num="1291" count="0" type="stmt"/>
        <line num="1313" count="0" type="cond" truecount="0" falsecount="2"/>
        <line num="1338" count="0" type="stmt"/>
        <line num="1339" count="0" type="cond" truecount="0" falsecount="4"/>
        <line num="1341" count="0" type="stmt"/>
        <line num="1344" count="0" type="stmt"/>
        <line num="1345" count="0" type="stmt"/>
        <line num="1353" count="0" type="stmt"/>
        <line num="1361" count="0" type="stmt"/>
        <line num="1367" count="0" type="stmt"/>
        <line num="1368" count="0" type="stmt"/>
        <line num="1369" count="0" type="stmt"/>
        <line num="1370" count="0" type="stmt"/>
        <line num="1371" count="0" type="stmt"/>
        <line num="1372" count="0" type="stmt"/>
        <line num="1373" count="0" type="stmt"/>
        <line num="1376" count="0" type="stmt"/>
        <line num="1377" count="0" type="cond" truecount="0" falsecount="2"/>
        <line num="1378" count="0" type="cond" truecount="0" falsecount="2"/>
        <line num="1379" count="0" type="stmt"/>
        <line num="1380" count="0" type="stmt"/>
        <line num="1384" count="0" type="stmt"/>
        <line num="1385" count="0" type="cond" truecount="0" falsecount="2"/>
        <line num="1386" count="0" type="stmt"/>
        <line num="1387" count="0" type="stmt"/>
        <line num="1388" count="0" type="stmt"/>
        <line num="1389" count="0" type="cond" truecount="0" falsecount="2"/>
        <line num="1391" count="0" type="stmt"/>
        <line num="1392" count="0" type="cond" truecount="0" falsecount="2"/>
        <line num="1393" count="0" type="stmt"/>
        <line num="1394" count="0" type="cond" truecount="0" falsecount="2"/>
        <line num="1395" count="0" type="stmt"/>
        <line num="1396" count="0" type="stmt"/>
        <line num="1397" count="0" type="cond" truecount="0" falsecount="2"/>
        <line num="1398" count="0" type="cond" truecount="0" falsecount="2"/>
        <line num="1399" count="0" type="stmt"/>
        <line num="1401" count="0" type="stmt"/>
        <line num="1402" count="0" type="cond" truecount="0" falsecount="2"/>
        <line num="1403" count="0" type="cond" truecount="0" falsecount="2"/>
        <line num="1404" count="0" type="stmt"/>
        <line num="1412" count="0" type="stmt"/>
        <line num="1415" count="0" type="cond" truecount="0" falsecount="2"/>
        <line num="1416" count="0" type="stmt"/>
        <line num="1417" count="0" type="stmt"/>
        <line num="1419" count="0" type="stmt"/>
        <line num="1420" count="0" type="stmt"/>
        <line num="1421" count="0" type="stmt"/>
        <line num="1445" count="0" type="stmt"/>
        <line num="1446" count="0" type="stmt"/>
        <line num="1447" count="0" type="stmt"/>
        <line num="1449" count="0" type="stmt"/>
        <line num="1450" count="0" type="stmt"/>
        <line num="1453" count="0" type="stmt"/>
        <line num="1455" count="0" type="stmt"/>
        <line num="1470" count="0" type="cond" truecount="0" falsecount="2"/>
        <line num="1471" count="0" type="stmt"/>
        <line num="1478" count="0" type="stmt"/>
        <line num="1497" count="0" type="stmt"/>
        <line num="1500" count="0" type="stmt"/>
        <line num="1506" count="0" type="cond" truecount="0" falsecount="4"/>
        <line num="1507" count="0" type="cond" truecount="0" falsecount="2"/>
        <line num="1510" count="0" type="stmt"/>
        <line num="1513" count="0" type="stmt"/>
        <line num="1516" count="0" type="stmt"/>
        <line num="1517" count="0" type="stmt"/>
        <line num="1518" count="0" type="cond" truecount="0" falsecount="2"/>
        <line num="1519" count="0" type="cond" truecount="0" falsecount="4"/>
        <line num="1520" count="0" type="stmt"/>
        <line num="1521" count="0" type="cond" truecount="0" falsecount="4"/>
        <line num="1522" count="0" type="stmt"/>
        <line num="1526" count="0" type="cond" truecount="0" falsecount="2"/>
        <line num="1531" count="0" type="stmt"/>
        <line num="1533" count="0" type="stmt"/>
        <line num="1535" count="0" type="stmt"/>
        <line num="1537" count="0" type="stmt"/>
        <line num="1546" count="4" type="stmt"/>
        <line num="1555" count="0" type="cond" truecount="0" falsecount="2"/>
        <line num="1558" count="0" type="stmt"/>
        <line num="1559" count="0" type="stmt"/>
        <line num="1560" count="0" type="cond" truecount="0" falsecount="2"/>
        <line num="1561" count="0" type="stmt"/>
        <line num="1562" count="0" type="cond" truecount="0" falsecount="2"/>
        <line num="1564" count="0" type="cond" truecount="0" falsecount="2"/>
        <line num="1565" count="0" type="stmt"/>
        <line num="1574" count="111" type="cond" truecount="2" falsecount="0"/>
        <line num="1576" count="111" type="stmt"/>
        <line num="1580" count="4" type="stmt"/>
        <line num="1595" count="0" type="cond" truecount="0" falsecount="2"/>
        <line num="1596" count="0" type="stmt"/>
        <line num="1597" count="0" type="cond" truecount="0" falsecount="2"/>
        <line num="1598" count="0" type="stmt"/>
        <line num="1599" count="0" type="stmt"/>
        <line num="1604" count="4" type="stmt"/>
        <line num="1619" count="0" type="cond" truecount="0" falsecount="2"/>
        <line num="1620" count="0" type="stmt"/>
        <line num="1621" count="0" type="cond" truecount="0" falsecount="2"/>
        <line num="1623" count="0" type="stmt"/>
        <line num="1627" count="0" type="cond" truecount="0" falsecount="2"/>
        <line num="1628" count="0" type="stmt"/>
        <line num="1630" count="0" type="stmt"/>
        <line num="1631" count="0" type="cond" truecount="0" falsecount="4"/>
        <line num="1632" count="0" type="stmt"/>
        <line num="1633" count="0" type="cond" truecount="0" falsecount="5"/>
        <line num="1634" count="0" type="stmt"/>
        <line num="1638" count="0" type="stmt"/>
        <line num="1640" count="0" type="stmt"/>
        <line num="1641" count="0" type="stmt"/>
        <line num="1642" count="0" type="cond" truecount="0" falsecount="2"/>
        <line num="1643" count="0" type="stmt"/>
        <line num="1644" count="0" type="cond" truecount="0" falsecount="5"/>
        <line num="1649" count="0" type="stmt"/>
        <line num="1653" count="0" type="stmt"/>
        <line num="1654" count="0" type="stmt"/>
        <line num="1655" count="0" type="cond" truecount="0" falsecount="2"/>
        <line num="1656" count="0" type="stmt"/>
        <line num="1657" count="0" type="stmt"/>
        <line num="1658" count="0" type="stmt"/>
        <line num="1659" count="0" type="stmt"/>
        <line num="1660" count="0" type="cond" truecount="0" falsecount="4"/>
        <line num="1661" count="0" type="stmt"/>
        <line num="1663" count="0" type="stmt"/>
        <line num="1664" count="0" type="stmt"/>
        <line num="1669" count="1" type="stmt"/>
        <line num="1689" count="1" type="cond" truecount="3" falsecount="1"/>
        <line num="1690" count="6" type="stmt"/>
        <line num="1695" count="0" type="stmt"/>
      </file>
      <file name="memory.js" path="/sessions/hopeful-wizardly-johnson/mnt/港动人生/住港伴V4-2026-5-21发版/cloudfunctions/ai-chat/memory.js">
        <metrics statements="51" coveredstatements="17" conditionals="50" coveredconditionals="14" methods="3" coveredmethods="3"/>
        <line num="25" count="105" type="cond" truecount="2" falsecount="2"/>
        <line num="26" count="105" type="cond" truecount="1" falsecount="1"/>
        <line num="28" count="105" type="stmt"/>
        <line num="29" count="105" type="stmt"/>
        <line num="30" count="105" type="stmt"/>
        <line num="33" count="105" type="cond" truecount="1" falsecount="1"/>
        <line num="34" count="105" type="stmt"/>
        <line num="35" count="0" type="cond" truecount="0" falsecount="2"/>
        <line num="36" count="0" type="stmt"/>
        <line num="39" count="105" type="stmt"/>
        <line num="52" count="35" type="cond" truecount="3" falsecount="1"/>
        <line num="55" count="0" type="stmt"/>
        <line num="56" count="0" type="stmt"/>
        <line num="58" count="0" type="stmt"/>
        <line num="59" count="0" type="stmt"/>
        <line num="60" count="0" type="cond" truecount="0" falsecount="2"/>
        <line num="61" count="0" type="cond" truecount="0" falsecount="2"/>
        <line num="64" count="0" type="cond" truecount="0" falsecount="2"/>
        <line num="65" count="0" type="stmt"/>
        <line num="66" count="0" type="cond" truecount="0" falsecount="2"/>
        <line num="67" count="0" type="stmt"/>
        <line num="68" count="0" type="stmt"/>
        <line num="71" count="0" type="cond" truecount="0" falsecount="2"/>
        <line num="72" count="0" type="stmt"/>
        <line num="73" count="0" type="cond" truecount="0" falsecount="2"/>
        <line num="74" count="0" type="stmt"/>
        <line num="75" count="0" type="stmt"/>
        <line num="80" count="0" type="stmt"/>
        <line num="82" count="70" type="stmt"/>
        <line num="83" count="70" type="stmt"/>
        <line num="97" count="105" type="cond" truecount="3" falsecount="1"/>
        <line num="98" count="105" type="cond" truecount="1" falsecount="1"/>
        <line num="100" count="0" type="cond" truecount="0" falsecount="4"/>
        <line num="101" count="0" type="stmt"/>
        <line num="105" count="0" type="stmt"/>
        <line num="106" count="0" type="stmt"/>
        <line num="107" count="0" type="stmt"/>
        <line num="108" count="0" type="cond" truecount="0" falsecount="4"/>
        <line num="109" count="0" type="stmt"/>
        <line num="114" count="0" type="stmt"/>
        <line num="115" count="0" type="stmt"/>
        <line num="116" count="0" type="stmt"/>
        <line num="117" count="0" type="cond" truecount="0" falsecount="4"/>
        <line num="118" count="0" type="stmt"/>
        <line num="119" count="0" type="cond" truecount="0" falsecount="2"/>
        <line num="120" count="0" type="stmt"/>
        <line num="125" count="0" type="stmt"/>
        <line num="135" count="105" type="cond" truecount="1" falsecount="1"/>
        <line num="136" count="105" type="cond" truecount="2" falsecount="0"/>
        <line num="137" count="1" type="stmt"/>
        <line num="140" count="4" type="stmt"/>
      </file>
      <file name="profile-builder.js" path="/sessions/hopeful-wizardly-johnson/mnt/港动人生/住港伴V4-2026-5-21发版/cloudfunctions/ai-chat/profile-builder.js">
        <metrics statements="68" coveredstatements="48" conditionals="66" coveredconditionals="40" methods="12" coveredmethods="10"/>
        <line num="18" count="4" type="stmt"/>
        <line num="21" count="4" type="stmt"/>
        <line num="23" count="8" type="cond" truecount="2" falsecount="0"/>
        <line num="24" count="1" type="stmt"/>
        <line num="26" count="8" type="stmt"/>
        <line num="30" count="8" type="stmt"/>
        <line num="34" count="4" type="stmt"/>
        <line num="35" count="4" type="stmt"/>
        <line num="38" count="22" type="stmt"/>
        <line num="39" count="22" type="cond" truecount="4" falsecount="0"/>
        <line num="40" count="20" type="stmt"/>
        <line num="42" count="2" type="stmt"/>
        <line num="47" count="2" type="cond" truecount="4" falsecount="0"/>
        <line num="49" count="1" type="stmt"/>
        <line num="52" count="1" type="stmt"/>
        <line num="53" count="1" type="cond" truecount="1" falsecount="1"/>
        <line num="54" count="0" type="stmt"/>
        <line num="55" count="0" type="stmt"/>
        <line num="57" count="0" type="stmt"/>
        <line num="58" count="0" type="stmt"/>
        <line num="70" count="2" type="stmt"/>
        <line num="71" count="2" type="stmt"/>
        <line num="72" count="2" type="cond" truecount="3" falsecount="1"/>
        <line num="73" count="0" type="stmt"/>
        <line num="75" count="0" type="stmt"/>
        <line num="89" count="2" type="stmt"/>
        <line num="91" count="2" type="stmt"/>
        <line num="97" count="2" type="cond" truecount="3" falsecount="1"/>
        <line num="98" count="0" type="stmt"/>
        <line num="100" count="0" type="stmt"/>
        <line num="106" count="0" type="cond" truecount="0" falsecount="4"/>
        <line num="107" count="0" type="stmt"/>
        <line num="108" count="0" type="cond" truecount="0" falsecount="2"/>
        <line num="109" count="0" type="stmt"/>
        <line num="110" count="0" type="stmt"/>
        <line num="115" count="0" type="cond" truecount="0" falsecount="5"/>
        <line num="116" count="0" type="stmt"/>
        <line num="117" count="0" type="stmt"/>
        <line num="120" count="0" type="stmt"/>
        <line num="128" count="2" type="stmt"/>
        <line num="129" count="2" type="stmt"/>
        <line num="140" count="2" type="cond" truecount="3" falsecount="1"/>
        <line num="142" count="2" type="stmt"/>
        <line num="153" count="2" type="cond" truecount="3" falsecount="1"/>
        <line num="154" count="0" type="stmt"/>
        <line num="155" count="0" type="stmt"/>
        <line num="167" count="2" type="stmt"/>
        <line num="168" count="2" type="stmt"/>
        <line num="174" count="2" type="cond" truecount="4" falsecount="0"/>
        <line num="175" count="1" type="stmt"/>
        <line num="176" count="1" type="stmt"/>
        <line num="194" count="107" type="cond" truecount="2" falsecount="0"/>
        <line num="195" count="85" type="stmt"/>
        <line num="199" count="22" type="stmt"/>
        <line num="200" count="22" type="cond" truecount="2" falsecount="0"/>
        <line num="201" count="20" type="stmt"/>
        <line num="202" count="20" type="stmt"/>
        <line num="205" count="2" type="stmt"/>
        <line num="208" count="2" type="stmt"/>
        <line num="215" count="2" type="stmt"/>
        <line num="224" count="2" type="stmt"/>
        <line num="225" count="2" type="stmt"/>
        <line num="226" count="8" type="cond" truecount="1" falsecount="1"/>
        <line num="227" count="0" type="stmt"/>
        <line num="235" count="2" type="cond" truecount="4" falsecount="0"/>
        <line num="238" count="2" type="stmt"/>
        <line num="240" count="2" type="stmt"/>
        <line num="243" count="4" type="stmt"/>
      </file>
      <file name="prompts.js" path="/sessions/hopeful-wizardly-johnson/mnt/港动人生/住港伴V4-2026-5-21发版/cloudfunctions/ai-chat/prompts.js">
        <metrics statements="83" coveredstatements="76" conditionals="65" coveredconditionals="50" methods="10" coveredmethods="10"/>
        <line num="12" count="4" type="stmt"/>
        <line num="22" count="4" type="stmt"/>
        <line num="38" count="4" type="stmt"/>
        <line num="49" count="4" type="stmt"/>
        <line num="56" count="4" type="stmt"/>
        <line num="66" count="4" type="stmt"/>
        <line num="75" count="4" type="stmt"/>
        <line num="92" count="4" type="stmt"/>
        <line num="98" count="17" type="stmt"/>
        <line num="123" count="84" type="stmt"/>
        <line num="159" count="52" type="stmt"/>
        <line num="185" count="23" type="stmt"/>
        <line num="218" count="105" type="cond" truecount="4" falsecount="0"/>
        <line num="219" count="6" type="stmt"/>
        <line num="220" count="6" type="stmt"/>
        <line num="221" count="6" type="stmt"/>
        <line num="222" count="6" type="stmt"/>
        <line num="223" count="6" type="stmt"/>
        <line num="224" count="6" type="stmt"/>
        <line num="225" count="6" type="stmt"/>
        <line num="226" count="6" type="stmt"/>
        <line num="227" count="6" type="stmt"/>
        <line num="230" count="6" type="stmt"/>
        <line num="231" count="6" type="cond" truecount="2" falsecount="0"/>
        <line num="232" count="1" type="stmt"/>
        <line num="238" count="1" type="cond" truecount="1" falsecount="1"/>
        <line num="240" count="6" type="cond" truecount="2" falsecount="0"/>
        <line num="241" count="1" type="stmt"/>
        <line num="251" count="1" type="cond" truecount="1" falsecount="1"/>
        <line num="253" count="6" type="cond" truecount="1" falsecount="1"/>
        <line num="254" count="6" type="cond" truecount="2" falsecount="0"/>
        <line num="255" count="1" type="stmt"/>
        <line num="256" count="1" type="stmt"/>
        <line num="257" count="1" type="stmt"/>
        <line num="262" count="6" type="cond" truecount="2" falsecount="2"/>
        <line num="263" count="0" type="stmt"/>
        <line num="264" count="0" type="stmt"/>
        <line num="268" count="6" type="cond" truecount="2" falsecount="2"/>
        <line num="269" count="0" type="stmt"/>
        <line num="270" count="0" type="stmt"/>
        <line num="274" count="6" type="stmt"/>
        <line num="282" count="6" type="cond" truecount="1" falsecount="1"/>
        <line num="283" count="0" type="stmt"/>
        <line num="284" count="0" type="cond" truecount="0" falsecount="2"/>
        <line num="287" count="6" type="stmt"/>
        <line num="292" count="105" type="cond" truecount="4" falsecount="0"/>
        <line num="293" count="2" type="stmt"/>
        <line num="294" count="15" type="stmt"/>
        <line num="297" count="2" type="stmt"/>
        <line num="298" count="9" type="cond" truecount="1" falsecount="1"/>
        <line num="300" count="2" type="cond" truecount="1" falsecount="1"/>
        <line num="301" count="2" type="stmt"/>
        <line num="303" count="2" type="stmt"/>
        <line num="304" count="2" type="stmt"/>
        <line num="305" count="2" type="stmt"/>
        <line num="311" count="2" type="cond" truecount="2" falsecount="0"/>
        <line num="312" count="1" type="stmt"/>
        <line num="314" count="2" type="stmt"/>
        <line num="319" count="176" type="stmt"/>
        <line num="326" count="176" type="cond" truecount="5" falsecount="0"/>
        <line num="328" count="17" type="stmt"/>
        <line num="329" count="17" type="stmt"/>
        <line num="331" count="84" type="stmt"/>
        <line num="332" count="84" type="stmt"/>
        <line num="334" count="23" type="stmt"/>
        <line num="335" count="23" type="stmt"/>
        <line num="338" count="52" type="stmt"/>
        <line num="339" count="52" type="stmt"/>
        <line num="341" count="176" type="stmt"/>
        <line num="342" count="176" type="cond" truecount="2" falsecount="0"/>
        <line num="343" count="105" type="stmt"/>
        <line num="346" count="176" type="stmt"/>
        <line num="347" count="176" type="stmt"/>
        <line num="351" count="4" type="stmt"/>
        <line num="362" count="105" type="cond" truecount="1" falsecount="1"/>
        <line num="363" count="105" type="cond" truecount="4" falsecount="0"/>
        <line num="364" count="105" type="cond" truecount="2" falsecount="0"/>
        <line num="366" count="105" type="cond" truecount="4" falsecount="0"/>
        <line num="367" count="1" type="stmt"/>
        <line num="369" count="105" type="cond" truecount="3" falsecount="1"/>
        <line num="370" count="0" type="stmt"/>
        <line num="373" count="105" type="cond" truecount="2" falsecount="0"/>
        <line num="381" count="4" type="stmt"/>
      </file>
    </package>
  </project>
</coverage>
