<?xml version="1.0" encoding="UTF-8"?>
<coverage generated="1779883627809" clover="3.2.0">
  <project timestamp="1779883627809" name="All files">
    <metrics statements="47" coveredstatements="47" conditionals="47" coveredconditionals="33" methods="12" coveredmethods="10" elements="106" coveredelements="90" complexity="0" loc="47" ncloc="47" packages="1" files="1" classes="1"/>
    <file name="_cf-error.js" path="/Users/chillment/Downloads/港动人生/住港伴V4-2026-5-21发版/cloudfunctions/invite-code/_cf-error.js">
      <metrics statements="47" coveredstatements="47" conditionals="47" coveredconditionals="33" methods="12" coveredmethods="10"/>
      <line num="11" count="9" type="stmt"/>
      <line num="13" count="9" type="cond" truecount="2" falsecount="0"/>
      <line num="14" count="9" type="stmt"/>
      <line num="15" count="9" type="stmt"/>
      <line num="17" count="9" type="stmt"/>
      <line num="20" count="23" type="cond" truecount="2" falsecount="2"/>
      <line num="21" count="23" type="stmt"/>
      <line num="22" count="23" type="cond" truecount="1" falsecount="1"/>
      <line num="26" count="23" type="stmt"/>
      <line num="27" count="23" type="cond" truecount="4" falsecount="0"/>
      <line num="28" count="21" type="stmt"/>
      <line num="29" count="21" type="stmt"/>
      <line num="33" count="23" type="cond" truecount="2" falsecount="2"/>
      <line num="34" count="23" type="cond" truecount="2" falsecount="0"/>
      <line num="35" count="22" type="stmt"/>
      <line num="39" count="21" type="cond" truecount="2" falsecount="0"/>
      <line num="40" count="14" type="stmt"/>
      <line num="41" count="14" type="stmt"/>
      <line num="43" count="7" type="stmt"/>
      <line num="44" count="7" type="stmt"/>
      <line num="45" count="7" type="stmt"/>
      <line num="46" count="6" type="cond" truecount="2" falsecount="0"/>
      <line num="47" count="6" type="stmt"/>
      <line num="49" count="6" type="stmt"/>
      <line num="57" count="6" type="stmt"/>
      <line num="58" count="6" type="stmt"/>
      <line num="61" count="1" type="stmt"/>
      <line num="62" count="6" type="stmt"/>
      <line num="63" count="1" type="stmt"/>
      <line num="64" count="1" type="stmt"/>
      <line num="65" count="1" type="stmt"/>
      <line num="67" count="6" type="stmt"/>
      <line num="68" count="6" type="stmt"/>
      <line num="74" count="22" type="stmt"/>
      <line num="75" count="22" type="stmt"/>
      <line num="88" count="1" type="stmt"/>
      <line num="93" count="23" type="cond" truecount="2" falsecount="2"/>
      <line num="94" count="23" type="cond" truecount="2" falsecount="1"/>
      <line num="95" count="23" type="stmt"/>
      <line num="96" count="23" type="stmt"/>
      <line num="97" count="23" type="stmt"/>
      <line num="99" count="23" type="cond" truecount="2" falsecount="0"/>
      <line num="100" count="22" type="stmt"/>
      <line num="102" count="1" type="stmt"/>
      <line num="105" count="23" type="cond" truecount="2" falsecount="0"/>
      <line num="106" count="21" type="stmt"/>
      <line num="110" count="9" type="stmt"/>
    </file>
  </project>
</coverage>
