{"/sessions/hopeful-wizardly-johnson/mnt/港动人生/住港伴V4-2026-5-21发版/cloudfunctions/admin-ai-quality/index.js": {"path":"/sessions/hopeful-wizardly-johnson/mnt/港动人生/住港伴V4-2026-5-21发版/cloudfunctions/admin-ai-quality/index.js","statementMap":{"0":{"start":{"line":3,"column":18},"end":{"line":3,"column":48}},"1":{"start":{"line":4,"column":15},"end":{"line":4,"column":32}},"2":{"start":{"line":5,"column":12},"end":{"line":5,"column":66}},"3":{"start":{"line":6,"column":11},"end":{"line":6,"column":25}},"4":{"start":{"line":7,"column":10},"end":{"line":7,"column":20}},"5":{"start":{"line":10,"column":2},"end":{"line":10,"column":69}},"6":{"start":{"line":13,"column":2},"end":{"line":16,"column":41}},"7":{"start":{"line":21,"column":2},"end":{"line":21,"column":27}},"8":{"start":{"line":21,"column":15},"end":{"line":21,"column":27}},"9":{"start":{"line":22,"column":13},"end":{"line":22,"column":27}},"10":{"start":{"line":23,"column":14},"end":{"line":23,"column":107}},"11":{"start":{"line":24,"column":2},"end":{"line":24,"column":46}},"12":{"start":{"line":29,"column":2},"end":{"line":38,"column":16}},"13":{"start":{"line":30,"column":4},"end":{"line":37,"column":7}},"14":{"start":{"line":42,"column":25},"end":{"line":46,"column":1}},"15":{"start":{"line":47,"column":25},"end":{"line":47,"column":61}},"16":{"start":{"line":50,"column":2},"end":{"line":52,"column":3}},"17":{"start":{"line":51,"column":4},"end":{"line":51,"column":66}},"18":{"start":{"line":51,"column":22},"end":{"line":51,"column":66}},"19":{"start":{"line":53,"column":2},"end":{"line":55,"column":3}},"20":{"start":{"line":54,"column":4},"end":{"line":54,"column":76}},"21":{"start":{"line":54,"column":22},"end":{"line":54,"column":76}},"22":{"start":{"line":56,"column":2},"end":{"line":56,"column":24}},"23":{"start":{"line":60,"column":23},"end":{"line":60,"column":105}},"24":{"start":{"line":62,"column":21},"end":{"line":62,"column":54}},"25":{"start":{"line":63,"column":2},"end":{"line":63,"column":120}},"26":{"start":{"line":63,"column":44},"end":{"line":63,"column":120}},"27":{"start":{"line":64,"column":2},"end":{"line":64,"column":25}},"28":{"start":{"line":69,"column":15},"end":{"line":69,"column":26}},"29":{"start":{"line":70,"column":40},"end":{"line":77,"column":4}},"30":{"start":{"line":78,"column":18},"end":{"line":78,"column":19}},"31":{"start":{"line":79,"column":20},"end":{"line":79,"column":21}},"32":{"start":{"line":80,"column":2},"end":{"line":82,"column":5}},"33":{"start":{"line":81,"column":4},"end":{"line":81,"column":54}},"34":{"start":{"line":83,"column":2},"end":{"line":83,"column":69}},"35":{"start":{"line":84,"column":2},"end":{"line":87,"column":4}},"36":{"start":{"line":91,"column":16},"end":{"line":95,"column":10}},"37":{"start":{"line":96,"column":16},"end":{"line":96,"column":18}},"38":{"start":{"line":97,"column":2},"end":{"line":102,"column":5}},"39":{"start":{"line":98,"column":14},"end":{"line":98,"column":57}},"40":{"start":{"line":99,"column":4},"end":{"line":99,"column":55}},"41":{"start":{"line":99,"column":19},"end":{"line":99,"column":55}},"42":{"start":{"line":100,"column":4},"end":{"line":100,"column":39}},"43":{"start":{"line":101,"column":4},"end":{"line":101,"column":21}},"44":{"start":{"line":103,"column":16},"end":{"line":107,"column":5}},"45":{"start":{"line":103,"column":58},"end":{"line":107,"column":3}},"46":{"start":{"line":105,"column":54},"end":{"line":105,"column":59}},"47":{"start":{"line":108,"column":2},"end":{"line":108,"column":34}},"48":{"start":{"line":112,"column":15},"end":{"line":112,"column":101}},"49":{"start":{"line":113,"column":18},"end":{"line":113,"column":20}},"50":{"start":{"line":114,"column":2},"end":{"line":117,"column":5}},"51":{"start":{"line":115,"column":14},"end":{"line":115,"column":50}},"52":{"start":{"line":116,"column":4},"end":{"line":116,"column":46}},"53":{"start":{"line":116,"column":11},"end":{"line":116,"column":46}},"54":{"start":{"line":118,"column":14},"end":{"line":121,"column":46}},"55":{"start":{"line":119,"column":20},"end":{"line":119,"column":31}},"56":{"start":{"line":121,"column":22},"end":{"line":121,"column":44}},"57":{"start":{"line":122,"column":2},"end":{"line":122,"column":32}},"58":{"start":{"line":126,"column":15},"end":{"line":131,"column":10}},"59":{"start":{"line":132,"column":2},"end":{"line":139,"column":4}},"60":{"start":{"line":134,"column":40},"end":{"line":138,"column":5}},"61":{"start":{"line":146,"column":15},"end":{"line":146,"column":39}},"62":{"start":{"line":147,"column":19},"end":{"line":147,"column":62}},"63":{"start":{"line":149,"column":16},"end":{"line":149,"column":18}},"64":{"start":{"line":150,"column":2},"end":{"line":150,"column":37}},"65":{"start":{"line":150,"column":15},"end":{"line":150,"column":37}},"66":{"start":{"line":151,"column":2},"end":{"line":155,"column":3}},"67":{"start":{"line":152,"column":4},"end":{"line":152,"column":25}},"68":{"start":{"line":153,"column":4},"end":{"line":153,"column":77}},"69":{"start":{"line":153,"column":20},"end":{"line":153,"column":77}},"70":{"start":{"line":154,"column":4},"end":{"line":154,"column":87}},"71":{"start":{"line":154,"column":18},"end":{"line":154,"column":87}},"72":{"start":{"line":157,"column":22},"end":{"line":160,"column":12}},"73":{"start":{"line":161,"column":15},"end":{"line":167,"column":10}},"74":{"start":{"line":169,"column":14},"end":{"line":169,"column":41}},"75":{"start":{"line":169,"column":35},"end":{"line":169,"column":40}},"76":{"start":{"line":170,"column":18},"end":{"line":170,"column":79}},"77":{"start":{"line":170,"column":51},"end":{"line":170,"column":60}},"78":{"start":{"line":172,"column":30},"end":{"line":185,"column":4}},"79":{"start":{"line":187,"column":20},"end":{"line":187,"column":22}},"80":{"start":{"line":188,"column":2},"end":{"line":190,"column":5}},"81":{"start":{"line":189,"column":4},"end":{"line":189,"column":37}},"82":{"start":{"line":191,"column":21},"end":{"line":191,"column":23}},"83":{"start":{"line":192,"column":2},"end":{"line":194,"column":5}},"84":{"start":{"line":193,"column":4},"end":{"line":193,"column":30}},"85":{"start":{"line":196,"column":21},"end":{"line":211,"column":4}},"86":{"start":{"line":197,"column":19},"end":{"line":197,"column":35}},"87":{"start":{"line":198,"column":4},"end":{"line":210,"column":6}},"88":{"start":{"line":214,"column":2},"end":{"line":214,"column":89}},"89":{"start":{"line":214,"column":18},"end":{"line":214,"column":89}},"90":{"start":{"line":214,"column":60},"end":{"line":214,"column":87}},"91":{"start":{"line":215,"column":2},"end":{"line":215,"column":91}},"92":{"start":{"line":215,"column":17},"end":{"line":215,"column":91}},"93":{"start":{"line":215,"column":59},"end":{"line":215,"column":89}},"94":{"start":{"line":216,"column":2},"end":{"line":216,"column":100}},"95":{"start":{"line":216,"column":22},"end":{"line":216,"column":100}},"96":{"start":{"line":216,"column":64},"end":{"line":216,"column":98}},"97":{"start":{"line":218,"column":2},"end":{"line":218,"column":95}},"98":{"start":{"line":223,"column":29},"end":{"line":223,"column":30}},"99":{"start":{"line":224,"column":2},"end":{"line":224,"column":70}},"100":{"start":{"line":224,"column":23},"end":{"line":224,"column":70}},"101":{"start":{"line":226,"column":14},"end":{"line":226,"column":80}},"102":{"start":{"line":227,"column":2},"end":{"line":227,"column":59}},"103":{"start":{"line":227,"column":24},"end":{"line":227,"column":59}},"104":{"start":{"line":228,"column":14},"end":{"line":228,"column":25}},"105":{"start":{"line":230,"column":49},"end":{"line":238,"column":4}},"106":{"start":{"line":240,"column":19},"end":{"line":249,"column":3}},"107":{"start":{"line":251,"column":2},"end":{"line":279,"column":4}},"108":{"start":{"line":284,"column":63},"end":{"line":284,"column":64}},"109":{"start":{"line":285,"column":2},"end":{"line":285,"column":82}},"110":{"start":{"line":285,"column":46},"end":{"line":285,"column":82}},"111":{"start":{"line":287,"column":61},"end":{"line":287,"column":67}},"112":{"start":{"line":288,"column":2},"end":{"line":290,"column":3}},"113":{"start":{"line":288,"column":67},"end":{"line":288,"column":81}},"114":{"start":{"line":289,"column":4},"end":{"line":289,"column":51}},"115":{"start":{"line":292,"column":21},"end":{"line":292,"column":70}},"116":{"start":{"line":293,"column":21},"end":{"line":293,"column":57}},"117":{"start":{"line":294,"column":2},"end":{"line":299,"column":3}},"118":{"start":{"line":295,"column":4},"end":{"line":298,"column":6}},"119":{"start":{"line":301,"column":14},"end":{"line":301,"column":80}},"120":{"start":{"line":302,"column":2},"end":{"line":302,"column":59}},"121":{"start":{"line":302,"column":24},"end":{"line":302,"column":59}},"122":{"start":{"line":304,"column":19},"end":{"line":308,"column":10}},"123":{"start":{"line":309,"column":2},"end":{"line":309,"column":67}},"124":{"start":{"line":309,"column":28},"end":{"line":309,"column":67}},"125":{"start":{"line":311,"column":17},"end":{"line":320,"column":4}},"126":{"start":{"line":322,"column":2},"end":{"line":328,"column":7}},"127":{"start":{"line":330,"column":2},"end":{"line":336,"column":4}},"128":{"start":{"line":337,"column":2},"end":{"line":337,"column":77}},"129":{"start":{"line":342,"column":82},"end":{"line":342,"column":83}},"130":{"start":{"line":343,"column":2},"end":{"line":343,"column":77}},"131":{"start":{"line":343,"column":41},"end":{"line":343,"column":77}},"132":{"start":{"line":344,"column":2},"end":{"line":344,"column":75}},"133":{"start":{"line":344,"column":35},"end":{"line":344,"column":75}},"134":{"start":{"line":346,"column":15},"end":{"line":346,"column":44}},"135":{"start":{"line":347,"column":2},"end":{"line":347,"column":57}},"136":{"start":{"line":347,"column":18},"end":{"line":347,"column":57}},"137":{"start":{"line":349,"column":17},"end":{"line":352,"column":10}},"138":{"start":{"line":353,"column":2},"end":{"line":353,"column":62}},"139":{"start":{"line":353,"column":27},"end":{"line":353,"column":62}},"140":{"start":{"line":354,"column":2},"end":{"line":356,"column":3}},"141":{"start":{"line":355,"column":4},"end":{"line":355,"column":54}},"142":{"start":{"line":358,"column":18},"end":{"line":362,"column":10}},"143":{"start":{"line":363,"column":2},"end":{"line":363,"column":70}},"144":{"start":{"line":363,"column":27},"end":{"line":363,"column":70}},"145":{"start":{"line":365,"column":17},"end":{"line":365,"column":83}},"146":{"start":{"line":366,"column":14},"end":{"line":366,"column":34}},"147":{"start":{"line":368,"column":17},"end":{"line":379,"column":4}},"148":{"start":{"line":381,"column":2},"end":{"line":387,"column":4}},"149":{"start":{"line":388,"column":2},"end":{"line":388,"column":75}},"150":{"start":{"line":393,"column":27},"end":{"line":393,"column":28}},"151":{"start":{"line":394,"column":2},"end":{"line":394,"column":66}},"152":{"start":{"line":394,"column":21},"end":{"line":394,"column":66}},"153":{"start":{"line":395,"column":2},"end":{"line":395,"column":86}},"154":{"start":{"line":395,"column":51},"end":{"line":395,"column":86}},"155":{"start":{"line":397,"column":15},"end":{"line":397,"column":86}},"156":{"start":{"line":398,"column":2},"end":{"line":398,"column":62}},"157":{"start":{"line":398,"column":25},"end":{"line":398,"column":62}},"158":{"start":{"line":399,"column":2},"end":{"line":399,"column":79}},"159":{"start":{"line":399,"column":41},"end":{"line":399,"column":79}},"160":{"start":{"line":401,"column":2},"end":{"line":405,"column":5}},"161":{"start":{"line":406,"column":2},"end":{"line":409,"column":5}},"162":{"start":{"line":410,"column":2},"end":{"line":410,"column":104}},"163":{"start":{"line":411,"column":2},"end":{"line":411,"column":51}},"164":{"start":{"line":416,"column":15},"end":{"line":416,"column":26}},"165":{"start":{"line":417,"column":16},"end":{"line":417,"column":54}},"166":{"start":{"line":418,"column":14},"end":{"line":418,"column":48}},"167":{"start":{"line":419,"column":16},"end":{"line":419,"column":54}},"168":{"start":{"line":420,"column":16},"end":{"line":420,"column":68}},"169":{"start":{"line":421,"column":2},"end":{"line":435,"column":4}},"170":{"start":{"line":440,"column":15},"end":{"line":440,"column":26}},"171":{"start":{"line":441,"column":16},"end":{"line":441,"column":54}},"172":{"start":{"line":442,"column":14},"end":{"line":442,"column":48}},"173":{"start":{"line":443,"column":16},"end":{"line":443,"column":69}},"174":{"start":{"line":444,"column":19},"end":{"line":444,"column":21}},"175":{"start":{"line":445,"column":2},"end":{"line":449,"column":3}},"176":{"start":{"line":445,"column":15},"end":{"line":445,"column":16}},"177":{"start":{"line":446,"column":14},"end":{"line":446,"column":22}},"178":{"start":{"line":447,"column":16},"end":{"line":447,"column":77}},"179":{"start":{"line":448,"column":4},"end":{"line":448,"column":74}},"180":{"start":{"line":450,"column":2},"end":{"line":450,"column":76}},"181":{"start":{"line":455,"column":15},"end":{"line":455,"column":26}},"182":{"start":{"line":456,"column":16},"end":{"line":456,"column":54}},"183":{"start":{"line":457,"column":13},"end":{"line":457,"column":51}},"184":{"start":{"line":458,"column":16},"end":{"line":458,"column":67}},"185":{"start":{"line":459,"column":21},"end":{"line":459,"column":96}},"186":{"start":{"line":460,"column":17},"end":{"line":460,"column":88}},"187":{"start":{"line":461,"column":2},"end":{"line":472,"column":4}},"188":{"start":{"line":477,"column":35},"end":{"line":477,"column":36}},"189":{"start":{"line":478,"column":2},"end":{"line":478,"column":84}},"190":{"start":{"line":478,"column":32},"end":{"line":478,"column":84}},"191":{"start":{"line":479,"column":2},"end":{"line":479,"column":86}},"192":{"start":{"line":479,"column":51},"end":{"line":479,"column":86}},"193":{"start":{"line":481,"column":15},"end":{"line":481,"column":86}},"194":{"start":{"line":482,"column":2},"end":{"line":482,"column":62}},"195":{"start":{"line":482,"column":25},"end":{"line":482,"column":62}},"196":{"start":{"line":483,"column":2},"end":{"line":483,"column":79}},"197":{"start":{"line":483,"column":41},"end":{"line":483,"column":79}},"198":{"start":{"line":485,"column":2},"end":{"line":493,"column":7}},"199":{"start":{"line":494,"column":2},"end":{"line":494,"column":115}},"200":{"start":{"line":495,"column":2},"end":{"line":501,"column":4}},"201":{"start":{"line":502,"column":2},"end":{"line":502,"column":51}},"202":{"start":{"line":506,"column":0},"end":{"line":553,"column":2}},"203":{"start":{"line":507,"column":13},"end":{"line":507,"column":18}},"204":{"start":{"line":508,"column":2},"end":{"line":512,"column":3}},"205":{"start":{"line":509,"column":4},"end":{"line":511,"column":18}},"206":{"start":{"line":510,"column":6},"end":{"line":510,"column":36}},"207":{"start":{"line":513,"column":43},"end":{"line":513,"column":47}},"208":{"start":{"line":515,"column":16},"end":{"line":515,"column":45}},"209":{"start":{"line":516,"column":2},"end":{"line":516,"column":55}},"210":{"start":{"line":516,"column":14},"end":{"line":516,"column":55}},"211":{"start":{"line":518,"column":2},"end":{"line":552,"column":3}},"212":{"start":{"line":519,"column":4},"end":{"line":549,"column":5}},"213":{"start":{"line":521,"column":8},"end":{"line":521,"column":35}},"214":{"start":{"line":523,"column":8},"end":{"line":523,"column":37}},"215":{"start":{"line":525,"column":8},"end":{"line":525,"column":34}},"216":{"start":{"line":527,"column":8},"end":{"line":527,"column":36}},"217":{"start":{"line":529,"column":8},"end":{"line":529,"column":41}},"218":{"start":{"line":531,"column":8},"end":{"line":531,"column":45}},"219":{"start":{"line":533,"column":8},"end":{"line":533,"column":43}},"220":{"start":{"line":535,"column":8},"end":{"line":535,"column":47}},"221":{"start":{"line":537,"column":8},"end":{"line":537,"column":48}},"222":{"start":{"line":539,"column":8},"end":{"line":539,"column":47}},"223":{"start":{"line":542,"column":8},"end":{"line":542,"column":42}},"224":{"start":{"line":544,"column":8},"end":{"line":544,"column":40}},"225":{"start":{"line":546,"column":8},"end":{"line":546,"column":36}},"226":{"start":{"line":548,"column":8},"end":{"line":548,"column":53}},"227":{"start":{"line":551,"column":4},"end":{"line":551,"column":43}}},"fnMap":{"0":{"name":"sha256","decl":{"start":{"line":9,"column":9},"end":{"line":9,"column":15}},"loc":{"start":{"line":9,"column":19},"end":{"line":11,"column":1}},"line":9},"1":{"name":"sanitize","decl":{"start":{"line":12,"column":9},"end":{"line":12,"column":17}},"loc":{"start":{"line":12,"column":21},"end":{"line":17,"column":1}},"line":12},"2":{"name":"validateApiKey","decl":{"start":{"line":20,"column":15},"end":{"line":20,"column":29}},"loc":{"start":{"line":20,"column":38},"end":{"line":25,"column":1}},"line":20},"3":{"name":"auditLog","decl":{"start":{"line":28,"column":15},"end":{"line":28,"column":23}},"loc":{"start":{"line":28,"column":72},"end":{"line":39,"column":1}},"line":28},"4":{"name":"complianceScan","decl":{"start":{"line":49,"column":9},"end":{"line":49,"column":23}},"loc":{"start":{"line":49,"column":30},"end":{"line":57,"column":1}},"line":49},"5":{"name":"validateOverall","decl":{"start":{"line":61,"column":9},"end":{"line":61,"column":24}},"loc":{"start":{"line":61,"column":46},"end":{"line":65,"column":1}},"line":61},"6":{"name":"aiDashboard","decl":{"start":{"line":68,"column":15},"end":{"line":68,"column":26}},"loc":{"start":{"line":68,"column":30},"end":{"line":88,"column":1}},"line":68},"7":{"name":"(anonymous_7)","decl":{"start":{"line":80,"column":31},"end":{"line":80,"column":32}},"loc":{"start":{"line":80,"column":38},"end":{"line":82,"column":3}},"line":80},"8":{"name":"accuracyTrend","decl":{"start":{"line":90,"column":15},"end":{"line":90,"column":28}},"loc":{"start":{"line":90,"column":32},"end":{"line":109,"column":1}},"line":90},"9":{"name":"(anonymous_9)","decl":{"start":{"line":97,"column":29},"end":{"line":97,"column":30}},"loc":{"start":{"line":97,"column":36},"end":{"line":102,"column":3}},"line":97},"10":{"name":"(anonymous_10)","decl":{"start":{"line":103,"column":42},"end":{"line":103,"column":43}},"loc":{"start":{"line":103,"column":58},"end":{"line":107,"column":3}},"line":103},"11":{"name":"(anonymous_11)","decl":{"start":{"line":105,"column":44},"end":{"line":105,"column":45}},"loc":{"start":{"line":105,"column":54},"end":{"line":105,"column":59}},"line":105},"12":{"name":"topQueries","decl":{"start":{"line":111,"column":15},"end":{"line":111,"column":25}},"loc":{"start":{"line":111,"column":29},"end":{"line":123,"column":1}},"line":111},"13":{"name":"(anonymous_13)","decl":{"start":{"line":114,"column":28},"end":{"line":114,"column":29}},"loc":{"start":{"line":114,"column":35},"end":{"line":117,"column":3}},"line":114},"14":{"name":"(anonymous_14)","decl":{"start":{"line":119,"column":10},"end":{"line":119,"column":11}},"loc":{"start":{"line":119,"column":20},"end":{"line":119,"column":31}},"line":119},"15":{"name":"(anonymous_15)","decl":{"start":{"line":121,"column":9},"end":{"line":121,"column":10}},"loc":{"start":{"line":121,"column":22},"end":{"line":121,"column":44}},"line":121},"16":{"name":"safetyEvents","decl":{"start":{"line":125,"column":15},"end":{"line":125,"column":27}},"loc":{"start":{"line":125,"column":31},"end":{"line":140,"column":1}},"line":125},"17":{"name":"(anonymous_17)","decl":{"start":{"line":134,"column":32},"end":{"line":134,"column":33}},"loc":{"start":{"line":134,"column":40},"end":{"line":138,"column":5}},"line":134},"18":{"name":"listConversations","decl":{"start":{"line":145,"column":15},"end":{"line":145,"column":32}},"loc":{"start":{"line":145,"column":36},"end":{"line":219,"column":1}},"line":145},"19":{"name":"(anonymous_19)","decl":{"start":{"line":169,"column":28},"end":{"line":169,"column":29}},"loc":{"start":{"line":169,"column":35},"end":{"line":169,"column":40}},"line":169},"20":{"name":"(anonymous_20)","decl":{"start":{"line":170,"column":44},"end":{"line":170,"column":45}},"loc":{"start":{"line":170,"column":51},"end":{"line":170,"column":60}},"line":170},"21":{"name":"(anonymous_21)","decl":{"start":{"line":188,"column":23},"end":{"line":188,"column":24}},"loc":{"start":{"line":188,"column":30},"end":{"line":190,"column":3}},"line":188},"22":{"name":"(anonymous_22)","decl":{"start":{"line":192,"column":24},"end":{"line":192,"column":25}},"loc":{"start":{"line":192,"column":31},"end":{"line":194,"column":3}},"line":192},"23":{"name":"(anonymous_23)","decl":{"start":{"line":196,"column":35},"end":{"line":196,"column":36}},"loc":{"start":{"line":196,"column":42},"end":{"line":211,"column":3}},"line":196},"24":{"name":"(anonymous_24)","decl":{"start":{"line":214,"column":53},"end":{"line":214,"column":54}},"loc":{"start":{"line":214,"column":60},"end":{"line":214,"column":87}},"line":214},"25":{"name":"(anonymous_25)","decl":{"start":{"line":215,"column":52},"end":{"line":215,"column":53}},"loc":{"start":{"line":215,"column":59},"end":{"line":215,"column":89}},"line":215},"26":{"name":"(anonymous_26)","decl":{"start":{"line":216,"column":57},"end":{"line":216,"column":58}},"loc":{"start":{"line":216,"column":64},"end":{"line":216,"column":98}},"line":216},"27":{"name":"getConversationDetail","decl":{"start":{"line":222,"column":15},"end":{"line":222,"column":36}},"loc":{"start":{"line":222,"column":40},"end":{"line":280,"column":1}},"line":222},"28":{"name":"submitReview","decl":{"start":{"line":283,"column":15},"end":{"line":283,"column":27}},"loc":{"start":{"line":283,"column":38},"end":{"line":338,"column":1}},"line":283},"29":{"name":"(anonymous_29)","decl":{"start":{"line":288,"column":60},"end":{"line":288,"column":61}},"loc":{"start":{"line":288,"column":67},"end":{"line":288,"column":81}},"line":288},"30":{"name":"submitCorrection","decl":{"start":{"line":341,"column":15},"end":{"line":341,"column":31}},"loc":{"start":{"line":341,"column":42},"end":{"line":389,"column":1}},"line":341},"31":{"name":"approveCorrection","decl":{"start":{"line":392,"column":15},"end":{"line":392,"column":32}},"loc":{"start":{"line":392,"column":43},"end":{"line":412,"column":1}},"line":392},"32":{"name":"conversationFunnel","decl":{"start":{"line":415,"column":15},"end":{"line":415,"column":33}},"loc":{"start":{"line":415,"column":37},"end":{"line":436,"column":1}},"line":415},"33":{"name":"profileAnalytics","decl":{"start":{"line":439,"column":15},"end":{"line":439,"column":31}},"loc":{"start":{"line":439,"column":35},"end":{"line":451,"column":1}},"line":439},"34":{"name":"feedbackLoop","decl":{"start":{"line":454,"column":15},"end":{"line":454,"column":27}},"loc":{"start":{"line":454,"column":31},"end":{"line":473,"column":1}},"line":454},"35":{"name":"rejectCorrection","decl":{"start":{"line":476,"column":15},"end":{"line":476,"column":31}},"loc":{"start":{"line":476,"column":42},"end":{"line":503,"column":1}},"line":476},"36":{"name":"(anonymous_36)","decl":{"start":{"line":506,"column":15},"end":{"line":506,"column":16}},"loc":{"start":{"line":506,"column":32},"end":{"line":553,"column":1}},"line":506}},"branchMap":{"0":{"loc":{"start":{"line":13,"column":10},"end":{"line":13,"column":17}},"type":"binary-expr","locations":[{"start":{"line":13,"column":10},"end":{"line":13,"column":11}},{"start":{"line":13,"column":15},"end":{"line":13,"column":17}}],"line":13},"1":{"loc":{"start":{"line":21,"column":2},"end":{"line":21,"column":27}},"type":"if","locations":[{"start":{"line":21,"column":2},"end":{"line":21,"column":27}},{"start":{},"end":{}}],"line":21},"2":{"loc":{"start":{"line":24,"column":9},"end":{"line":24,"column":45}},"type":"cond-expr","locations":[{"start":{"line":24,"column":27},"end":{"line":24,"column":38}},{"start":{"line":24,"column":41},"end":{"line":24,"column":45}}],"line":24},"3":{"loc":{"start":{"line":51,"column":4},"end":{"line":51,"column":66}},"type":"if","locations":[{"start":{"line":51,"column":4},"end":{"line":51,"column":66}},{"start":{},"end":{}}],"line":51},"4":{"loc":{"start":{"line":54,"column":4},"end":{"line":54,"column":76}},"type":"if","locations":[{"start":{"line":54,"column":4},"end":{"line":54,"column":76}},{"start":{},"end":{}}],"line":54},"5":{"loc":{"start":{"line":62,"column":21},"end":{"line":62,"column":54}},"type":"binary-expr","locations":[{"start":{"line":62,"column":21},"end":{"line":62,"column":44}},{"start":{"line":62,"column":48},"end":{"line":62,"column":54}}],"line":62},"6":{"loc":{"start":{"line":63,"column":2},"end":{"line":63,"column":120}},"type":"if","locations":[{"start":{"line":63,"column":2},"end":{"line":63,"column":120}},{"start":{},"end":{}}],"line":63},"7":{"loc":{"start":{"line":63,"column":6},"end":{"line":63,"column":42}},"type":"binary-expr","locations":[{"start":{"line":63,"column":6},"end":{"line":63,"column":22}},{"start":{"line":63,"column":26},"end":{"line":63,"column":42}}],"line":63},"8":{"loc":{"start":{"line":69,"column":15},"end":{"line":69,"column":26}},"type":"binary-expr","locations":[{"start":{"line":69,"column":15},"end":{"line":69,"column":21}},{"start":{"line":69,"column":25},"end":{"line":69,"column":26}}],"line":69},"9":{"loc":{"start":{"line":80,"column":3},"end":{"line":80,"column":21}},"type":"binary-expr","locations":[{"start":{"line":80,"column":3},"end":{"line":80,"column":15}},{"start":{"line":80,"column":19},"end":{"line":80,"column":21}}],"line":80},"10":{"loc":{"start":{"line":81,"column":19},"end":{"line":81,"column":53}},"type":"binary-expr","locations":[{"start":{"line":81,"column":19},"end":{"line":81,"column":48}},{"start":{"line":81,"column":52},"end":{"line":81,"column":53}}],"line":81},"11":{"loc":{"start":{"line":81,"column":20},"end":{"line":81,"column":34}},"type":"binary-expr","locations":[{"start":{"line":81,"column":20},"end":{"line":81,"column":28}},{"start":{"line":81,"column":32},"end":{"line":81,"column":34}}],"line":81},"12":{"loc":{"start":{"line":94,"column":11},"end":{"line":94,"column":23}},"type":"binary-expr","locations":[{"start":{"line":94,"column":11},"end":{"line":94,"column":17}},{"start":{"line":94,"column":21},"end":{"line":94,"column":23}}],"line":94},"13":{"loc":{"start":{"line":97,"column":3},"end":{"line":97,"column":19}},"type":"binary-expr","locations":[{"start":{"line":97,"column":3},"end":{"line":97,"column":13}},{"start":{"line":97,"column":17},"end":{"line":97,"column":19}}],"line":97},"14":{"loc":{"start":{"line":98,"column":15},"end":{"line":98,"column":32}},"type":"binary-expr","locations":[{"start":{"line":98,"column":15},"end":{"line":98,"column":26}},{"start":{"line":98,"column":30},"end":{"line":98,"column":32}}],"line":98},"15":{"loc":{"start":{"line":99,"column":4},"end":{"line":99,"column":55}},"type":"if","locations":[{"start":{"line":99,"column":4},"end":{"line":99,"column":55}},{"start":{},"end":{}}],"line":99},"16":{"loc":{"start":{"line":100,"column":25},"end":{"line":100,"column":37}},"type":"binary-expr","locations":[{"start":{"line":100,"column":25},"end":{"line":100,"column":32}},{"start":{"line":100,"column":36},"end":{"line":100,"column":37}}],"line":100},"17":{"loc":{"start":{"line":114,"column":3},"end":{"line":114,"column":18}},"type":"binary-expr","locations":[{"start":{"line":114,"column":3},"end":{"line":114,"column":12}},{"start":{"line":114,"column":16},"end":{"line":114,"column":18}}],"line":114},"18":{"loc":{"start":{"line":115,"column":23},"end":{"line":115,"column":36}},"type":"binary-expr","locations":[{"start":{"line":115,"column":23},"end":{"line":115,"column":30}},{"start":{"line":115,"column":34},"end":{"line":115,"column":36}}],"line":115},"19":{"loc":{"start":{"line":116,"column":4},"end":{"line":116,"column":46}},"type":"if","locations":[{"start":{"line":116,"column":4},"end":{"line":116,"column":46}},{"start":{},"end":{}}],"line":116},"20":{"loc":{"start":{"line":116,"column":25},"end":{"line":116,"column":40}},"type":"binary-expr","locations":[{"start":{"line":116,"column":25},"end":{"line":116,"column":35}},{"start":{"line":116,"column":39},"end":{"line":116,"column":40}}],"line":116},"21":{"loc":{"start":{"line":134,"column":11},"end":{"line":134,"column":26}},"type":"binary-expr","locations":[{"start":{"line":134,"column":11},"end":{"line":134,"column":20}},{"start":{"line":134,"column":24},"end":{"line":134,"column":26}}],"line":134},"22":{"loc":{"start":{"line":136,"column":22},"end":{"line":136,"column":35}},"type":"binary-expr","locations":[{"start":{"line":136,"column":22},"end":{"line":136,"column":29}},{"start":{"line":136,"column":33},"end":{"line":136,"column":35}}],"line":136},"23":{"loc":{"start":{"line":146,"column":27},"end":{"line":146,"column":38}},"type":"binary-expr","locations":[{"start":{"line":146,"column":27},"end":{"line":146,"column":33}},{"start":{"line":146,"column":37},"end":{"line":146,"column":38}}],"line":146},"24":{"loc":{"start":{"line":147,"column":44},"end":{"line":147,"column":60}},"type":"binary-expr","locations":[{"start":{"line":147,"column":44},"end":{"line":147,"column":54}},{"start":{"line":147,"column":58},"end":{"line":147,"column":60}}],"line":147},"25":{"loc":{"start":{"line":150,"column":2},"end":{"line":150,"column":37}},"type":"if","locations":[{"start":{"line":150,"column":2},"end":{"line":150,"column":37}},{"start":{},"end":{}}],"line":150},"26":{"loc":{"start":{"line":151,"column":2},"end":{"line":155,"column":3}},"type":"if","locations":[{"start":{"line":151,"column":2},"end":{"line":155,"column":3}},{"start":{},"end":{}}],"line":151},"27":{"loc":{"start":{"line":151,"column":6},"end":{"line":151,"column":28}},"type":"binary-expr","locations":[{"start":{"line":151,"column":6},"end":{"line":151,"column":16}},{"start":{"line":151,"column":20},"end":{"line":151,"column":28}}],"line":151},"28":{"loc":{"start":{"line":153,"column":4},"end":{"line":153,"column":77}},"type":"if","locations":[{"start":{"line":153,"column":4},"end":{"line":153,"column":77}},{"start":{},"end":{}}],"line":153},"29":{"loc":{"start":{"line":154,"column":4},"end":{"line":154,"column":87}},"type":"if","locations":[{"start":{"line":154,"column":4},"end":{"line":154,"column":87}},{"start":{},"end":{}}],"line":154},"30":{"loc":{"start":{"line":159,"column":11},"end":{"line":159,"column":49}},"type":"cond-expr","locations":[{"start":{"line":159,"column":39},"end":{"line":159,"column":44}},{"start":{"line":159,"column":47},"end":{"line":159,"column":49}}],"line":159},"31":{"loc":{"start":{"line":163,"column":11},"end":{"line":163,"column":49}},"type":"cond-expr","locations":[{"start":{"line":163,"column":39},"end":{"line":163,"column":44}},{"start":{"line":163,"column":47},"end":{"line":163,"column":49}}],"line":163},"32":{"loc":{"start":{"line":173,"column":4},"end":{"line":178,"column":20}},"type":"cond-expr","locations":[{"start":{"line":174,"column":8},"end":{"line":177,"column":16}},{"start":{"line":178,"column":8},"end":{"line":178,"column":20}}],"line":173},"33":{"loc":{"start":{"line":179,"column":4},"end":{"line":184,"column":20}},"type":"cond-expr","locations":[{"start":{"line":180,"column":8},"end":{"line":183,"column":16}},{"start":{"line":184,"column":8},"end":{"line":184,"column":20}}],"line":179},"34":{"loc":{"start":{"line":201,"column":22},"end":{"line":201,"column":67}},"type":"cond-expr","locations":[{"start":{"line":201,"column":34},"end":{"line":201,"column":55}},{"start":{"line":201,"column":58},"end":{"line":201,"column":67}}],"line":201},"35":{"loc":{"start":{"line":202,"column":30},"end":{"line":202,"column":43}},"type":"binary-expr","locations":[{"start":{"line":202,"column":30},"end":{"line":202,"column":37}},{"start":{"line":202,"column":41},"end":{"line":202,"column":43}}],"line":202},"36":{"loc":{"start":{"line":203,"column":13},"end":{"line":203,"column":33}},"type":"binary-expr","locations":[{"start":{"line":203,"column":13},"end":{"line":203,"column":20}},{"start":{"line":203,"column":24},"end":{"line":203,"column":33}}],"line":203},"37":{"loc":{"start":{"line":205,"column":19},"end":{"line":205,"column":36}},"type":"binary-expr","locations":[{"start":{"line":205,"column":19},"end":{"line":205,"column":31}},{"start":{"line":205,"column":35},"end":{"line":205,"column":36}}],"line":205},"38":{"loc":{"start":{"line":206,"column":21},"end":{"line":206,"column":109}},"type":"cond-expr","locations":[{"start":{"line":206,"column":31},"end":{"line":206,"column":74}},{"start":{"line":206,"column":78},"end":{"line":206,"column":109}}],"line":206},"39":{"loc":{"start":{"line":206,"column":31},"end":{"line":206,"column":74}},"type":"cond-expr","locations":[{"start":{"line":206,"column":50},"end":{"line":206,"column":61}},{"start":{"line":206,"column":64},"end":{"line":206,"column":74}}],"line":206},"40":{"loc":{"start":{"line":206,"column":78},"end":{"line":206,"column":109}},"type":"binary-expr","locations":[{"start":{"line":206,"column":78},"end":{"line":206,"column":93}},{"start":{"line":206,"column":97},"end":{"line":206,"column":109}}],"line":206},"41":{"loc":{"start":{"line":208,"column":22},"end":{"line":208,"column":57}},"type":"cond-expr","locations":[{"start":{"line":208,"column":31},"end":{"line":208,"column":45}},{"start":{"line":208,"column":48},"end":{"line":208,"column":57}}],"line":208},"42":{"loc":{"start":{"line":209,"column":18},"end":{"line":209,"column":110}},"type":"cond-expr","locations":[{"start":{"line":209,"column":55},"end":{"line":209,"column":98}},{"start":{"line":209,"column":101},"end":{"line":209,"column":110}}],"line":209},"43":{"loc":{"start":{"line":209,"column":18},"end":{"line":209,"column":52}},"type":"binary-expr","locations":[{"start":{"line":209,"column":18},"end":{"line":209,"column":27}},{"start":{"line":209,"column":31},"end":{"line":209,"column":52}}],"line":209},"44":{"loc":{"start":{"line":209,"column":55},"end":{"line":209,"column":98}},"type":"binary-expr","locations":[{"start":{"line":209,"column":55},"end":{"line":209,"column":89}},{"start":{"line":209,"column":93},"end":{"line":209,"column":98}}],"line":209},"45":{"loc":{"start":{"line":214,"column":2},"end":{"line":214,"column":89}},"type":"if","locations":[{"start":{"line":214,"column":2},"end":{"line":214,"column":89}},{"start":{},"end":{}}],"line":214},"46":{"loc":{"start":{"line":215,"column":2},"end":{"line":215,"column":91}},"type":"if","locations":[{"start":{"line":215,"column":2},"end":{"line":215,"column":91}},{"start":{},"end":{}}],"line":215},"47":{"loc":{"start":{"line":216,"column":2},"end":{"line":216,"column":100}},"type":"if","locations":[{"start":{"line":216,"column":2},"end":{"line":216,"column":100}},{"start":{},"end":{}}],"line":216},"48":{"loc":{"start":{"line":224,"column":2},"end":{"line":224,"column":70}},"type":"if","locations":[{"start":{"line":224,"column":2},"end":{"line":224,"column":70}},{"start":{},"end":{}}],"line":224},"49":{"loc":{"start":{"line":227,"column":2},"end":{"line":227,"column":59}},"type":"if","locations":[{"start":{"line":227,"column":2},"end":{"line":227,"column":59}},{"start":{},"end":{}}],"line":227},"50":{"loc":{"start":{"line":237,"column":4},"end":{"line":237,"column":110}},"type":"cond-expr","locations":[{"start":{"line":237,"column":18},"end":{"line":237,"column":95}},{"start":{"line":237,"column":98},"end":{"line":237,"column":110}}],"line":237},"51":{"loc":{"start":{"line":241,"column":38},"end":{"line":241,"column":53}},"type":"binary-expr","locations":[{"start":{"line":241,"column":38},"end":{"line":241,"column":47}},{"start":{"line":241,"column":51},"end":{"line":241,"column":53}}],"line":241},"52":{"loc":{"start":{"line":244,"column":24},"end":{"line":244,"column":50}},"type":"binary-expr","locations":[{"start":{"line":244,"column":24},"end":{"line":244,"column":44}},{"start":{"line":244,"column":48},"end":{"line":244,"column":50}}],"line":244},"53":{"loc":{"start":{"line":245,"column":14},"end":{"line":245,"column":43}},"type":"binary-expr","locations":[{"start":{"line":245,"column":14},"end":{"line":245,"column":38}},{"start":{"line":245,"column":42},"end":{"line":245,"column":43}}],"line":245},"54":{"loc":{"start":{"line":246,"column":21},"end":{"line":246,"column":46}},"type":"binary-expr","locations":[{"start":{"line":246,"column":21},"end":{"line":246,"column":38}},{"start":{"line":246,"column":42},"end":{"line":246,"column":46}}],"line":246},"55":{"loc":{"start":{"line":247,"column":24},"end":{"line":247,"column":50}},"type":"binary-expr","locations":[{"start":{"line":247,"column":24},"end":{"line":247,"column":44}},{"start":{"line":247,"column":48},"end":{"line":247,"column":50}}],"line":247},"56":{"loc":{"start":{"line":256,"column":22},"end":{"line":256,"column":71}},"type":"cond-expr","locations":[{"start":{"line":256,"column":36},"end":{"line":256,"column":59}},{"start":{"line":256,"column":62},"end":{"line":256,"column":71}}],"line":256},"57":{"loc":{"start":{"line":257,"column":18},"end":{"line":257,"column":59}},"type":"binary-expr","locations":[{"start":{"line":257,"column":18},"end":{"line":257,"column":50}},{"start":{"line":257,"column":54},"end":{"line":257,"column":59}}],"line":257},"58":{"loc":{"start":{"line":259,"column":14},"end":{"line":268,"column":14}},"type":"cond-expr","locations":[{"start":{"line":260,"column":10},"end":{"line":267,"column":11}},{"start":{"line":268,"column":10},"end":{"line":268,"column":14}}],"line":259},"59":{"loc":{"start":{"line":269,"column":18},"end":{"line":276,"column":14}},"type":"cond-expr","locations":[{"start":{"line":270,"column":10},"end":{"line":275,"column":11}},{"start":{"line":276,"column":10},"end":{"line":276,"column":14}}],"line":269},"60":{"loc":{"start":{"line":277,"column":21},"end":{"line":277,"column":41}},"type":"binary-expr","locations":[{"start":{"line":277,"column":21},"end":{"line":277,"column":35}},{"start":{"line":277,"column":39},"end":{"line":277,"column":41}}],"line":277},"61":{"loc":{"start":{"line":285,"column":2},"end":{"line":285,"column":82}},"type":"if","locations":[{"start":{"line":285,"column":2},"end":{"line":285,"column":82}},{"start":{},"end":{}}],"line":285},"62":{"loc":{"start":{"line":285,"column":6},"end":{"line":285,"column":44}},"type":"binary-expr","locations":[{"start":{"line":285,"column":6},"end":{"line":285,"column":21}},{"start":{"line":285,"column":25},"end":{"line":285,"column":32}},{"start":{"line":285,"column":36},"end":{"line":285,"column":44}}],"line":285},"63":{"loc":{"start":{"line":288,"column":2},"end":{"line":290,"column":3}},"type":"if","locations":[{"start":{"line":288,"column":2},"end":{"line":290,"column":3}},{"start":{},"end":{}}],"line":288},"64":{"loc":{"start":{"line":288,"column":67},"end":{"line":288,"column":81}},"type":"binary-expr","locations":[{"start":{"line":288,"column":67},"end":{"line":288,"column":72}},{"start":{"line":288,"column":76},"end":{"line":288,"column":81}}],"line":288},"65":{"loc":{"start":{"line":294,"column":2},"end":{"line":299,"column":3}},"type":"if","locations":[{"start":{"line":294,"column":2},"end":{"line":299,"column":3}},{"start":{},"end":{}}],"line":294},"66":{"loc":{"start":{"line":302,"column":2},"end":{"line":302,"column":59}},"type":"if","locations":[{"start":{"line":302,"column":2},"end":{"line":302,"column":59}},{"start":{},"end":{}}],"line":302},"67":{"loc":{"start":{"line":309,"column":2},"end":{"line":309,"column":67}},"type":"if","locations":[{"start":{"line":309,"column":2},"end":{"line":309,"column":67}},{"start":{},"end":{}}],"line":309},"68":{"loc":{"start":{"line":317,"column":16},"end":{"line":317,"column":31}},"type":"binary-expr","locations":[{"start":{"line":317,"column":16},"end":{"line":317,"column":25}},{"start":{"line":317,"column":29},"end":{"line":317,"column":31}}],"line":317},"69":{"loc":{"start":{"line":318,"column":11},"end":{"line":318,"column":21}},"type":"binary-expr","locations":[{"start":{"line":318,"column":11},"end":{"line":318,"column":15}},{"start":{"line":318,"column":19},"end":{"line":318,"column":21}}],"line":318},"70":{"loc":{"start":{"line":343,"column":2},"end":{"line":343,"column":77}},"type":"if","locations":[{"start":{"line":343,"column":2},"end":{"line":343,"column":77}},{"start":{},"end":{}}],"line":343},"71":{"loc":{"start":{"line":343,"column":6},"end":{"line":343,"column":39}},"type":"binary-expr","locations":[{"start":{"line":343,"column":6},"end":{"line":343,"column":21}},{"start":{"line":343,"column":25},"end":{"line":343,"column":39}}],"line":343},"72":{"loc":{"start":{"line":344,"column":2},"end":{"line":344,"column":75}},"type":"if","locations":[{"start":{"line":344,"column":2},"end":{"line":344,"column":75}},{"start":{},"end":{}}],"line":344},"73":{"loc":{"start":{"line":347,"column":2},"end":{"line":347,"column":57}},"type":"if","locations":[{"start":{"line":347,"column":2},"end":{"line":347,"column":57}},{"start":{},"end":{}}],"line":347},"74":{"loc":{"start":{"line":351,"column":9},"end":{"line":351,"column":23}},"type":"binary-expr","locations":[{"start":{"line":351,"column":9},"end":{"line":351,"column":17}},{"start":{"line":351,"column":21},"end":{"line":351,"column":23}}],"line":351},"75":{"loc":{"start":{"line":353,"column":2},"end":{"line":353,"column":62}},"type":"if","locations":[{"start":{"line":353,"column":2},"end":{"line":353,"column":62}},{"start":{},"end":{}}],"line":353},"76":{"loc":{"start":{"line":354,"column":2},"end":{"line":356,"column":3}},"type":"if","locations":[{"start":{"line":354,"column":2},"end":{"line":356,"column":3}},{"start":{},"end":{}}],"line":354},"77":{"loc":{"start":{"line":363,"column":2},"end":{"line":363,"column":70}},"type":"if","locations":[{"start":{"line":363,"column":2},"end":{"line":363,"column":70}},{"start":{},"end":{}}],"line":363},"78":{"loc":{"start":{"line":366,"column":14},"end":{"line":366,"column":34}},"type":"binary-expr","locations":[{"start":{"line":366,"column":14},"end":{"line":366,"column":28}},{"start":{"line":366,"column":32},"end":{"line":366,"column":34}}],"line":366},"79":{"loc":{"start":{"line":371,"column":29},"end":{"line":371,"column":44}},"type":"binary-expr","locations":[{"start":{"line":371,"column":29},"end":{"line":371,"column":38}},{"start":{"line":371,"column":42},"end":{"line":371,"column":44}}],"line":371},"80":{"loc":{"start":{"line":372,"column":40},"end":{"line":372,"column":66}},"type":"binary-expr","locations":[{"start":{"line":372,"column":40},"end":{"line":372,"column":60}},{"start":{"line":372,"column":64},"end":{"line":372,"column":66}}],"line":372},"81":{"loc":{"start":{"line":374,"column":17},"end":{"line":374,"column":33}},"type":"binary-expr","locations":[{"start":{"line":374,"column":17},"end":{"line":374,"column":27}},{"start":{"line":374,"column":31},"end":{"line":374,"column":33}}],"line":374},"82":{"loc":{"start":{"line":375,"column":21},"end":{"line":375,"column":59}},"type":"binary-expr","locations":[{"start":{"line":375,"column":21},"end":{"line":375,"column":35}},{"start":{"line":375,"column":39},"end":{"line":375,"column":59}}],"line":375},"83":{"loc":{"start":{"line":394,"column":2},"end":{"line":394,"column":66}},"type":"if","locations":[{"start":{"line":394,"column":2},"end":{"line":394,"column":66}},{"start":{},"end":{}}],"line":394},"84":{"loc":{"start":{"line":395,"column":2},"end":{"line":395,"column":86}},"type":"if","locations":[{"start":{"line":395,"column":2},"end":{"line":395,"column":86}},{"start":{},"end":{}}],"line":395},"85":{"loc":{"start":{"line":398,"column":2},"end":{"line":398,"column":62}},"type":"if","locations":[{"start":{"line":398,"column":2},"end":{"line":398,"column":62}},{"start":{},"end":{}}],"line":398},"86":{"loc":{"start":{"line":399,"column":2},"end":{"line":399,"column":79}},"type":"if","locations":[{"start":{"line":399,"column":2},"end":{"line":399,"column":79}},{"start":{},"end":{}}],"line":399},"87":{"loc":{"start":{"line":416,"column":15},"end":{"line":416,"column":26}},"type":"binary-expr","locations":[{"start":{"line":416,"column":15},"end":{"line":416,"column":21}},{"start":{"line":416,"column":25},"end":{"line":416,"column":26}}],"line":416},"88":{"loc":{"start":{"line":425,"column":30},"end":{"line":425,"column":46}},"type":"binary-expr","locations":[{"start":{"line":425,"column":30},"end":{"line":425,"column":41}},{"start":{"line":425,"column":45},"end":{"line":425,"column":46}}],"line":425},"89":{"loc":{"start":{"line":426,"column":32},"end":{"line":426,"column":48}},"type":"binary-expr","locations":[{"start":{"line":426,"column":32},"end":{"line":426,"column":43}},{"start":{"line":426,"column":47},"end":{"line":426,"column":48}}],"line":426},"90":{"loc":{"start":{"line":427,"column":31},"end":{"line":427,"column":47}},"type":"binary-expr","locations":[{"start":{"line":427,"column":31},"end":{"line":427,"column":42}},{"start":{"line":427,"column":46},"end":{"line":427,"column":47}}],"line":427},"91":{"loc":{"start":{"line":428,"column":31},"end":{"line":428,"column":98}},"type":"binary-expr","locations":[{"start":{"line":428,"column":31},"end":{"line":428,"column":93}},{"start":{"line":428,"column":97},"end":{"line":428,"column":98}}],"line":428},"92":{"loc":{"start":{"line":431,"column":17},"end":{"line":431,"column":108}},"type":"binary-expr","locations":[{"start":{"line":431,"column":17},"end":{"line":431,"column":103}},{"start":{"line":431,"column":107},"end":{"line":431,"column":108}}],"line":431},"93":{"loc":{"start":{"line":440,"column":15},"end":{"line":440,"column":26}},"type":"binary-expr","locations":[{"start":{"line":440,"column":15},"end":{"line":440,"column":21}},{"start":{"line":440,"column":25},"end":{"line":440,"column":26}}],"line":440},"94":{"loc":{"start":{"line":448,"column":56},"end":{"line":448,"column":70}},"type":"binary-expr","locations":[{"start":{"line":448,"column":56},"end":{"line":448,"column":65}},{"start":{"line":448,"column":69},"end":{"line":448,"column":70}}],"line":448},"95":{"loc":{"start":{"line":455,"column":15},"end":{"line":455,"column":26}},"type":"binary-expr","locations":[{"start":{"line":455,"column":15},"end":{"line":455,"column":21}},{"start":{"line":455,"column":25},"end":{"line":455,"column":26}}],"line":455},"96":{"loc":{"start":{"line":465,"column":30},"end":{"line":465,"column":46}},"type":"binary-expr","locations":[{"start":{"line":465,"column":30},"end":{"line":465,"column":41}},{"start":{"line":465,"column":45},"end":{"line":465,"column":46}}],"line":465},"97":{"loc":{"start":{"line":466,"column":32},"end":{"line":466,"column":53}},"type":"binary-expr","locations":[{"start":{"line":466,"column":32},"end":{"line":466,"column":48}},{"start":{"line":466,"column":52},"end":{"line":466,"column":53}}],"line":466},"98":{"loc":{"start":{"line":467,"column":33},"end":{"line":467,"column":50}},"type":"binary-expr","locations":[{"start":{"line":467,"column":33},"end":{"line":467,"column":45}},{"start":{"line":467,"column":49},"end":{"line":467,"column":50}}],"line":467},"99":{"loc":{"start":{"line":468,"column":43},"end":{"line":468,"column":59}},"type":"binary-expr","locations":[{"start":{"line":468,"column":43},"end":{"line":468,"column":54}},{"start":{"line":468,"column":58},"end":{"line":468,"column":59}}],"line":468},"100":{"loc":{"start":{"line":470,"column":30},"end":{"line":470,"column":98}},"type":"cond-expr","locations":[{"start":{"line":470,"column":44},"end":{"line":470,"column":94}},{"start":{"line":470,"column":97},"end":{"line":470,"column":98}}],"line":470},"101":{"loc":{"start":{"line":478,"column":2},"end":{"line":478,"column":84}},"type":"if","locations":[{"start":{"line":478,"column":2},"end":{"line":478,"column":84}},{"start":{},"end":{}}],"line":478},"102":{"loc":{"start":{"line":478,"column":6},"end":{"line":478,"column":30}},"type":"binary-expr","locations":[{"start":{"line":478,"column":6},"end":{"line":478,"column":19}},{"start":{"line":478,"column":23},"end":{"line":478,"column":30}}],"line":478},"103":{"loc":{"start":{"line":479,"column":2},"end":{"line":479,"column":86}},"type":"if","locations":[{"start":{"line":479,"column":2},"end":{"line":479,"column":86}},{"start":{},"end":{}}],"line":479},"104":{"loc":{"start":{"line":482,"column":2},"end":{"line":482,"column":62}},"type":"if","locations":[{"start":{"line":482,"column":2},"end":{"line":482,"column":62}},{"start":{},"end":{}}],"line":482},"105":{"loc":{"start":{"line":483,"column":2},"end":{"line":483,"column":79}},"type":"if","locations":[{"start":{"line":483,"column":2},"end":{"line":483,"column":79}},{"start":{},"end":{}}],"line":483},"106":{"loc":{"start":{"line":508,"column":2},"end":{"line":512,"column":3}},"type":"if","locations":[{"start":{"line":508,"column":2},"end":{"line":512,"column":3}},{"start":{},"end":{}}],"line":508},"107":{"loc":{"start":{"line":508,"column":6},"end":{"line":508,"column":50}},"type":"binary-expr","locations":[{"start":{"line":508,"column":6},"end":{"line":508,"column":16}},{"start":{"line":508,"column":20},"end":{"line":508,"column":50}}],"line":508},"108":{"loc":{"start":{"line":513,"column":18},"end":{"line":513,"column":29}},"type":"default-arg","locations":[{"start":{"line":513,"column":27},"end":{"line":513,"column":29}}],"line":513},"109":{"loc":{"start":{"line":516,"column":2},"end":{"line":516,"column":55}},"type":"if","locations":[{"start":{"line":516,"column":2},"end":{"line":516,"column":55}},{"start":{},"end":{}}],"line":516},"110":{"loc":{"start":{"line":519,"column":4},"end":{"line":549,"column":5}},"type":"switch","locations":[{"start":{"line":520,"column":6},"end":{"line":521,"column":35}},{"start":{"line":522,"column":6},"end":{"line":523,"column":37}},{"start":{"line":524,"column":6},"end":{"line":525,"column":34}},{"start":{"line":526,"column":6},"end":{"line":527,"column":36}},{"start":{"line":528,"column":6},"end":{"line":529,"column":41}},{"start":{"line":530,"column":6},"end":{"line":531,"column":45}},{"start":{"line":532,"column":6},"end":{"line":533,"column":43}},{"start":{"line":534,"column":6},"end":{"line":535,"column":47}},{"start":{"line":536,"column":6},"end":{"line":537,"column":48}},{"start":{"line":538,"column":6},"end":{"line":539,"column":47}},{"start":{"line":541,"column":6},"end":{"line":542,"column":42}},{"start":{"line":543,"column":6},"end":{"line":544,"column":40}},{"start":{"line":545,"column":6},"end":{"line":546,"column":36}},{"start":{"line":547,"column":6},"end":{"line":548,"column":53}}],"line":519}},"s":{"0":0,"1":0,"2":0,"3":0,"4":0,"5":0,"6":0,"7":0,"8":0,"9":0,"10":0,"11":0,"12":0,"13":0,"14":0,"15":0,"16":0,"17":0,"18":0,"19":0,"20":0,"21":0,"22":0,"23":0,"24":0,"25":0,"26":0,"27":0,"28":0,"29":0,"30":0,"31":0,"32":0,"33":0,"34":0,"35":0,"36":0,"37":0,"38":0,"39":0,"40":0,"41":0,"42":0,"43":0,"44":0,"45":0,"46":0,"47":0,"48":0,"49":0,"50":0,"51":0,"52":0,"53":0,"54":0,"55":0,"56":0,"57":0,"58":0,"59":0,"60":0,"61":0,"62":0,"63":0,"64":0,"65":0,"66":0,"67":0,"68":0,"69":0,"70":0,"71":0,"72":0,"73":0,"74":0,"75":0,"76":0,"77":0,"78":0,"79":0,"80":0,"81":0,"82":0,"83":0,"84":0,"85":0,"86":0,"87":0,"88":0,"89":0,"90":0,"91":0,"92":0,"93":0,"94":0,"95":0,"96":0,"97":0,"98":0,"99":0,"100":0,"101":0,"102":0,"103":0,"104":0,"105":0,"106":0,"107":0,"108":0,"109":0,"110":0,"111":0,"112":0,"113":0,"114":0,"115":0,"116":0,"117":0,"118":0,"119":0,"120":0,"121":0,"122":0,"123":0,"124":0,"125":0,"126":0,"127":0,"128":0,"129":0,"130":0,"131":0,"132":0,"133":0,"134":0,"135":0,"136":0,"137":0,"138":0,"139":0,"140":0,"141":0,"142":0,"143":0,"144":0,"145":0,"146":0,"147":0,"148":0,"149":0,"150":0,"151":0,"152":0,"153":0,"154":0,"155":0,"156":0,"157":0,"158":0,"159":0,"160":0,"161":0,"162":0,"163":0,"164":0,"165":0,"166":0,"167":0,"168":0,"169":0,"170":0,"171":0,"172":0,"173":0,"174":0,"175":0,"176":0,"177":0,"178":0,"179":0,"180":0,"181":0,"182":0,"183":0,"184":0,"185":0,"186":0,"187":0,"188":0,"189":0,"190":0,"191":0,"192":0,"193":0,"194":0,"195":0,"196":0,"197":0,"198":0,"199":0,"200":0,"201":0,"202":0,"203":0,"204":0,"205":0,"206":0,"207":0,"208":0,"209":0,"210":0,"211":0,"212":0,"213":0,"214":0,"215":0,"216":0,"217":0,"218":0,"219":0,"220":0,"221":0,"222":0,"223":0,"224":0,"225":0,"226":0,"227":0},"f":{"0":0,"1":0,"2":0,"3":0,"4":0,"5":0,"6":0,"7":0,"8":0,"9":0,"10":0,"11":0,"12":0,"13":0,"14":0,"15":0,"16":0,"17":0,"18":0,"19":0,"20":0,"21":0,"22":0,"23":0,"24":0,"25":0,"26":0,"27":0,"28":0,"29":0,"30":0,"31":0,"32":0,"33":0,"34":0,"35":0,"36":0},"b":{"0":[0,0],"1":[0,0],"2":[0,0],"3":[0,0],"4":[0,0],"5":[0,0],"6":[0,0],"7":[0,0],"8":[0,0],"9":[0,0],"10":[0,0],"11":[0,0],"12":[0,0],"13":[0,0],"14":[0,0],"15":[0,0],"16":[0,0],"17":[0,0],"18":[0,0],"19":[0,0],"20":[0,0],"21":[0,0],"22":[0,0],"23":[0,0],"24":[0,0],"25":[0,0],"26":[0,0],"27":[0,0],"28":[0,0],"29":[0,0],"30":[0,0],"31":[0,0],"32":[0,0],"33":[0,0],"34":[0,0],"35":[0,0],"36":[0,0],"37":[0,0],"38":[0,0],"39":[0,0],"40":[0,0],"41":[0,0],"42":[0,0],"43":[0,0],"44":[0,0],"45":[0,0],"46":[0,0],"47":[0,0],"48":[0,0],"49":[0,0],"50":[0,0],"51":[0,0],"52":[0,0],"53":[0,0],"54":[0,0],"55":[0,0],"56":[0,0],"57":[0,0],"58":[0,0],"59":[0,0],"60":[0,0],"61":[0,0],"62":[0,0,0],"63":[0,0],"64":[0,0],"65":[0,0],"66":[0,0],"67":[0,0],"68":[0,0],"69":[0,0],"70":[0,0],"71":[0,0],"72":[0,0],"73":[0,0],"74":[0,0],"75":[0,0],"76":[0,0],"77":[0,0],"78":[0,0],"79":[0,0],"80":[0,0],"81":[0,0],"82":[0,0],"83":[0,0],"84":[0,0],"85":[0,0],"86":[0,0],"87":[0,0],"88":[0,0],"89":[0,0],"90":[0,0],"91":[0,0],"92":[0,0],"93":[0,0],"94":[0,0],"95":[0,0],"96":[0,0],"97":[0,0],"98":[0,0],"99":[0,0],"100":[0,0],"101":[0,0],"102":[0,0],"103":[0,0],"104":[0,0],"105":[0,0],"106":[0,0],"107":[0,0],"108":[0],"109":[0,0],"110":[0,0,0,0,0,0,0,0,0,0,0,0,0,0]}}
,"/sessions/hopeful-wizardly-johnson/mnt/港动人生/住港伴V4-2026-5-21发版/cloudfunctions/ai-chat/context-builder.js": {"path":"/sessions/hopeful-wizardly-johnson/mnt/港动人生/住港伴V4-2026-5-21发版/cloudfunctions/ai-chat/context-builder.js","statementMap":{"0":{"start":{"line":16,"column":18},"end":{"line":16,"column":48}},"1":{"start":{"line":17,"column":12},"end":{"line":17,"column":55}},"2":{"start":{"line":18,"column":11},"end":{"line":18,"column":25}},"3":{"start":{"line":19,"column":10},"end":{"line":19,"column":20}},"4":{"start":{"line":25,"column":2},"end":{"line":25,"column":44}},"5":{"start":{"line":25,"column":32},"end":{"line":25,"column":44}},"6":{"start":{"line":26,"column":2},"end":{"line":26,"column":31}},"7":{"start":{"line":30,"column":2},"end":{"line":30,"column":43}},"8":{"start":{"line":30,"column":30},"end":{"line":30,"column":43}},"9":{"start":{"line":31,"column":2},"end":{"line":31,"column":31}},"10":{"start":{"line":35,"column":12},"end":{"line":35,"column":33}},"11":{"start":{"line":36,"column":2},"end":{"line":36,"column":33}},"12":{"start":{"line":36,"column":18},"end":{"line":36,"column":33}},"13":{"start":{"line":37,"column":2},"end":{"line":37,"column":36}},"14":{"start":{"line":37,"column":19},"end":{"line":37,"column":36}},"15":{"start":{"line":38,"column":2},"end":{"line":38,"column":18}},"16":{"start":{"line":42,"column":2},"end":{"line":42,"column":23}},"17":{"start":{"line":42,"column":13},"end":{"line":42,"column":23}},"18":{"start":{"line":43,"column":16},"end":{"line":43,"column":31}},"19":{"start":{"line":44,"column":2},"end":{"line":44,"column":34}},"20":{"start":{"line":55,"column":19},"end":{"line":55,"column":21}},"21":{"start":{"line":56,"column":16},"end":{"line":56,"column":21}},"22":{"start":{"line":59,"column":21},"end":{"line":59,"column":56}},"23":{"start":{"line":60,"column":23},"end":{"line":68,"column":3}},"24":{"start":{"line":69,"column":2},"end":{"line":73,"column":5}},"25":{"start":{"line":74,"column":2},"end":{"line":74,"column":17}},"26":{"start":{"line":77,"column":23},"end":{"line":77,"column":53}},"27":{"start":{"line":78,"column":21},"end":{"line":86,"column":3}},"28":{"start":{"line":87,"column":2},"end":{"line":93,"column":3}},"29":{"start":{"line":88,"column":4},"end":{"line":92,"column":7}},"30":{"start":{"line":96,"column":21},"end":{"line":96,"column":49}},"31":{"start":{"line":97,"column":2},"end":{"line":112,"column":3}},"32":{"start":{"line":98,"column":21},"end":{"line":98,"column":81}},"33":{"start":{"line":99,"column":4},"end":{"line":111,"column":7}},"34":{"start":{"line":115,"column":2},"end":{"line":149,"column":3}},"35":{"start":{"line":116,"column":24},"end":{"line":121,"column":12}},"36":{"start":{"line":122,"column":4},"end":{"line":146,"column":5}},"37":{"start":{"line":123,"column":19},"end":{"line":123,"column":38}},"38":{"start":{"line":124,"column":25},"end":{"line":133,"column":7}},"39":{"start":{"line":134,"column":27},"end":{"line":134,"column":64}},"40":{"start":{"line":135,"column":20},"end":{"line":135,"column":67}},"41":{"start":{"line":136,"column":19},"end":{"line":140,"column":11}},"42":{"start":{"line":138,"column":12},"end":{"line":138,"column":44}},"43":{"start":{"line":141,"column":6},"end":{"line":145,"column":9}},"44":{"start":{"line":148,"column":4},"end":{"line":148,"column":59}},"45":{"start":{"line":152,"column":2},"end":{"line":164,"column":3}},"46":{"start":{"line":153,"column":20},"end":{"line":153,"column":87}},"47":{"start":{"line":154,"column":22},"end":{"line":154,"column":40}},"48":{"start":{"line":155,"column":4},"end":{"line":161,"column":5}},"49":{"start":{"line":156,"column":6},"end":{"line":160,"column":9}},"50":{"start":{"line":163,"column":4},"end":{"line":163,"column":59}},"51":{"start":{"line":167,"column":2},"end":{"line":178,"column":3}},"52":{"start":{"line":168,"column":25},"end":{"line":168,"column":111}},"53":{"start":{"line":169,"column":4},"end":{"line":175,"column":5}},"54":{"start":{"line":170,"column":6},"end":{"line":174,"column":9}},"55":{"start":{"line":177,"column":4},"end":{"line":177,"column":57}},"56":{"start":{"line":181,"column":2},"end":{"line":204,"column":3}},"57":{"start":{"line":182,"column":23},"end":{"line":187,"column":12}},"58":{"start":{"line":188,"column":4},"end":{"line":201,"column":5}},"59":{"start":{"line":189,"column":21},"end":{"line":193,"column":24}},"60":{"start":{"line":191,"column":10},"end":{"line":191,"column":42}},"61":{"start":{"line":194,"column":6},"end":{"line":200,"column":7}},"62":{"start":{"line":195,"column":8},"end":{"line":199,"column":11}},"63":{"start":{"line":207,"column":20},"end":{"line":207,"column":37}},"64":{"start":{"line":208,"column":2},"end":{"line":210,"column":5}},"65":{"start":{"line":209,"column":4},"end":{"line":209,"column":60}},"66":{"start":{"line":211,"column":2},"end":{"line":211,"column":55}},"67":{"start":{"line":213,"column":2},"end":{"line":217,"column":4}},"68":{"start":{"line":220,"column":0},"end":{"line":220,"column":87}},"69":{"start":{"line":238,"column":2},"end":{"line":240,"column":3}},"70":{"start":{"line":239,"column":4},"end":{"line":239,"column":14}},"71":{"start":{"line":242,"column":12},"end":{"line":242,"column":34}},"72":{"start":{"line":245,"column":2},"end":{"line":263,"column":3}},"73":{"start":{"line":246,"column":4},"end":{"line":246,"column":28}},"74":{"start":{"line":247,"column":4},"end":{"line":249,"column":5}},"75":{"start":{"line":248,"column":6},"end":{"line":248,"column":85}},"76":{"start":{"line":250,"column":4},"end":{"line":252,"column":5}},"77":{"start":{"line":251,"column":6},"end":{"line":251,"column":100}},"78":{"start":{"line":253,"column":4},"end":{"line":255,"column":5}},"79":{"start":{"line":254,"column":6},"end":{"line":254,"column":100}},"80":{"start":{"line":256,"column":4},"end":{"line":258,"column":5}},"81":{"start":{"line":257,"column":6},"end":{"line":257,"column":91}},"82":{"start":{"line":259,"column":4},"end":{"line":261,"column":5}},"83":{"start":{"line":260,"column":6},"end":{"line":260,"column":97}},"84":{"start":{"line":262,"column":4},"end":{"line":262,"column":29}},"85":{"start":{"line":266,"column":2},"end":{"line":289,"column":3}},"86":{"start":{"line":267,"column":4},"end":{"line":267,"column":25}},"87":{"start":{"line":268,"column":4},"end":{"line":270,"column":5}},"88":{"start":{"line":269,"column":6},"end":{"line":269,"column":103}},"89":{"start":{"line":271,"column":4},"end":{"line":273,"column":5}},"90":{"start":{"line":272,"column":6},"end":{"line":272,"column":88}},"91":{"start":{"line":274,"column":4},"end":{"line":276,"column":5}},"92":{"start":{"line":275,"column":6},"end":{"line":275,"column":98}},"93":{"start":{"line":277,"column":4},"end":{"line":287,"column":5}},"94":{"start":{"line":278,"column":6},"end":{"line":278,"column":34}},"95":{"start":{"line":279,"column":6},"end":{"line":285,"column":7}},"96":{"start":{"line":279,"column":19},"end":{"line":279,"column":20}},"97":{"start":{"line":280,"column":18},"end":{"line":280,"column":49}},"98":{"start":{"line":281,"column":8},"end":{"line":281,"column":37}},"99":{"start":{"line":282,"column":8},"end":{"line":282,"column":78}},"100":{"start":{"line":283,"column":8},"end":{"line":283,"column":75}},"101":{"start":{"line":284,"column":8},"end":{"line":284,"column":38}},"102":{"start":{"line":286,"column":6},"end":{"line":286,"column":35}},"103":{"start":{"line":288,"column":4},"end":{"line":288,"column":26}},"104":{"start":{"line":292,"column":2},"end":{"line":303,"column":3}},"105":{"start":{"line":293,"column":4},"end":{"line":293,"column":28}},"106":{"start":{"line":294,"column":4},"end":{"line":294,"column":67}},"107":{"start":{"line":295,"column":4},"end":{"line":301,"column":5}},"108":{"start":{"line":297,"column":8},"end":{"line":299,"column":59}},"109":{"start":{"line":300,"column":6},"end":{"line":300,"column":71}},"110":{"start":{"line":302,"column":4},"end":{"line":302,"column":29}},"111":{"start":{"line":306,"column":2},"end":{"line":319,"column":3}},"112":{"start":{"line":307,"column":4},"end":{"line":307,"column":32}},"113":{"start":{"line":309,"column":25},"end":{"line":313,"column":22}},"114":{"start":{"line":311,"column":8},"end":{"line":311,"column":29}},"115":{"start":{"line":314,"column":4},"end":{"line":316,"column":5}},"116":{"start":{"line":315,"column":6},"end":{"line":315,"column":91}},"117":{"start":{"line":317,"column":4},"end":{"line":317,"column":82}},"118":{"start":{"line":318,"column":4},"end":{"line":318,"column":33}},"119":{"start":{"line":321,"column":2},"end":{"line":321,"column":31}},"120":{"start":{"line":322,"column":2},"end":{"line":322,"column":42}},"121":{"start":{"line":323,"column":2},"end":{"line":323,"column":41}},"122":{"start":{"line":325,"column":2},"end":{"line":325,"column":13}},"123":{"start":{"line":332,"column":2},"end":{"line":332,"column":51}},"124":{"start":{"line":332,"column":41},"end":{"line":332,"column":51}},"125":{"start":{"line":333,"column":2},"end":{"line":338,"column":29}},"126":{"start":{"line":342,"column":0},"end":{"line":342,"column":57}}},"fnMap":{"0":{"name":"maskName","decl":{"start":{"line":24,"column":9},"end":{"line":24,"column":17}},"loc":{"start":{"line":24,"column":24},"end":{"line":27,"column":1}},"line":24},"1":{"name":"maskIdNumber","decl":{"start":{"line":29,"column":9},"end":{"line":29,"column":21}},"loc":{"start":{"line":29,"column":27},"end":{"line":32,"column":1}},"line":29},"2":{"name":"maskIncome","decl":{"start":{"line":34,"column":9},"end":{"line":34,"column":19}},"loc":{"start":{"line":34,"column":28},"end":{"line":39,"column":1}},"line":34},"3":{"name":"maskAddress","decl":{"start":{"line":41,"column":9},"end":{"line":41,"column":20}},"loc":{"start":{"line":41,"column":27},"end":{"line":45,"column":1}},"line":41},"4":{"name":"buildUserContext","decl":{"start":{"line":54,"column":15},"end":{"line":54,"column":31}},"loc":{"start":{"line":54,"column":53},"end":{"line":218,"column":1}},"line":54},"5":{"name":"(anonymous_5)","decl":{"start":{"line":137,"column":43},"end":{"line":137,"column":44}},"loc":{"start":{"line":137,"column":56},"end":{"line":139,"column":11}},"line":137},"6":{"name":"(anonymous_6)","decl":{"start":{"line":190,"column":13},"end":{"line":190,"column":14}},"loc":{"start":{"line":190,"column":26},"end":{"line":192,"column":9}},"line":190},"7":{"name":"(anonymous_7)","decl":{"start":{"line":208,"column":19},"end":{"line":208,"column":20}},"loc":{"start":{"line":208,"column":32},"end":{"line":210,"column":3}},"line":208},"8":{"name":"buildUserProfileXml","decl":{"start":{"line":236,"column":9},"end":{"line":236,"column":28}},"loc":{"start":{"line":236,"column":42},"end":{"line":326,"column":1}},"line":236},"9":{"name":"(anonymous_9)","decl":{"start":{"line":310,"column":11},"end":{"line":310,"column":12}},"loc":{"start":{"line":310,"column":24},"end":{"line":312,"column":7}},"line":310},"10":{"name":"escXml","decl":{"start":{"line":331,"column":9},"end":{"line":331,"column":15}},"loc":{"start":{"line":331,"column":21},"end":{"line":339,"column":1}},"line":331}},"branchMap":{"0":{"loc":{"start":{"line":25,"column":2},"end":{"line":25,"column":44}},"type":"if","locations":[{"start":{"line":25,"column":2},"end":{"line":25,"column":44}},{"start":{},"end":{}}],"line":25},"1":{"loc":{"start":{"line":25,"column":6},"end":{"line":25,"column":30}},"type":"binary-expr","locations":[{"start":{"line":25,"column":6},"end":{"line":25,"column":11}},{"start":{"line":25,"column":15},"end":{"line":25,"column":30}}],"line":25},"2":{"loc":{"start":{"line":30,"column":2},"end":{"line":30,"column":43}},"type":"if","locations":[{"start":{"line":30,"column":2},"end":{"line":30,"column":43}},{"start":{},"end":{}}],"line":30},"3":{"loc":{"start":{"line":30,"column":6},"end":{"line":30,"column":28}},"type":"binary-expr","locations":[{"start":{"line":30,"column":6},"end":{"line":30,"column":10}},{"start":{"line":30,"column":14},"end":{"line":30,"column":28}}],"line":30},"4":{"loc":{"start":{"line":35,"column":12},"end":{"line":35,"column":33}},"type":"binary-expr","locations":[{"start":{"line":35,"column":12},"end":{"line":35,"column":28}},{"start":{"line":35,"column":32},"end":{"line":35,"column":33}}],"line":35},"5":{"loc":{"start":{"line":36,"column":2},"end":{"line":36,"column":33}},"type":"if","locations":[{"start":{"line":36,"column":2},"end":{"line":36,"column":33}},{"start":{},"end":{}}],"line":36},"6":{"loc":{"start":{"line":37,"column":2},"end":{"line":37,"column":36}},"type":"if","locations":[{"start":{"line":37,"column":2},"end":{"line":37,"column":36}},{"start":{},"end":{}}],"line":37},"7":{"loc":{"start":{"line":42,"column":2},"end":{"line":42,"column":23}},"type":"if","locations":[{"start":{"line":42,"column":2},"end":{"line":42,"column":23}},{"start":{},"end":{}}],"line":42},"8":{"loc":{"start":{"line":44,"column":10},"end":{"line":44,"column":26}},"type":"binary-expr","locations":[{"start":{"line":44,"column":10},"end":{"line":44,"column":18}},{"start":{"line":44,"column":22},"end":{"line":44,"column":26}}],"line":44},"9":{"loc":{"start":{"line":59,"column":21},"end":{"line":59,"column":56}},"type":"binary-expr","locations":[{"start":{"line":59,"column":21},"end":{"line":59,"column":43}},{"start":{"line":59,"column":47},"end":{"line":59,"column":56}}],"line":59},"10":{"loc":{"start":{"line":72,"column":13},"end":{"line":72,"column":51}},"type":"binary-expr","locations":[{"start":{"line":72,"column":13},"end":{"line":72,"column":37}},{"start":{"line":72,"column":41},"end":{"line":72,"column":51}}],"line":72},"11":{"loc":{"start":{"line":77,"column":23},"end":{"line":77,"column":53}},"type":"binary-expr","locations":[{"start":{"line":77,"column":23},"end":{"line":77,"column":47}},{"start":{"line":77,"column":51},"end":{"line":77,"column":53}}],"line":77},"12":{"loc":{"start":{"line":87,"column":2},"end":{"line":93,"column":3}},"type":"if","locations":[{"start":{"line":87,"column":2},"end":{"line":93,"column":3}},{"start":{},"end":{}}],"line":87},"13":{"loc":{"start":{"line":91,"column":15},"end":{"line":91,"column":55}},"type":"binary-expr","locations":[{"start":{"line":91,"column":15},"end":{"line":91,"column":39}},{"start":{"line":91,"column":43},"end":{"line":91,"column":55}}],"line":91},"14":{"loc":{"start":{"line":96,"column":21},"end":{"line":96,"column":49}},"type":"binary-expr","locations":[{"start":{"line":96,"column":21},"end":{"line":96,"column":43}},{"start":{"line":96,"column":47},"end":{"line":96,"column":49}}],"line":96},"15":{"loc":{"start":{"line":97,"column":2},"end":{"line":112,"column":3}},"type":"if","locations":[{"start":{"line":97,"column":2},"end":{"line":112,"column":3}},{"start":{},"end":{}}],"line":97},"16":{"loc":{"start":{"line":98,"column":21},"end":{"line":98,"column":81}},"type":"binary-expr","locations":[{"start":{"line":98,"column":21},"end":{"line":98,"column":52}},{"start":{"line":98,"column":56},"end":{"line":98,"column":75}},{"start":{"line":98,"column":79},"end":{"line":98,"column":81}}],"line":98},"17":{"loc":{"start":{"line":107,"column":9},"end":{"line":107,"column":34}},"type":"binary-expr","locations":[{"start":{"line":107,"column":9},"end":{"line":107,"column":28}},{"start":{"line":107,"column":32},"end":{"line":107,"column":34}}],"line":107},"18":{"loc":{"start":{"line":109,"column":9},"end":{"line":109,"column":46}},"type":"cond-expr","locations":[{"start":{"line":109,"column":34},"end":{"line":109,"column":38}},{"start":{"line":109,"column":41},"end":{"line":109,"column":46}}],"line":109},"19":{"loc":{"start":{"line":122,"column":4},"end":{"line":146,"column":5}},"type":"if","locations":[{"start":{"line":122,"column":4},"end":{"line":146,"column":5}},{"start":{},"end":{}}],"line":122},"20":{"loc":{"start":{"line":122,"column":8},"end":{"line":122,"column":55}},"type":"binary-expr","locations":[{"start":{"line":122,"column":8},"end":{"line":122,"column":24}},{"start":{"line":122,"column":28},"end":{"line":122,"column":55}}],"line":122},"21":{"loc":{"start":{"line":134,"column":27},"end":{"line":134,"column":64}},"type":"binary-expr","locations":[{"start":{"line":134,"column":27},"end":{"line":134,"column":56}},{"start":{"line":134,"column":60},"end":{"line":134,"column":64}}],"line":134},"22":{"loc":{"start":{"line":135,"column":20},"end":{"line":135,"column":67}},"type":"cond-expr","locations":[{"start":{"line":135,"column":33},"end":{"line":135,"column":63}},{"start":{"line":135,"column":66},"end":{"line":135,"column":67}}],"line":135},"23":{"loc":{"start":{"line":136,"column":19},"end":{"line":140,"column":11}},"type":"cond-expr","locations":[{"start":{"line":137,"column":10},"end":{"line":139,"column":19}},{"start":{"line":140,"column":10},"end":{"line":140,"column":11}}],"line":136},"24":{"loc":{"start":{"line":154,"column":22},"end":{"line":154,"column":40}},"type":"binary-expr","locations":[{"start":{"line":154,"column":22},"end":{"line":154,"column":35}},{"start":{"line":154,"column":39},"end":{"line":154,"column":40}}],"line":154},"25":{"loc":{"start":{"line":155,"column":4},"end":{"line":161,"column":5}},"type":"if","locations":[{"start":{"line":155,"column":4},"end":{"line":161,"column":5}},{"start":{},"end":{}}],"line":155},"26":{"loc":{"start":{"line":169,"column":4},"end":{"line":175,"column":5}},"type":"if","locations":[{"start":{"line":169,"column":4},"end":{"line":175,"column":5}},{"start":{},"end":{}}],"line":169},"27":{"loc":{"start":{"line":188,"column":4},"end":{"line":201,"column":5}},"type":"if","locations":[{"start":{"line":188,"column":4},"end":{"line":201,"column":5}},{"start":{},"end":{}}],"line":188},"28":{"loc":{"start":{"line":188,"column":8},"end":{"line":188,"column":53}},"type":"binary-expr","locations":[{"start":{"line":188,"column":8},"end":{"line":188,"column":23}},{"start":{"line":188,"column":27},"end":{"line":188,"column":53}}],"line":188},"29":{"loc":{"start":{"line":191,"column":17},"end":{"line":191,"column":41}},"type":"binary-expr","locations":[{"start":{"line":191,"column":17},"end":{"line":191,"column":24}},{"start":{"line":191,"column":28},"end":{"line":191,"column":35}},{"start":{"line":191,"column":39},"end":{"line":191,"column":41}}],"line":191},"30":{"loc":{"start":{"line":194,"column":6},"end":{"line":200,"column":7}},"type":"if","locations":[{"start":{"line":194,"column":6},"end":{"line":200,"column":7}},{"start":{},"end":{}}],"line":194},"31":{"loc":{"start":{"line":238,"column":2},"end":{"line":240,"column":3}},"type":"if","locations":[{"start":{"line":238,"column":2},"end":{"line":240,"column":3}},{"start":{},"end":{}}],"line":238},"32":{"loc":{"start":{"line":238,"column":6},"end":{"line":238,"column":42}},"type":"binary-expr","locations":[{"start":{"line":238,"column":6},"end":{"line":238,"column":18}},{"start":{"line":238,"column":22},"end":{"line":238,"column":42}}],"line":238},"33":{"loc":{"start":{"line":245,"column":2},"end":{"line":263,"column":3}},"type":"if","locations":[{"start":{"line":245,"column":2},"end":{"line":263,"column":3}},{"start":{},"end":{}}],"line":245},"34":{"loc":{"start":{"line":247,"column":4},"end":{"line":249,"column":5}},"type":"if","locations":[{"start":{"line":247,"column":4},"end":{"line":249,"column":5}},{"start":{},"end":{}}],"line":247},"35":{"loc":{"start":{"line":250,"column":4},"end":{"line":252,"column":5}},"type":"if","locations":[{"start":{"line":250,"column":4},"end":{"line":252,"column":5}},{"start":{},"end":{}}],"line":250},"36":{"loc":{"start":{"line":253,"column":4},"end":{"line":255,"column":5}},"type":"if","locations":[{"start":{"line":253,"column":4},"end":{"line":255,"column":5}},{"start":{},"end":{}}],"line":253},"37":{"loc":{"start":{"line":256,"column":4},"end":{"line":258,"column":5}},"type":"if","locations":[{"start":{"line":256,"column":4},"end":{"line":258,"column":5}},{"start":{},"end":{}}],"line":256},"38":{"loc":{"start":{"line":259,"column":4},"end":{"line":261,"column":5}},"type":"if","locations":[{"start":{"line":259,"column":4},"end":{"line":261,"column":5}},{"start":{},"end":{}}],"line":259},"39":{"loc":{"start":{"line":266,"column":2},"end":{"line":289,"column":3}},"type":"if","locations":[{"start":{"line":266,"column":2},"end":{"line":289,"column":3}},{"start":{},"end":{}}],"line":266},"40":{"loc":{"start":{"line":268,"column":4},"end":{"line":270,"column":5}},"type":"if","locations":[{"start":{"line":268,"column":4},"end":{"line":270,"column":5}},{"start":{},"end":{}}],"line":268},"41":{"loc":{"start":{"line":271,"column":4},"end":{"line":273,"column":5}},"type":"if","locations":[{"start":{"line":271,"column":4},"end":{"line":273,"column":5}},{"start":{},"end":{}}],"line":271},"42":{"loc":{"start":{"line":274,"column":4},"end":{"line":276,"column":5}},"type":"if","locations":[{"start":{"line":274,"column":4},"end":{"line":276,"column":5}},{"start":{},"end":{}}],"line":274},"43":{"loc":{"start":{"line":277,"column":4},"end":{"line":287,"column":5}},"type":"if","locations":[{"start":{"line":277,"column":4},"end":{"line":287,"column":5}},{"start":{},"end":{}}],"line":277},"44":{"loc":{"start":{"line":277,"column":8},"end":{"line":277,"column":79}},"type":"binary-expr","locations":[{"start":{"line":277,"column":8},"end":{"line":277,"column":36}},{"start":{"line":277,"column":40},"end":{"line":277,"column":79}}],"line":277},"45":{"loc":{"start":{"line":282,"column":44},"end":{"line":282,"column":59}},"type":"binary-expr","locations":[{"start":{"line":282,"column":44},"end":{"line":282,"column":53}},{"start":{"line":282,"column":57},"end":{"line":282,"column":59}}],"line":282},"46":{"loc":{"start":{"line":283,"column":43},"end":{"line":283,"column":57}},"type":"binary-expr","locations":[{"start":{"line":283,"column":43},"end":{"line":283,"column":51}},{"start":{"line":283,"column":55},"end":{"line":283,"column":57}}],"line":283},"47":{"loc":{"start":{"line":292,"column":2},"end":{"line":303,"column":3}},"type":"if","locations":[{"start":{"line":292,"column":2},"end":{"line":303,"column":3}},{"start":{},"end":{}}],"line":292},"48":{"loc":{"start":{"line":295,"column":4},"end":{"line":301,"column":5}},"type":"if","locations":[{"start":{"line":295,"column":4},"end":{"line":301,"column":5}},{"start":{},"end":{}}],"line":295},"49":{"loc":{"start":{"line":297,"column":8},"end":{"line":299,"column":59}},"type":"cond-expr","locations":[{"start":{"line":298,"column":12},"end":{"line":298,"column":43}},{"start":{"line":299,"column":12},"end":{"line":299,"column":59}}],"line":297},"50":{"loc":{"start":{"line":306,"column":2},"end":{"line":319,"column":3}},"type":"if","locations":[{"start":{"line":306,"column":2},"end":{"line":319,"column":3}},{"start":{},"end":{}}],"line":306},"51":{"loc":{"start":{"line":306,"column":6},"end":{"line":306,"column":69}},"type":"binary-expr","locations":[{"start":{"line":306,"column":6},"end":{"line":306,"column":30}},{"start":{"line":306,"column":34},"end":{"line":306,"column":69}}],"line":306},"52":{"loc":{"start":{"line":311,"column":15},"end":{"line":311,"column":28}},"type":"binary-expr","locations":[{"start":{"line":311,"column":15},"end":{"line":311,"column":22}},{"start":{"line":311,"column":26},"end":{"line":311,"column":28}}],"line":311},"53":{"loc":{"start":{"line":314,"column":4},"end":{"line":316,"column":5}},"type":"if","locations":[{"start":{"line":314,"column":4},"end":{"line":316,"column":5}},{"start":{},"end":{}}],"line":314},"54":{"loc":{"start":{"line":332,"column":2},"end":{"line":332,"column":51}},"type":"if","locations":[{"start":{"line":332,"column":2},"end":{"line":332,"column":51}},{"start":{},"end":{}}],"line":332},"55":{"loc":{"start":{"line":332,"column":6},"end":{"line":332,"column":39}},"type":"binary-expr","locations":[{"start":{"line":332,"column":6},"end":{"line":332,"column":18}},{"start":{"line":332,"column":22},"end":{"line":332,"column":39}}],"line":332}},"s":{"0":4,"1":4,"2":4,"3":4,"4":2,"5":1,"6":1,"7":1,"8":0,"9":1,"10":3,"11":3,"12":1,"13":2,"14":1,"15":1,"16":2,"17":0,"18":2,"19":2,"20":0,"21":0,"22":0,"23":0,"24":0,"25":0,"26":0,"27":0,"28":0,"29":0,"30":0,"31":0,"32":0,"33":0,"34":0,"35":0,"36":0,"37":0,"38":0,"39":0,"40":0,"41":0,"42":0,"43":0,"44":0,"45":0,"46":0,"47":0,"48":0,"49":0,"50":0,"51":0,"52":0,"53":0,"54":0,"55":0,"56":0,"57":0,"58":0,"59":0,"60":0,"61":0,"62":0,"63":0,"64":0,"65":0,"66":0,"67":0,"68":4,"69":111,"70":86,"71":25,"72":25,"73":4,"74":4,"75":4,"76":4,"77":1,"78":4,"79":3,"80":4,"81":1,"82":4,"83":1,"84":4,"85":25,"86":2,"87":2,"88":2,"89":2,"90":2,"91":2,"92":2,"93":2,"94":1,"95":1,"96":1,"97":2,"98":2,"99":2,"100":2,"101":2,"102":1,"103":2,"104":25,"105":1,"106":1,"107":1,"108":1,"109":1,"110":1,"111":25,"112":22,"113":22,"114":23,"115":22,"116":22,"117":22,"118":22,"119":25,"120":25,"121":25,"122":25,"123":41,"124":0,"125":41,"126":4},"f":{"0":2,"1":1,"2":3,"3":2,"4":0,"5":0,"6":0,"7":0,"8":111,"9":23,"10":41},"b":{"0":[1,1],"1":[2,2],"2":[0,1],"3":[1,1],"4":[3,0],"5":[1,2],"6":[1,1],"7":[0,2],"8":[2,0],"9":[0,0],"10":[0,0],"11":[0,0],"12":[0,0],"13":[0,0],"14":[0,0],"15":[0,0],"16":[0,0,0],"17":[0,0],"18":[0,0],"19":[0,0],"20":[0,0],"21":[0,0],"22":[0,0],"23":[0,0],"24":[0,0],"25":[0,0],"26":[0,0],"27":[0,0],"28":[0,0],"29":[0,0,0],"30":[0,0],"31":[86,25],"32":[111,110],"33":[4,21],"34":[4,0],"35":[1,3],"36":[3,1],"37":[1,3],"38":[1,3],"39":[2,23],"40":[2,0],"41":[2,0],"42":[2,0],"43":[1,1],"44":[2,1],"45":[2,0],"46":[2,0],"47":[1,24],"48":[1,0],"49":[1,0],"50":[22,3],"51":[25,22],"52":[23,0],"53":[22,0],"54":[0,41],"55":[41,41]},"_coverageSchema":"1a1c01bbd47fc00a2c39e90264f33305004495a9","hash":"0eeb4c510fb5c153042c6e1fa9381db98ba198d2"}
[...]
rt":{"line":194,"column":2},"end":{"line":196,"column":3}},{"start":{},"end":{}}],"line":194},"23":{"loc":{"start":{"line":200,"column":2},"end":{"line":203,"column":3}},"type":"if","locations":[{"start":{"line":200,"column":2},"end":{"line":203,"column":3}},{"start":{},"end":{}}],"line":200},"24":{"loc":{"start":{"line":216,"column":14},"end":{"line":216,"column":73}},"type":"cond-expr","locations":[{"start":{"line":216,"column":50},"end":{"line":216,"column":66}},{"start":{"line":216,"column":69},"end":{"line":216,"column":73}}],"line":216},"25":{"loc":{"start":{"line":217,"column":11},"end":{"line":217,"column":70}},"type":"cond-expr","locations":[{"start":{"line":217,"column":47},"end":{"line":217,"column":63}},{"start":{"line":217,"column":66},"end":{"line":217,"column":70}}],"line":217},"26":{"loc":{"start":{"line":218,"column":14},"end":{"line":218,"column":73}},"type":"cond-expr","locations":[{"start":{"line":218,"column":50},"end":{"line":218,"column":66}},{"start":{"line":218,"column":69},"end":{"line":218,"column":73}}],"line":218},"27":{"loc":{"start":{"line":219,"column":18},"end":{"line":219,"column":77}},"type":"cond-expr","locations":[{"start":{"line":219,"column":54},"end":{"line":219,"column":70}},{"start":{"line":219,"column":73},"end":{"line":219,"column":77}}],"line":219},"28":{"loc":{"start":{"line":226,"column":4},"end":{"line":231,"column":5}},"type":"if","locations":[{"start":{"line":226,"column":4},"end":{"line":231,"column":5}},{"start":{},"end":{}}],"line":226},"29":{"loc":{"start":{"line":229,"column":8},"end":{"line":229,"column":54}},"type":"binary-expr","locations":[{"start":{"line":229,"column":8},"end":{"line":229,"column":25}},{"start":{"line":229,"column":29},"end":{"line":229,"column":54}}],"line":229},"30":{"loc":{"start":{"line":235,"column":23},"end":{"line":235,"column":100}},"type":"binary-expr","locations":[{"start":{"line":235,"column":23},"end":{"line":235,"column":39}},{"start":{"line":235,"column":43},"end":{"line":235,"column":56}},{"start":{"line":235,"column":60},"end":{"line":235,"column":76}},{"start":{"line":235,"column":80},"end":{"line":235,"column":100}}],"line":235}},"s":{"0":4,"1":4,"2":8,"3":1,"4":8,"5":8,"6":4,"7":4,"8":22,"9":22,"10":20,"11":2,"12":2,"13":1,"14":1,"15":1,"16":1,"17":0,"18":0,"19":0,"20":0,"21":0,"22":2,"23":2,"24":2,"25":2,"26":0,"27":0,"28":2,"29":2,"30":2,"31":2,"32":0,"33":0,"34":0,"35":0,"36":0,"37":0,"38":0,"39":0,"40":0,"41":0,"42":0,"43":0,"44":2,"45":2,"46":2,"47":2,"48":2,"49":2,"50":0,"51":0,"52":2,"53":2,"54":2,"55":1,"56":1,"57":1,"58":107,"59":85,"60":22,"61":22,"62":20,"63":20,"64":2,"65":2,"66":2,"67":2,"68":2,"69":2,"70":8,"71":0,"72":2,"73":2,"74":2,"75":4},"f":{"0":8,"1":8,"2":22,"3":2,"4":0,"5":2,"6":2,"7":0,"8":2,"9":2,"10":1,"11":107},"b":{"0":[1,7],"1":[20,2],"2":[22,20],"3":[1,1],"4":[2,2],"5":[0,1],"6":[2,0],"7":[2,2],"8":[2,0],"9":[2,2],"10":[0,0],"11":[0,0],"12":[0,0],"13":[0,0],"14":[0,0,0],"15":[2,0],"16":[2,2],"17":[2,0],"18":[2,2],"19":[0,0,0],"20":[1,1],"21":[2,2],"22":[85,22],"23":[20,2],"24":[2,0],"25":[2,0],"26":[2,0],"27":[2,0],"28":[0,8],"29":[0,0],"30":[2,2,2,2]},"_coverageSchema":"1a1c01bbd47fc00a2c39e90264f33305004495a9","hash":"1e60cafe6addca28b9da4debf5c85f1bf35f078e"}
,"/sessions/hopeful-wizardly-johnson/mnt/港动人生/住港伴V4-2026-5-21发版/cloudfunctions/ai-chat/prompts.js": {"path":"/sessions/hopeful-wizardly-johnson/mnt/港动人生/住港伴V4-2026-5-21发版/cloudfunctions/ai-chat/prompts.js","statementMap":{"0":{"start":{"line":12,"column":19},"end":{"line":18,"column":1}},"1":{"start":{"line":22,"column":2},"end":{"line":34,"column":53}},"2":{"start":{"line":38,"column":2},"end":{"line":45,"column":46}},"3":{"start":{"line":49,"column":2},"end":{"line":53,"column":22}},"4":{"start":{"line":56,"column":33},"end":{"line":60,"column":32}},"5":{"start":{"line":66,"column":30},"end":{"line":70,"column":1}},"6":{"start":{"line":75,"column":2},"end":{"line":88,"column":29}},"7":{"start":{"line":92,"column":34},"end":{"line":95,"column":32}},"8":{"start":{"line":98,"column":2},"end":{"line":119,"column":4}},"9":{"start":{"line":123,"column":2},"end":{"line":155,"column":4}},"10":{"start":{"line":159,"column":2},"end":{"line":181,"column":4}},"11":{"start":{"line":185,"column":2},"end":{"line":213,"column":4}},"12":{"start":{"line":218,"column":2},"end":{"line":218,"column":63}},"13":{"start":{"line":218,"column":53},"end":{"line":218,"column":63}},"14":{"start":{"line":219,"column":16},"end":{"line":219,"column":42}},"15":{"start":{"line":220,"column":2},"end":{"line":220,"column":43}},"16":{"start":{"line":221,"column":2},"end":{"line":221,"column":47}},"17":{"start":{"line":222,"column":2},"end":{"line":222,"column":51}},"18":{"start":{"line":223,"column":2},"end":{"line":223,"column":64}},"19":{"start":{"line":224,"column":2},"end":{"line":224,"column":56}},"20":{"start":{"line":225,"column":2},"end":{"line":225,"column":52}},"21":{"start":{"line":226,"column":2},"end":{"line":226,"column":63}},"22":{"start":{"line":227,"column":2},"end":{"line":227,"column":66}},"23":{"start":{"line":230,"column":13},"end":{"line":230,"column":15}},"24":{"start":{"line":231,"column":2},"end":{"line":239,"column":3}},"25":{"start":{"line":232,"column":25},"end":{"line":237,"column":5}},"26":{"start":{"line":238,"column":4},"end":{"line":238,"column":80}},"27":{"start":{"line":240,"column":2},"end":{"line":252,"column":3}},"28":{"start":{"line":241,"column":23},"end":{"line":250,"column":5}},"29":{"start":{"line":251,"column":4},"end":{"line":251,"column":82}},"30":{"start":{"line":253,"column":2},"end":{"line":253,"column":70}},"31":{"start":{"line":253,"column":29},"end":{"line":253,"column":70}},"32":{"start":{"line":254,"column":2},"end":{"line":259,"column":3}},"33":{"start":{"line":255,"column":4},"end":{"line":255,"column":58}},"34":{"start":{"line":256,"column":4},"end":{"line":256,"column":37}},"35":{"start":{"line":257,"column":4},"end":{"line":258,"column":86}},"36":{"start":{"line":262,"column":2},"end":{"line":265,"column":3}},"37":{"start":{"line":263,"column":4},"end":{"line":263,"column":38}},"38":{"start":{"line":264,"column":4},"end":{"line":264,"column":57}},"39":{"start":{"line":268,"column":2},"end":{"line":271,"column":3}},"40":{"start":{"line":269,"column":4},"end":{"line":269,"column":39}},"41":{"start":{"line":270,"column":4},"end":{"line":270,"column":65}},"42":{"start":{"line":274,"column":20},"end":{"line":281,"column":3}},"43":{"start":{"line":282,"column":2},"end":{"line":285,"column":3}},"44":{"start":{"line":283,"column":4},"end":{"line":283,"column":38}},"45":{"start":{"line":284,"column":4},"end":{"line":284,"column":89}},"46":{"start":{"line":287,"column":2},"end":{"line":287,"column":17}},"47":{"start":{"line":292,"column":2},"end":{"line":292,"column":48}},"48":{"start":{"line":292,"column":38},"end":{"line":292,"column":48}},"49":{"start":{"line":293,"column":23},"end":{"line":295,"column":4}},"50":{"start":{"line":294,"column":4},"end":{"line":294,"column":29}},"51":{"start":{"line":297,"column":4},"end":{"line":299,"column":44}},"52":{"start":{"line":298,"column":6},"end":{"line":298,"column":42}},"53":{"start":{"line":300,"column":27},"end":{"line":300,"column":63}},"54":{"start":{"line":301,"column":20},"end":{"line":301,"column":50}},"55":{"start":{"line":303,"column":14},"end":{"line":303,"column":39}},"56":{"start":{"line":304,"column":2},"end":{"line":304,"column":56}},"57":{"start":{"line":305,"column":2},"end":{"line":310,"column":9}},"58":{"start":{"line":311,"column":2},"end":{"line":313,"column":3}},"59":{"start":{"line":312,"column":4},"end":{"line":312,"column":59}},"60":{"start":{"line":314,"column":2},"end":{"line":314,"column":15}},"61":{"start":{"line":319,"column":4},"end":{"line":323,"column":79}},"62":{"start":{"line":326,"column":2},"end":{"line":340,"column":3}},"63":{"start":{"line":328,"column":6},"end":{"line":328,"column":43}},"64":{"start":{"line":329,"column":6},"end":{"line":329,"column":12}},"65":{"start":{"line":331,"column":6},"end":{"line":331,"column":35}},"66":{"start":{"line":332,"column":6},"end":{"line":332,"column":12}},"67":{"start":{"line":334,"column":6},"end":{"line":334,"column":44}},"68":{"start":{"line":335,"column":6},"end":{"line":335,"column":12}},"69":{"start":{"line":338,"column":6},"end":{"line":338,"column":40}},"70":{"start":{"line":339,"column":6},"end":{"line":339,"column":12}},"71":{"start":{"line":341,"column":2},"end":{"line":341,"column":34}},"72":{"start":{"line":342,"column":2},"end":{"line":344,"column":3}},"73":{"start":{"line":343,"column":4},"end":{"line":343,"column":38}},"74":{"start":{"line":346,"column":2},"end":{"line":346,"column":25}},"75":{"start":{"line":347,"column":2},"end":{"line":347,"column":14}},"76":{"start":{"line":351,"column":20},"end":{"line":359,"column":1}},"77":{"start":{"line":362,"column":2},"end":{"line":362,"column":26}},"78":{"start":{"line":362,"column":16},"end":{"line":362,"column":26}},"79":{"start":{"line":363,"column":14},"end":{"line":363,"column":77}},"80":{"start":{"line":364,"column":13},"end":{"line":364,"column":35}},"81":{"start":{"line":366,"column":2},"end":{"line":368,"column":3}},"82":{"start":{"line":367,"column":4},"end":{"line":367,"column":40}},"83":{"start":{"line":369,"column":2},"end":{"line":371,"column":3}},"84":{"start":{"line":370,"column":4},"end":{"line":370,"column":61}},"85":{"start":{"line":373,"column":2},"end":{"line":378,"column":9}},"86":{"start":{"line":381,"column":0},"end":{"line":393,"column":2}}},"fnMap":{"0":{"name":"buildAssessmentSystemPrompt","decl":{"start":{"line":97,"column":9},"end":{"line":97,"column":36}},"loc":{"start":{"line":97,"column":39},"end":{"line":120,"column":1}},"line":97},"1":{"name":"buildQASystemPrompt","decl":{"start":{"line":122,"column":9},"end":{"line":122,"column":28}},"loc":{"start":{"line":122,"column":31},"end":{"line":156,"column":1}},"line":122},"2":{"name":"buildGeneralSystemPrompt","decl":{"start":{"line":158,"column":9},"end":{"line":158,"column":33}},"loc":{"start":{"line":158,"column":36},"end":{"line":182,"column":1}},"line":158},"3":{"name":"buildSolutionRecommendPrompt","decl":{"start":{"line":184,"column":9},"end":{"line":184,"column":37}},"loc":{"start":{"line":184,"column":40},"end":{"line":214,"column":1}},"line":184},"4":{"name":"buildUserProfile","decl":{"start":{"line":217,"column":9},"end":{"line":217,"column":25}},"loc":{"start":{"line":217,"column":35},"end":{"line":288,"column":1}},"line":217},"5":{"name":"buildAdaptiveStyle","decl":{"start":{"line":291,"column":9},"end":{"line":291,"column":27}},"loc":{"start":{"line":291,"column":37},"end":{"line":315,"column":1}},"line":291},"6":{"name":"(anonymous_6)","decl":{"start":{"line":293,"column":38},"end":{"line":293,"column":39}},"loc":{"start":{"line":293,"column":51},"end":{"line":295,"column":3}},"line":293},"7":{"name":"(anonymous_7)","decl":{"start":{"line":297,"column":24},"end":{"line":297,"column":25}},"loc":{"start":{"line":297,"column":40},"end":{"line":299,"column":5}},"line":297},"8":{"name":"getSystemPrompt","decl":{"start":{"line":317,"column":9},"end":{"line":317,"column":24}},"loc":{"start":{"line":317,"column":40},"end":{"line":348,"column":1}},"line":317},"9":{"name":"buildProactiveHint","decl":{"start":{"line":361,"column":9},"end":{"line":361,"column":27}},"loc":{"start":{"line":361,"column":37},"end":{"line":379,"column":1}},"line":361}},"branchMap":{"0":{"loc":{"start":{"line":218,"column":2},"end":{"line":218,"column":63}},"type":"if","locations":[{"start":{"line":218,"column":2},"end":{"line":218,"column":63}},{"start":{},"end":{}}],"line":218},"1":{"loc":{"start":{"line":218,"column":6},"end":{"line":218,"column":51}},"type":"binary-expr","locations":[{"start":{"line":218,"column":6},"end":{"line":218,"column":14}},{"start":{"line":218,"column":18},"end":{"line":218,"column":51}}],"line":218},"2":{"loc":{"start":{"line":231,"column":2},"end":{"line":239,"column":3}},"type":"if","locations":[{"start":{"line":231,"column":2},"end":{"line":239,"column":3}},{"start":{},"end":{}}],"line":231},"3":{"loc":{"start":{"line":238,"column":23},"end":{"line":238,"column":77}},"type":"binary-expr","locations":[{"start":{"line":238,"column":23},"end":{"line":238,"column":55}},{"start":{"line":238,"column":59},"end":{"line":238,"column":77}}],"line":238},"4":{"loc":{"start":{"line":240,"column":2},"end":{"line":252,"column":3}},"type":"if","locations":[{"start":{"line":240,"column":2},"end":{"line":252,"column":3}},{"start":{},"end":{}}],"line":240},"5":{"loc":{"start":{"line":251,"column":23},"end":{"line":251,"column":79}},"type":"binary-expr","locations":[{"start":{"line":251,"column":23},"end":{"line":251,"column":55}},{"start":{"line":251,"column":59},"end":{"line":251,"column":79}}],"line":251},"6":{"loc":{"start":{"line":253,"column":2},"end":{"line":253,"column":70}},"type":"if","locations":[{"start":{"line":253,"column":2},"end":{"line":253,"column":70}},{"start":{},"end":{}}],"line":253},"7":{"loc":{"start":{"line":254,"column":2},"end":{"line":259,"column":3}},"type":"if","locations":[{"start":{"line":254,"column":2},"end":{"line":259,"column":3}},{"start":{},"end":{}}],"line":254},"8":{"loc":{"start":{"line":262,"column":2},"end":{"line":265,"column":3}},"type":"if","locations":[{"start":{"line":262,"column":2},"end":{"line":265,"column":3}},{"start":{},"end":{}}],"line":262},"9":{"loc":{"start":{"line":262,"column":6},"end":{"line":262,"column":65}},"type":"binary-expr","locations":[{"start":{"line":262,"column":6},"end":{"line":262,"column":28}},{"start":{"line":262,"column":32},"end":{"line":262,"column":65}}],"line":262},"10":{"loc":{"start":{"line":268,"column":2},"end":{"line":271,"column":3}},"type":"if","locations":[{"start":{"line":268,"column":2},"end":{"line":271,"column":3}},{"start":{},"end":{}}],"line":268},"11":{"loc":{"start":{"line":268,"column":6},"end":{"line":268,"column":57}},"type":"binary-expr","locations":[{"start":{"line":268,"column":6},"end":{"line":268,"column":24}},{"start":{"line":268,"column":28},"end":{"line":268,"column":57}}],"line":268},"12":{"loc":{"start":{"line":282,"column":2},"end":{"line":285,"column":3}},"type":"if","locations":[{"start":{"line":282,"column":2},"end":{"line":285,"column":3}},{"start":{},"end":{}}],"line":282},"13":{"loc":{"start":{"line":284,"column":47},"end":{"line":284,"column":80}},"type":"binary-expr","locations":[{"start":{"line":284,"column":47},"end":{"line":284,"column":70}},{"start":{"line":284,"column":74},"end":{"line":284,"column":80}}],"line":284},"14":{"loc":{"start":{"line":292,"column":2},"end":{"line":292,"column":48}},"type":"if","locations":[{"start":{"line":292,"column":2},"end":{"line":292,"column":48}},{"start":{},"end":{}}],"line":292},"15":{"loc":{"start":{"line":292,"column":6},"end":{"line":292,"column":36}},"type":"binary-expr","locations":[{"start":{"line":292,"column":6},"end":{"line":292,"column":14}},{"start":{"line":292,"column":18},"end":{"line":292,"column":36}}],"line":292},"16":{"loc":{"start":{"line":298,"column":18},"end":{"line":298,"column":33}},"type":"binary-expr","locations":[{"start":{"line":298,"column":18},"end":{"line":298,"column":27}},{"start":{"line":298,"column":31},"end":{"line":298,"column":33}}],"line":298},"17":{"loc":{"start":{"line":300,"column":27},"end":{"line":300,"column":63}},"type":"cond-expr","locations":[{"start":{"line":300,"column":41},"end":{"line":300,"column":51}},{"start":{"line":300,"column":54},"end":{"line":300,"column":63}}],"line":300},"18":{"loc":{"start":{"line":307,"column":5},"end":{"line":309,"column":30}},"type":"cond-expr","locations":[{"start":{"line":308,"column":8},"end":{"line":308,"column":30}},{"start":{"line":309,"column":8},"end":{"line":309,"column":30}}],"line":307},"19":{"loc":{"start":{"line":311,"column":2},"end":{"line":313,"column":3}},"type":"if","locations":[{"start":{"line":311,"column":2},"end":{"line":313,"column":3}},{"start":{},"end":{}}],"line":311},"20":{"loc":{"start":{"line":326,"column":2},"end":{"line":340,"column":3}},"type":"switch","locations":[{"start":{"line":327,"column":4},"end":{"line":329,"column":12}},{"start":{"line":330,"column":4},"end":{"line":332,"column":12}},{"start":{"line":333,"column":4},"end":{"line":335,"column":12}},{"start":{"line":336,"column":4},"end":{"line":336,"column":19}},{"start":{"line":337,"column":4},"end":{"line":339,"column":12}}],"line":326},"21":{"loc":{"start":{"line":342,"column":2},"end":{"line":344,"column":3}},"type":"if","locations":[{"start":{"line":342,"column":2},"end":{"line":344,"column":3}},{"start":{},"end":{}}],"line":342},"22":{"loc":{"start":{"line":362,"column":2},"end":{"line":362,"column":26}},"type":"if","locations":[{"start":{"line":362,"column":2},"end":{"line":362,"column":26}},{"start":{},"end":{}}],"line":362},"23":{"loc":{"start":{"line":363,"column":15},"end":{"line":363,"column":39}},"type":"binary-expr","locations":[{"start":{"line":363,"column":15},"end":{"line":363,"column":33}},{"start":{"line":363,"column":37},"end":{"line":363,"column":39}}],"line":363},"24":{"loc":{"start":{"line":363,"column":50},"end":{"line":363,"column":76}},"type":"binary-expr","locations":[{"start":{"line":363,"column":50},"end":{"line":363,"column":70}},{"start":{"line":363,"column":74},"end":{"line":363,"column":76}}],"line":363},"25":{"loc":{"start":{"line":364,"column":13},"end":{"line":364,"column":35}},"type":"binary-expr","locations":[{"start":{"line":364,"column":13},"end":{"line":364,"column":29}},{"start":{"line":364,"column":33},"end":{"line":364,"column":35}}],"line":364},"26":{"loc":{"start":{"line":366,"column":2},"end":{"line":368,"column":3}},"type":"if","locations":[{"start":{"line":366,"column":2},"end":{"line":368,"column":3}},{"start":{},"end":{}}],"line":366},"27":{"loc":{"start":{"line":366,"column":6},"end":{"line":366,"column":49}},"type":"binary-expr","locations":[{"start":{"line":366,"column":6},"end":{"line":366,"column":11}},{"start":{"line":366,"column":15},"end":{"line":366,"column":49}}],"line":366},"28":{"loc":{"start":{"line":369,"column":2},"end":{"line":371,"column":3}},"type":"if","locations":[{"start":{"line":369,"column":2},"end":{"line":371,"column":3}},{"start":{},"end":{}}],"line":369},"29":{"loc":{"start":{"line":369,"column":6},"end":{"line":369,"column":35}},"type":"binary-expr","locations":[{"start":{"line":369,"column":6},"end":{"line":369,"column":11}},{"start":{"line":369,"column":15},"end":{"line":369,"column":35}}],"line":369},"30":{"loc":{"start":{"line":373,"column":9},"end":{"line":378,"column":8}},"type":"cond-expr","locations":[{"start":{"line":374,"column":6},"end":{"line":377,"column":65}},{"start":{"line":378,"column":6},"end":{"line":378,"column":8}}],"line":373}},"s":{"0":4,"1":4,"2":4,"3":4,"4":4,"5":4,"6":4,"7":4,"8":17,"9":84,"10":52,"11":23,"12":105,"13":99,"14":6,"15":6,"16":6,"17":6,"18":6,"19":6,"20":6,"21":6,"22":6,"23":6,"24":6,"25":1,"26":1,"27":6,"28":1,"29":1,"30":6,"31":0,"32":6,"33":1,"34":1,"35":1,"36":6,"37":0,"38":0,"39":6,"40":0,"41":0,"42":6,"43":6,"44":0,"45":0,"46":6,"47":105,"48":103,"49":2,"50":15,"51":2,"52":9,"53":2,"54":2,"55":2,"56":2,"57":2,"58":2,"59":1,"60":2,"61":176,"62":176,"63":17,"64":17,"65":84,"66":84,"67":23,"68":23,"69":52,"70":52,"71":176,"72":176,"73":105,"74":176,"75":176,"76":4,"77":105,"78":0,"79":105,"80":105,"81":105,"82":1,"83":105,"84":0,"85":105,"86":4},"f":{"0":17,"1":84,"2":52,"3":23,"4":105,"5":105,"6":15,"7":9,"8":176,"9":105},"b":{"0":[99,6],"1":[105,105],"2":[1,5],"3":[1,0],"4":[1,5],"5":[1,0],"6":[0,6],"7":[1,5],"8":[0,6],"9":[6,0],"10":[0,6],"11":[6,0],"12":[0,6],"13":[0,0],"14":[103,2],"15":[105,105],"16":[9,0],"17":[0,2],"18":[0,2],"19":[1,1],"20":[17,84,23,52,52],"21":[105,71],"22":[0,105],"23":[105,104],"24":[105,104],"25":[105,105],"26":[1,104],"27":[105,105],"28":[0,105],"29":[105,104],"30":[1,104]},"_coverageSchema":"1a1c01bbd47fc00a2c39e90264f33305004495a9","hash":"0305edda6bece9fcade8ddd88c4af2aed12e17c7"}
}
