{"/Users/chillment/Downloads/港动人生/住港伴V4-2026-5-21发版/cloudfunctions/invite-code/_cf-error.js": {"path":"/Users/chillment/Downloads/港动人生/住港伴V4-2026-5-21发版/cloudfunctions/invite-code/_cf-error.js","statementMap":{"0":{"start":{"line":11,"column":14},"end":{"line":11,"column":30}},"1":{"start":{"line":13,"column":26},"end":{"line":13,"column":61}},"2":{"start":{"line":14,"column":19},"end":{"line":14,"column":34}},"3":{"start":{"line":15,"column":20},"end":{"line":15,"column":25}},"4":{"start":{"line":17,"column":18},"end":{"line":17,"column":20}},"5":{"start":{"line":20,"column":14},"end":{"line":20,"column":70}},"6":{"start":{"line":21,"column":16},"end":{"line":21,"column":82}},"7":{"start":{"line":22,"column":2},"end":{"line":22,"column":50}},"8":{"start":{"line":26,"column":14},"end":{"line":26,"column":24}},"9":{"start":{"line":27,"column":2},"end":{"line":27,"column":71}},"10":{"start":{"line":27,"column":58},"end":{"line":27,"column":71}},"11":{"start":{"line":28,"column":2},"end":{"line":28,"column":22}},"12":{"start":{"line":29,"column":2},"end":{"line":29,"column":14}},"13":{"start":{"line":33,"column":14},"end":{"line":33,"column":63}},"14":{"start":{"line":34,"column":2},"end":{"line":34,"column":112}},"15":{"start":{"line":34,"column":94},"end":{"line":34,"column":112}},"16":{"start":{"line":35,"column":2},"end":{"line":35,"column":16}},"17":{"start":{"line":39,"column":2},"end":{"line":42,"column":3}},"18":{"start":{"line":40,"column":4},"end":{"line":40,"column":61}},"19":{"start":{"line":41,"column":4},"end":{"line":41,"column":17}},"20":{"start":{"line":43,"column":2},"end":{"line":70,"column":5}},"21":{"start":{"line":44,"column":4},"end":{"line":69,"column":5}},"22":{"start":{"line":45,"column":16},"end":{"line":45,"column":59}},"23":{"start":{"line":46,"column":20},"end":{"line":46,"column":57}},"24":{"start":{"line":47,"column":22},"end":{"line":47,"column":96}},"25":{"start":{"line":49,"column":8},"end":{"line":55,"column":70}},"26":{"start":{"line":57,"column":19},"end":{"line":57,"column":91}},"27":{"start":{"line":58,"column":18},"end":{"line":61,"column":102}},"28":{"start":{"line":61,"column":20},"end":{"line":61,"column":45}},"29":{"start":{"line":61,"column":46},"end":{"line":61,"column":99}},"30":{"start":{"line":61,"column":66},"end":{"line":61,"column":97}},"31":{"start":{"line":62,"column":6},"end":{"line":62,"column":99}},"32":{"start":{"line":62,"column":31},"end":{"line":62,"column":79}},"33":{"start":{"line":62,"column":80},"end":{"line":62,"column":95}},"34":{"start":{"line":63,"column":6},"end":{"line":63,"column":66}},"35":{"start":{"line":63,"column":32},"end":{"line":63,"column":46}},"36":{"start":{"line":63,"column":47},"end":{"line":63,"column":62}},"37":{"start":{"line":64,"column":6},"end":{"line":64,"column":22}},"38":{"start":{"line":65,"column":6},"end":{"line":65,"column":16}},"39":{"start":{"line":67,"column":6},"end":{"line":67,"column":57}},"40":{"start":{"line":68,"column":6},"end":{"line":68,"column":21}},"41":{"start":{"line":74,"column":2},"end":{"line":89,"column":3}},"42":{"start":{"line":75,"column":4},"end":{"line":86,"column":7}},"43":{"start":{"line":88,"column":4},"end":{"line":88,"column":65}},"44":{"start":{"line":93,"column":19},"end":{"line":93,"column":75}},"45":{"start":{"line":94,"column":21},"end":{"line":94,"column":49}},"46":{"start":{"line":95,"column":19},"end":{"line":95,"column":42}},"47":{"start":{"line":96,"column":14},"end":{"line":96,"column":24}},"48":{"start":{"line":97,"column":13},"end":{"line":97,"column":47}},"49":{"start":{"line":99,"column":2},"end":{"line":103,"column":3}},"50":{"start":{"line":100,"column":4},"end":{"line":100,"column":83}},"51":{"start":{"line":102,"column":4},"end":{"line":102,"column":64}},"52":{"start":{"line":105,"column":2},"end":{"line":107,"column":3}},"53":{"start":{"line":106,"column":4},"end":{"line":106,"column":93}},"54":{"start":{"line":110,"column":0},"end":{"line":110,"column":33}}},"fnMap":{"0":{"name":"fingerprint","decl":{"start":{"line":19,"column":9},"end":{"line":19,"column":20}},"loc":{"start":{"line":19,"column":44},"end":{"line":23,"column":1}},"line":19},"1":{"name":"shouldAlert","decl":{"start":{"line":25,"column":9},"end":{"line":25,"column":20}},"loc":{"start":{"line":25,"column":25},"end":{"line":30,"column":1}},"line":25},"2":{"name":"classifySeverity","decl":{"start":{"line":32,"column":9},"end":{"line":32,"column":25}},"loc":{"start":{"line":32,"column":33},"end":{"line":36,"column":1}},"line":32},"3":{"name":"sendWecomAlert","decl":{"start":{"line":38,"column":15},"end":{"line":38,"column":29}},"loc":{"start":{"line":38,"column":93},"end":{"line":71,"column":1}},"line":38},"4":{"name":"(anonymous_4)","decl":{"start":{"line":43,"column":21},"end":{"line":43,"column":22}},"loc":{"start":{"line":43,"column":34},"end":{"line":70,"column":3}},"line":43},"5":{"name":"(anonymous_5)","decl":{"start":{"line":61,"column":9},"end":{"line":61,"column":10}},"loc":{"start":{"line":61,"column":18},"end":{"line":61,"column":101}},"line":61},"6":{"name":"(anonymous_6)","decl":{"start":{"line":61,"column":35},"end":{"line":61,"column":36}},"loc":{"start":{"line":61,"column":41},"end":{"line":61,"column":43}},"line":61},"7":{"name":"(anonymous_7)","decl":{"start":{"line":61,"column":60},"end":{"line":61,"column":61}},"loc":{"start":{"line":61,"column":66},"end":{"line":61,"column":97}},"line":61},"8":{"name":"(anonymous_8)","decl":{"start":{"line":62,"column":22},"end":{"line":62,"column":23}},"loc":{"start":{"line":62,"column":29},"end":{"line":62,"column":97}},"line":62},"9":{"name":"(anonymous_9)","decl":{"start":{"line":63,"column":24},"end":{"line":63,"column":25}},"loc":{"start":{"line":63,"column":30},"end":{"line":63,"column":64}},"line":63},"10":{"name":"logToDb","decl":{"start":{"line":73,"column":15},"end":{"line":73,"column":22}},"loc":{"start":{"line":73,"column":88},"end":{"line":90,"column":1}},"line":73},"11":{"name":"reportError","decl":{"start":{"line":92,"column":15},"end":{"line":92,"column":26}},"loc":{"start":{"line":92,"column":67},"end":{"line":108,"column":1}},"line":92}},"branchMap":{"0":{"loc":{"start":{"line":13,"column":26},"end":{"line":13,"column":61}},"type":"binary-expr","locations":[{"start":{"line":13,"column":26},"end":{"line":13,"column":55}},{"start":{"line":13,"column":59},"end":{"line":13,"column":61}}],"line":13},"1":{"loc":{"start":{"line":20,"column":14},"end":{"line":20,"column":70}},"type":"binary-expr","locations":[{"start":{"line":20,"column":15},"end":{"line":20,"column":20}},{"start":{"line":20,"column":25},"end":{"line":20,"column":38}},{"start":{"line":20,"column":42},"end":{"line":20,"column":55}},{"start":{"line":20,"column":61},"end":{"line":20,"column":70}}],"line":20},"2":{"loc":{"start":{"line":22,"column":22},"end":{"line":22,"column":38}},"type":"binary-expr","locations":[{"start":{"line":22,"column":22},"end":{"line":22,"column":28}},{"start":{"line":22,"column":32},"end":{"line":22,"column":38}}],"line":22},"3":{"loc":{"start":{"line":27,"column":2},"end":{"line":27,"column":71}},"type":"if","locations":[{"start":{"line":27,"column":2},"end":{"line":27,"column":71}},{"start":{},"end":{}}],"line":27},"4":{"loc":{"start":{"line":27,"column":6},"end":{"line":27,"column":56}},"type":"binary-expr","locations":[{"start":{"line":27,"column":6},"end":{"line":27,"column":19}},{"start":{"line":27,"column":23},"end":{"line":27,"column":56}}],"line":27},"5":{"loc":{"start":{"line":33,"column":14},"end":{"line":33,"column":63}},"type":"binary-expr","locations":[{"start":{"line":33,"column":15},"end":{"line":33,"column":20}},{"start":{"line":33,"column":25},"end":{"line":33,"column":38}},{"start":{"line":33,"column":42},"end":{"line":33,"column":55}},{"start":{"line":33,"column":61},"end":{"line":33,"column":63}}],"line":33},"6":{"loc":{"start":{"line":34,"column":2},"end":{"line":34,"column":112}},"type":"if","locations":[{"start":{"line":34,"column":2},"end":{"line":34,"column":112}},{"start":{},"end":{}}],"line":34},"7":{"loc":{"start":{"line":39,"column":2},"end":{"line":42,"column":3}},"type":"if","locations":[{"start":{"line":39,"column":2},"end":{"line":42,"column":3}},{"start":{},"end":{}}],"line":39},"8":{"loc":{"start":{"line":46,"column":20},"end":{"line":46,"column":57}},"type":"cond-expr","locations":[{"start":{"line":46,"column":46},"end":{"line":46,"column":50}},{"start":{"line":46,"column":53},"end":{"line":46,"column":57}}],"line":46},"9":{"loc":{"start":{"line":51,"column":39},"end":{"line":51,"column":55}},"type":"binary-expr","locations":[{"start":{"line":51,"column":39},"end":{"line":51,"column":45}},{"start":{"line":51,"column":49},"end":{"line":51,"column":55}}],"line":51},"10":{"loc":{"start":{"line":54,"column":9},"end":{"line":54,"column":68}},"type":"cond-expr","locations":[{"start":{"line":54,"column":22},"end":{"line":54,"column":63}},{"start":{"line":54,"column":66},"end":{"line":54,"column":68}}],"line":54},"11":{"loc":{"start":{"line":77,"column":16},"end":{"line":77,"column":35}},"type":"binary-expr","locations":[{"start":{"line":77,"column":16},"end":{"line":77,"column":22}},{"start":{"line":77,"column":26},"end":{"line":77,"column":35}}],"line":77},"12":{"loc":{"start":{"line":78,"column":16},"end":{"line":78,"column":32}},"type":"binary-expr","locations":[{"start":{"line":78,"column":16},"end":{"line":78,"column":22}},{"start":{"line":78,"column":26},"end":{"line":78,"column":32}}],"line":78},"13":{"loc":{"start":{"line":80,"column":20},"end":{"line":80,"column":63}},"type":"cond-expr","locations":[{"start":{"line":80,"column":33},"end":{"line":80,"column":58}},{"start":{"line":80,"column":61},"end":{"line":80,"column":63}}],"line":80},"14":{"loc":{"start":{"line":81,"column":18},"end":{"line":81,"column":36}},"type":"binary-expr","locations":[{"start":{"line":81,"column":18},"end":{"line":81,"column":26}},{"start":{"line":81,"column":30},"end":{"line":81,"column":36}}],"line":81},"15":{"loc":{"start":{"line":82,"column":17},"end":{"line":82,"column":30}},"type":"binary-expr","locations":[{"start":{"line":82,"column":17},"end":{"line":82,"column":24}},{"start":{"line":82,"column":28},"end":{"line":82,"column":30}}],"line":82},"16":{"loc":{"start":{"line":93,"column":19},"end":{"line":93,"column":75}},"type":"binary-expr","locations":[{"start":{"line":93,"column":20},"end":{"line":93,"column":25}},{"start":{"line":93,"column":30},"end":{"line":93,"column":43}},{"start":{"line":93,"column":47},"end":{"line":93,"column":60}},{"start":{"line":93,"column":66},"end":{"line":93,"column":75}}],"line":93},"17":{"loc":{"start":{"line":94,"column":21},"end":{"line":94,"column":49}},"type":"binary-expr","locations":[{"start":{"line":94,"column":22},"end":{"line":94,"column":27}},{"start":{"line":94,"column":31},"end":{"line":94,"column":42}},{"start":{"line":94,"column":47},"end":{"line":94,"column":49}}],"line":94},"18":{"loc":{"start":{"line":99,"column":2},"end":{"line":103,"column":3}},"type":"if","locations":[{"start":{"line":99,"column":2},"end":{"line":103,"column":3}},{"start":{"line":101,"column":9},"end":{"line":103,"column":3}}],"line":99},"19":{"loc":{"start":{"line":105,"column":2},"end":{"line":107,"column":3}},"type":"if","locations":[{"start":{"line":105,"column":2},"end":{"line":107,"column":3}},{"start":{},"end":{}}],"line":105}},"s":{"0":9,"1":9,"2":9,"3":9,"4":9,"5":23,"6":23,"7":23,"8":23,"9":23,"10":2,"11":21,"12":21,"13":23,"14":23,"15":1,"16":22,"17":21,"18":14,"19":14,"20":7,"21":7,"22":7,"23":6,"24":6,"25":6,"26":6,"27":6,"28":1,"29":1,"30":1,"31":6,"32":0,"33":0,"34":1,"35":0,"36":0,"37":1,"38":1,"39":6,"40":6,"41":22,"42":22,"43":1,"44":23,"45":23,"46":23,"47":23,"48":23,"49":23,"50":22,"51":1,"52":23,"53":21,"54":9},"f":{"0":23,"1":23,"2":23,"3":21,"4":7,"5":1,"6":1,"7":1,"8":0,"9":0,"10":22,"11":23},"b":{"0":[9,2],"1":[23,23,0,0],"2":[23,0],"3":[2,21],"4":[23,2],"5":[23,23,0,0],"6":[1,22],"7":[14,7],"8":[1,5],"9":[6,0],"10":[6,0],"11":[22,0],"12":[22,0],"13":[22,0],"14":[22,0],"15":[22,20],"16":[23,23,0,0],"17":[23,23,0],"18":[22,1],"19":[21,2]},"_coverageSchema":"1a1c01bbd47fc00a2c39e90264f33305004495a9","hash":"9fc0cbb3357167a98f0814d7c828e1d6c0758c3a"}
}
