TN:
SF:cloudfunctions/invite-code/_cf-error.js
FN:19,fingerprint
FN:25,shouldAlert
FN:32,classifySeverity
FN:38,sendWecomAlert
FN:43,(anonymous_4)
FN:61,(anonymous_5)
FN:61,(anonymous_6)
FN:61,(anonymous_7)
FN:62,(anonymous_8)
FN:63,(anonymous_9)
FN:73,logToDb
FN:92,reportError
FNF:12
FNH:10
FNDA:23,fingerprint
FNDA:23,shouldAlert
FNDA:23,classifySeverity
FNDA:21,sendWecomAlert
FNDA:7,(anonymous_4)
FNDA:1,(anonymous_5)
FNDA:1,(anonymous_6)
FNDA:1,(anonymous_7)
FNDA:0,(anonymous_8)
FNDA:0,(anonymous_9)
FNDA:22,logToDb
FNDA:23,reportError
DA:11,9
DA:13,9
DA:14,9
DA:15,9
DA:17,9
DA:20,23
DA:21,23
DA:22,23
DA:26,23
DA:27,23
DA:28,21
DA:29,21
DA:33,23
DA:34,23
DA:35,22
DA:39,21
DA:40,14
DA:41,14
DA:43,7
DA:44,7
DA:45,7
DA:46,6
DA:47,6
DA:49,6
DA:57,6
DA:58,6
DA:61,1
DA:62,6
DA:63,1
DA:64,1
DA:65,1
DA:67,6
DA:68,6
DA:74,22
DA:75,22
DA:88,1
DA:93,23
DA:94,23
DA:95,23
DA:96,23
DA:97,23
DA:99,23
DA:100,22
DA:102,1
DA:105,23
DA:106,21
DA:110,9
LF:47
LH:47
BRDA:13,0,0,9
BRDA:13,0,1,2
BRDA:20,1,0,23
BRDA:20,1,1,23
BRDA:20,1,2,0
BRDA:20,1,3,0
BRDA:22,2,0,23
BRDA:22,2,1,0
BRDA:27,3,0,2
BRDA:27,3,1,21
BRDA:27,4,0,23
BRDA:27,4,1,2
BRDA:33,5,0,23
BRDA:33,5,1,23
BRDA:33,5,2,0
BRDA:33,5,3,0
BRDA:34,6,0,1
BRDA:34,6,1,22
BRDA:39,7,0,14
BRDA:39,7,1,7
BRDA:46,8,0,1
BRDA:46,8,1,5
BRDA:51,9,0,6
BRDA:51,9,1,0
BRDA:54,10,0,6
BRDA:54,10,1,0
BRDA:77,11,0,22
BRDA:77,11,1,0
BRDA:78,12,0,22
BRDA:78,12,1,0
BRDA:80,13,0,22
BRDA:80,13,1,0
BRDA:81,14,0,22
BRDA:81,14,1,0
BRDA:82,15,0,22
BRDA:82,15,1,20
BRDA:93,16,0,23
BRDA:93,16,1,23
BRDA:93,16,2,0
BRDA:93,16,3,0
BRDA:94,17,0,23
BRDA:94,17,1,23
BRDA:94,17,2,0
BRDA:99,18,0,22
BRDA:99,18,1,1
BRDA:105,19,0,21
BRDA:105,19,1,2
BRF:47
BRH:33
end_of_record
