TN:
SF:cloudfunctions/ai-chat/context-builder.js
FN:24,maskName
FN:29,maskIdNumber
FN:34,maskIncome
FN:41,maskAddress
FN:54,buildUserContext
FN:118,(anonymous_5)
FN:170,(anonymous_6)
FN:187,(anonymous_7)
FN:216,buildUserProfileXml
FN:288,(anonymous_9)
FN:308,escXml
FNF:11
FNH:1
FNDA:0,maskName
FNDA:0,maskIdNumber
FNDA:0,maskIncome
FNDA:0,maskAddress
FNDA:0,buildUserContext
FNDA:0,(anonymous_5)
FNDA:0,(anonymous_6)
FNDA:0,(anonymous_7)
FNDA:83,buildUserProfileXml
FNDA:0,(anonymous_9)
FNDA:0,escXml
DA:16,3
DA:17,3
DA:18,3
DA:19,3
DA:25,0
DA:26,0
DA:30,0
DA:31,0
DA:35,0
DA:36,0
DA:37,0
DA:38,0
DA:42,0
DA:43,0
DA:44,0
DA:55,0
DA:56,0
DA:59,0
DA:60,0
DA:69,0
DA:74,0
DA:77,0
DA:78,0
DA:87,0
DA:88,0
DA:96,0
DA:97,0
DA:98,0
DA:99,0
DA:107,0
DA:108,0
DA:113,0
DA:114,0
DA:115,0
DA:116,0
DA:117,0
DA:118,0
DA:119,0
DA:126,0
DA:130,0
DA:131,0
DA:134,0
DA:135,0
DA:136,0
DA:143,0
DA:147,0
DA:148,0
DA:151,0
DA:152,0
DA:159,0
DA:163,0
DA:164,0
DA:169,0
DA:170,0
DA:171,0
DA:173,0
DA:174,0
DA:186,0
DA:187,0
DA:188,0
DA:190,0
DA:192,0
DA:199,3
DA:218,83
DA:219,83
DA:222,0
DA:225,0
DA:226,0
DA:227,0
DA:228,0
DA:230,0
DA:231,0
DA:233,0
DA:234,0
DA:236,0
DA:237,0
DA:239,0
DA:240,0
DA:242,0
DA:246,0
DA:247,0
DA:248,0
DA:249,0
DA:251,0
DA:252,0
DA:254,0
DA:255,0
DA:257,0
DA:258,0
DA:259,0
DA:260,0
DA:261,0
DA:262,0
DA:263,0
DA:264,0
DA:266,0
DA:268,0
DA:272,0
DA:273,0
DA:274,0
DA:275,0
DA:276,0
DA:279,0
DA:281,0
DA:285,0
DA:286,0
DA:288,0
DA:289,0
DA:291,0
DA:292,0
DA:294,0
DA:295,0
DA:298,0
DA:299,0
DA:300,0
DA:302,0
DA:309,0
DA:310,0
DA:319,3
LF:119
LH:8
BRDA:25,0,0,0
BRDA:25,0,1,0
BRDA:25,1,0,0
BRDA:25,1,1,0
BRDA:30,2,0,0
BRDA:30,2,1,0
BRDA:30,3,0,0
BRDA:30,3,1,0
BRDA:35,4,0,0
BRDA:35,4,1,0
BRDA:36,5,0,0
BRDA:36,5,1,0
BRDA:37,6,0,0
BRDA:37,6,1,0
BRDA:42,7,0,0
BRDA:42,7,1,0
BRDA:44,8,0,0
BRDA:44,8,1,0
BRDA:59,9,0,0
BRDA:59,9,1,0
BRDA:72,10,0,0
BRDA:72,10,1,0
BRDA:77,11,0,0
BRDA:77,11,1,0
BRDA:87,12,0,0
BRDA:87,12,1,0
BRDA:91,13,0,0
BRDA:91,13,1,0
BRDA:96,14,0,0
BRDA:96,14,1,0
BRDA:97,15,0,0
BRDA:97,15,1,0
BRDA:98,16,0,0
BRDA:98,16,1,0
BRDA:98,16,2,0
BRDA:102,17,0,0
BRDA:102,17,1,0
BRDA:102,18,0,0
BRDA:102,18,1,0
BRDA:113,19,0,0
BRDA:113,19,1,0
BRDA:113,20,0,0
BRDA:113,20,1,0
BRDA:116,21,0,0
BRDA:116,21,1,0
BRDA:117,22,0,0
BRDA:117,22,1,0
BRDA:118,23,0,0
BRDA:118,23,1,0
BRDA:134,24,0,0
BRDA:134,24,1,0
BRDA:135,25,0,0
BRDA:135,25,1,0
BRDA:151,26,0,0
BRDA:151,26,1,0
BRDA:169,27,0,0
BRDA:169,27,1,0
BRDA:169,28,0,0
BRDA:169,28,1,0
BRDA:171,29,0,0
BRDA:171,29,1,0
BRDA:171,29,2,0
BRDA:173,30,0,0
BRDA:173,30,1,0
BRDA:218,31,0,83
BRDA:218,31,1,0
BRDA:218,32,0,83
BRDA:218,32,1,83
BRDA:225,33,0,0
BRDA:225,33,1,0
BRDA:227,34,0,0
BRDA:227,34,1,0
BRDA:230,35,0,0
BRDA:230,35,1,0
BRDA:233,36,0,0
BRDA:233,36,1,0
BRDA:236,37,0,0
BRDA:236,37,1,0
BRDA:239,38,0,0
BRDA:239,38,1,0
BRDA:246,39,0,0
BRDA:246,39,1,0
BRDA:248,40,0,0
BRDA:248,40,1,0
BRDA:251,41,0,0
BRDA:251,41,1,0
BRDA:254,42,0,0
BRDA:254,42,1,0
BRDA:257,43,0,0
BRDA:257,43,1,0
BRDA:257,44,0,0
BRDA:257,44,1,0
BRDA:262,45,0,0
BRDA:262,45,1,0
BRDA:263,46,0,0
BRDA:263,46,1,0
BRDA:272,47,0,0
BRDA:272,47,1,0
BRDA:275,48,0,0
BRDA:275,48,1,0
BRDA:276,49,0,0
BRDA:276,49,1,0
BRDA:285,50,0,0
BRDA:285,50,1,0
BRDA:285,51,0,0
BRDA:285,51,1,0
BRDA:289,52,0,0
BRDA:289,52,1,0
BRDA:291,53,0,0
BRDA:291,53,1,0
BRDA:309,54,0,0
BRDA:309,54,1,0
BRDA:309,55,0,0
BRDA:309,55,1,0
BRF:114
BRH:3
end_of_record
TN:
SF:cloudfunctions/ai-chat/domain-router.js
FN:83,scoreDomain
FN:124,detectDomain
FN:149,(anonymous_2)
FN:188,applyDomainFilter
FNF:4
FNH:4
FNDA:408,scoreDomain
FNDA:53,detectDomain
FNDA:1,(anonymous_2)
FNDA:17,applyDomainFilter
DA:11,3
DA:75,3
DA:84,408
DA:87,408
DA:88,1088
DA:89,17
DA:94,408
DA:95,1360
DA:96,0
DA:101,408
DA:102,1530
DA:103,20
DA:107,408
DA:111,3
DA:125,53
DA:127,53
DA:130,53
DA:133,34
DA:134,204
DA:138,34
DA:139,34
DA:140,34
DA:141,408
DA:142,408
DA:143,408
DA:144,19
DA:149,34
DA:150,1
DA:154,34
DA:156,1
DA:157,0
DA:160,1
DA:164,33
DA:166,33
DA:168,17
DA:169,17
DA:170,17
DA:174,16
DA:178,0
DA:189,17
DA:191,17
DA:192,17
DA:194,17
DA:195,0
DA:196,17
DA:197,17
DA:201,17
DA:202,17
DA:205,0
DA:208,3
LF:50
LH:45
BRDA:88,0,0,17
BRDA:88,0,1,1071
BRDA:95,1,0,0
BRDA:95,1,1,1360
BRDA:102,2,0,20
BRDA:102,2,1,1510
BRDA:125,3,0,0
BRDA:125,3,1,53
BRDA:125,4,0,53
BRDA:125,4,1,53
BRDA:130,5,0,19
BRDA:130,5,1,34
BRDA:134,6,0,0
BRDA:134,6,1,204
BRDA:143,7,0,19
BRDA:143,7,1,389
BRDA:154,8,0,1
BRDA:154,8,1,33
BRDA:156,9,0,0
BRDA:156,9,1,1
BRDA:156,10,0,1
BRDA:156,10,1,0
BRDA:164,11,0,33
BRDA:164,11,1,0
BRDA:166,12,0,17
BRDA:166,12,1,16
BRDA:166,13,0,33
BRDA:166,13,1,18
BRDA:168,14,0,17
BRDA:168,14,1,1
BRDA:169,15,0,17
BRDA:169,15,1,0
BRDA:189,16,0,0
BRDA:189,16,1,17
BRDA:194,17,0,0
BRDA:194,17,1,17
BRDA:196,18,0,17
BRDA:196,18,1,0
BRDA:201,19,0,17
BRDA:201,19,1,0
BRF:40
BRH:29
end_of_record
TN:
SF:cloudfunctions/ai-chat/index.js
FN:60,getApp
FN:67,getDb
FN:84,scanForK2Leak
FN:99,tokenize
FN:103,(anonymous_4)
FN:109,fallbackTokenize
FN:124,(anonymous_6)
FN:131,getCacheKey
FN:135,getCachedRAG
FN:144,setCachedRAG
FN:150,(anonymous_10)
FN:156,httpPostJson
FN:157,(anonymous_12)
FN:169,(anonymous_13)
FN:171,(anonymous_14)
FN:172,(anonymous_15)
FN:176,(anonymous_16)
FN:177,(anonymous_17)
FN:181,(anonymous_18)
FN:191,cosineSimilarity
FN:205,vectorSearch
FN:208,(anonymous_21)
FN:216,(anonymous_22)
FN:217,(anonymous_23)
FN:223,fusionRank
FN:273,(anonymous_25)
FN:276,scoreByKeywords
FN:277,(anonymous_27)
FN:288,(anonymous_28)
FN:294,getHunyuanClient
FN:314,getEmbeddingCacheKey
FN:318,getCachedEmbedding
FN:325,setCachedEmbedding
FN:339,getEmbedding
FN:354,(anonymous_34)
FN:355,(anonymous_35)
FN:370,retrieveContext
FN:404,(anonymous_37)
FN:451,(anonymous_38)
FN:464,(anonymous_39)
FN:473,(anonymous_40)
FN:479,(anonymous_41)
FN:489,(anonymous_42)
FN:491,(anonymous_43)
FN:498,(anonymous_44)
FN:509,(anonymous_45)
FN:516,(anonymous_46)
FN:524,(anonymous_47)
FN:533,fetchBatch
FN:555,computeConfidence
FN:562,(anonymous_50)
FN:564,(anonymous_51)
FN:589,buildDeepSeekRequest
FN:624,withTimeout
FN:627,(anonymous_54)
FN:628,(anonymous_55)
FN:633,callDeepSeek
FN:681,buildFallbackResponse
FN:685,(anonymous_58)
FN:698,processHistory
FN:711,(anonymous_60)
FN:722,compressHistory
FN:739,(anonymous_62)
FN:754,buildContextMessage
FN:792,logConversation
FN:818,(anonymous_65)
FN:826,handleFeedback
FN:864,getNextTurnNumber
FN:879,(anonymous_68)
FN:939,(anonymous_69)
FN:939,(anonymous_70)
FN:957,(anonymous_71)
FN:1075,(anonymous_72)
FN:1084,(anonymous_73)
FN:1110,(anonymous_74)
FN:1119,(anonymous_75)
FN:1154,(anonymous_76)
FN:1163,handleStreamResponse
FN:1186,(anonymous_78)
FN:1198,(anonymous_79)
FN:1253,(anonymous_80)
FN:1284,(anonymous_81)
FN:1298,(anonymous_82)
FN:1310,stripQuickRepliesBlock
FN:1359,extractConfidenceLabel
FN:1377,respond
FN:1398,generateQuickRepliesByDim
FN:1402,(anonymous_87)
FN:1422,detectAssessmentDim
FN:1430,parseAssessmentJSON
FN:1456,parseAssessmentResult
FN:1472,generateAssessmentQuickReplies
FN:1488,(anonymous_92)
FNF:93
FNH:24
FNDA:91,getApp
FNDA:332,getDb
FNDA:0,scanForK2Leak
FNDA:83,tokenize
FNDA:0,(anonymous_4)
FNDA:83,fallbackTokenize
FNDA:197,(anonymous_6)
FNDA:166,getCacheKey
FNDA:83,getCachedRAG
FNDA:0,setCachedRAG
FNDA:0,(anonymous_10)
FNDA:0,httpPostJson
FNDA:0,(anonymous_12)
FNDA:0,(anonymous_13)
FNDA:0,(anonymous_14)
FNDA:0,(anonymous_15)
FNDA:0,(anonymous_16)
FNDA:0,(anonymous_17)
FNDA:0,(anonymous_18)
FNDA:0,cosineSimilarity
FNDA:0,vectorSearch
FNDA:0,(anonymous_21)
FNDA:0,(anonymous_22)
FNDA:0,(anonymous_23)
FNDA:0,fusionRank
FNDA:0,(anonymous_25)
FNDA:0,scoreByKeywords
FNDA:0,(anonymous_27)
FNDA:0,(anonymous_28)
FNDA:0,getHunyuanClient
FNDA:0,getEmbeddingCacheKey
FNDA:0,getCachedEmbedding
FNDA:0,setCachedEmbedding
FNDA:0,getEmbedding
FNDA:0,(anonymous_34)
FNDA:0,(anonymous_35)
FNDA:83,retrieveContext
FNDA:136,(anonymous_37)
FNDA:0,(anonymous_38)
FNDA:0,(anonymous_39)
FNDA:0,(anonymous_40)
FNDA:0,(anonymous_41)
FNDA:0,(anonymous_42)
FNDA:0,(anonymous_43)
FNDA:0,(anonymous_44)
FNDA:0,(anonymous_45)
FNDA:0,(anonymous_46)
FNDA:0,(anonymous_47)
FNDA:83,fetchBatch
FNDA:83,computeConfidence
FNDA:0,(anonymous_50)
FNDA:0,(anonymous_51)
FNDA:83,buildDeepSeekRequest
FNDA:9,withTimeout
FNDA:9,(anonymous_54)
FNDA:0,(anonymous_55)
FNDA:83,callDeepSeek
FNDA:83,buildFallbackResponse
FNDA:0,(anonymous_58)
FNDA:0,processHistory
FNDA:0,(anonymous_60)
FNDA:0,compressHistory
FNDA:0,(anonymous_62)
FNDA:83,buildContextMessage
FNDA:83,logConversation
FNDA:0,(anonymous_65)
FNDA:0,handleFeedback
FNDA:83,getNextTurnNumber
FNDA:88,(anonymous_68)
FNDA:83,(anonymous_69)
FNDA:0,(anonymous_70)
FNDA:0,(anonymous_71)
FNDA:0,(anonymous_72)
FNDA:0,(anonymous_73)
FNDA:0,(anonymous_74)
FNDA:0,(anonymous_75)
FNDA:0,(anonymous_76)
FNDA:0,handleStreamResponse
FNDA:0,(anonymous_78)
FNDA:0,(anonymous_79)
FNDA:0,(anonymous_80)
FNDA:0,(anonymous_81)
FNDA:0,(anonymous_82)
FNDA:0,stripQuickRepliesBlock
FNDA:0,extractConfidenceLabel
FNDA:88,respond
FNDA:0,generateQuickRepliesByDim
FNDA:0,(anonymous_87)
FNDA:0,detectAssessmentDim
FNDA:0,parseAssessmentJSON
FNDA:0,parseAssessmentResult
FNDA:1,generateAssessmentQuickReplies
FNDA:6,(anonymous_92)
DA:30,3
DA:31,3
DA:32,3
DA:33,3
DA:34,3
DA:36,3
DA:37,3
DA:38,3
DA:41,3
DA:42,3
DA:43,3
DA:44,0
DA:45,0
DA:47,3
DA:50,3
DA:51,3
DA:52,3
DA:53,3
DA:56,3
DA:57,3
DA:61,91
DA:62,3
DA:64,91
DA:68,332
DA:69,3
DA:71,332
DA:75,3
DA:85,0
DA:86,0
DA:87,0
DA:88,0
DA:89,0
DA:92,0
DA:96,3
DA:97,3
DA:100,83
DA:101,83
DA:102,0
DA:103,0
DA:106,83
DA:110,83
DA:111,83
DA:112,83
DA:113,83
DA:114,84
DA:115,84
DA:116,84
DA:117,75
DA:118,188
DA:121,9
DA:124,197
DA:128,3
DA:129,3
DA:132,166
DA:136,83
DA:137,83
DA:138,83
DA:139,0
DA:141,83
DA:145,0
DA:146,0
DA:148,0
DA:149,0
DA:150,0
DA:151,0
DA:157,0
DA:158,0
DA:159,0
DA:169,0
DA:170,0
DA:171,0
DA:172,0
DA:173,0
DA:176,0
DA:177,0
DA:181,0
DA:182,0
DA:184,0
DA:185,0
DA:186,0
DA:192,0
DA:193,0
DA:194,0
DA:195,0
DA:196,0
DA:197,0
DA:199,0
DA:200,0
DA:206,0
DA:207,0
DA:208,0
DA:209,0
DA:210,0
DA:211,0
DA:213,0
DA:215,0
DA:216,0
DA:217,0
DA:224,0
DA:227,0
DA:228,0
DA:229,0
DA:230,0
DA:231,0
DA:238,0
DA:239,0
DA:240,0
DA:241,0
DA:242,0
DA:243,0
DA:244,0
DA:245,0
DA:247,0
DA:255,0
DA:256,0
DA:257,0
DA:258,0
DA:259,0
DA:260,0
DA:261,0
DA:262,0
DA:263,0
DA:265,0
DA:272,0
DA:273,0
DA:277,0
DA:278,0
DA:279,0
DA:280,0
DA:281,0
DA:282,0
DA:283,0
DA:284,0
DA:285,0
DA:287,0
DA:288,0
DA:293,3
DA:295,0
DA:296,0
DA:297,0
DA:298,0
DA:299,0
DA:306,0
DA:307,0
DA:310,3
DA:311,3
DA:312,3
DA:315,0
DA:319,0
DA:320,0
DA:321,0
DA:322,0
DA:326,0
DA:327,0
DA:328,0
DA:329,0
DA:331,0
DA:332,0
DA:333,0
DA:340,0
DA:341,0
DA:344,0
DA:345,0
DA:346,0
DA:347,0
DA:350,0
DA:352,0
DA:355,0
DA:358,0
DA:359,0
DA:360,0
DA:361,0
DA:363,0
DA:365,0
DA:366,0
DA:371,83
DA:374,83
DA:375,83
DA:376,83
DA:377,0
DA:378,0
DA:381,83
DA:382,83
DA:385,83
DA:388,83
DA:389,17
DA:390,66
DA:391,1
DA:392,65
DA:393,9
DA:396,83
DA:397,83
DA:398,83
DA:400,83
DA:402,83
DA:403,83
DA:404,83
DA:405,136
DA:406,136
DA:408,48
DA:409,48
DA:418,0
DA:420,83
DA:421,83
DA:424,0
DA:427,48
DA:428,48
DA:431,35
DA:432,35
DA:436,0
DA:437,0
DA:438,0
DA:439,0
DA:440,0
DA:443,0
DA:448,0
DA:449,0
DA:451,0
DA:455,0
DA:456,0
DA:457,0
DA:459,0
DA:462,0
DA:463,0
DA:464,0
DA:466,0
DA:470,0
DA:473,0
DA:474,0
DA:475,0
DA:479,0
DA:480,0
DA:481,0
DA:484,0
DA:487,0
DA:488,0
DA:489,0
DA:490,0
DA:491,0
DA:496,0
DA:497,0
DA:498,0
DA:499,0
DA:500,0
DA:501,0
DA:502,0
DA:503,0
DA:507,0
DA:510,0
DA:515,0
DA:516,0
DA:524,0
DA:525,0
DA:526,0
DA:527,0
DA:530,0
DA:534,83
DA:539,83
DA:540,83
DA:541,83
DA:542,83
DA:543,83
DA:545,35
DA:546,0
DA:547,0
DA:549,35
DA:556,83
DA:557,83
DA:558,83
DA:562,0
DA:563,0
DA:564,0
DA:568,0
DA:569,0
DA:570,0
DA:571,0
DA:572,0
DA:573,0
DA:575,0
DA:576,0
DA:579,0
DA:590,83
DA:593,83
DA:594,83
DA:597,83
DA:600,83
DA:601,83
DA:602,83
DA:603,0
DA:606,83
DA:617,83
DA:618,1
DA:621,83
DA:625,9
DA:628,9
DA:634,83
DA:635,83
DA:636,74
DA:637,74
DA:640,9
DA:641,9
DA:642,9
DA:643,9
DA:646,9
DA:647,9
DA:655,9
DA:657,0
DA:662,9
DA:663,9
DA:664,9
DA:667,0
DA:668,0
DA:671,0
DA:672,0
DA:673,0
DA:675,9
DA:676,9
DA:682,83
DA:683,83
DA:684,0
DA:685,0
DA:686,0
DA:688,0
DA:691,0
DA:692,0
DA:694,83
DA:699,0
DA:702,0
DA:703,0
DA:704,0
DA:705,0
DA:706,0
DA:707,0
DA:711,0
DA:723,0
DA:725,0
DA:728,0
DA:730,0
DA:731,0
DA:735,0
DA:736,0
DA:739,0
DA:740,0
DA:741,0
DA:743,0
DA:745,0
DA:750,0
DA:755,83
DA:758,5
DA:759,5
DA:760,0
DA:761,0
DA:763,5
DA:764,0
DA:765,0
DA:767,5
DA:768,0
DA:770,5
DA:771,0
DA:773,5
DA:774,0
DA:776,5
DA:777,1
DA:779,5
DA:780,0
DA:781,0
DA:784,5
DA:793,83
DA:794,83
DA:795,83
DA:827,0
DA:828,0
DA:829,0
DA:830,0
DA:831,0
DA:832,0
DA:835,0
DA:836,0
DA:840,0
DA:841,0
DA:846,0
DA:855,0
DA:857,0
DA:858,0
DA:865,83
DA:866,83
DA:867,83
DA:868,83
DA:871,35
DA:873,48
DA:874,48
DA:879,3
DA:880,88
DA:883,88
DA:888,88
DA:889,88
DA:890,88
DA:891,0
DA:895,88
DA:896,0
DA:900,88
DA:901,0
DA:904,88
DA:905,88
DA:906,88
DA:907,88
DA:908,88
DA:909,88
DA:912,88
DA:913,5
DA:916,83
DA:917,83
DA:920,83
DA:925,83
DA:926,249
DA:927,0
DA:928,0
DA:932,83
DA:933,83
DA:934,83
DA:935,83
DA:938,83
DA:939,83
DA:941,83
DA:944,83
DA:945,83
DA:946,53
DA:947,53
DA:948,18
DA:949,18
DA:955,83
DA:957,0
DA:959,83
DA:962,83
DA:963,83
DA:964,83
DA:967,83
DA:968,83
DA:969,0
DA:970,0
DA:971,0
DA:972,0
DA:974,0
DA:979,83
DA:981,83
DA:986,83
DA:987,83
DA:988,83
DA:989,83
DA:990,83
DA:991,0
DA:994,0
DA:998,83
DA:1003,83
DA:1005,83
DA:1008,83
DA:1010,83
DA:1011,83
DA:1012,83
DA:1013,0
DA:1015,83
DA:1018,83
DA:1019,83
DA:1023,83
DA:1025,0
DA:1026,0
DA:1027,0
DA:1031,0
DA:1032,0
DA:1033,0
DA:1037,0
DA:1038,0
DA:1039,0
DA:1040,0
DA:1041,0
DA:1042,0
DA:1043,0
DA:1044,0
DA:1045,0
DA:1049,0
DA:1050,0
DA:1051,0
DA:1054,0
DA:1058,0
DA:1062,0
DA:1063,0
DA:1064,0
DA:1065,0
DA:1069,0
DA:1072,0
DA:1073,0
DA:1075,0
DA:1086,83
DA:1088,0
DA:1089,0
DA:1092,0
DA:1095,83
DA:1098,83
DA:1099,83
DA:1100,83
DA:1101,0
DA:1102,0
DA:1104,83
DA:1106,83
DA:1108,83
DA:1110,0
DA:1123,83
DA:1125,1
DA:1126,1
DA:1130,83
DA:1142,0
DA:1143,0
DA:1156,0
DA:1166,0
DA:1167,0
DA:1169,0
DA:1172,0
DA:1173,0
DA:1181,0
DA:1186,0
DA:1189,0
DA:1190,0
DA:1191,0
DA:1192,0
DA:1193,0
DA:1194,0
DA:1195,0
DA:1198,0
DA:1199,0
DA:1200,0
DA:1201,0
DA:1202,0
DA:1206,0
DA:1207,0
DA:1208,0
DA:1209,0
DA:1210,0
DA:1211,0
DA:1213,0
DA:1214,0
DA:1215,0
DA:1216,0
DA:1217,0
DA:1218,0
DA:1219,0
DA:1220,0
DA:1221,0
DA:1222,0
DA:1229,0
DA:1232,0
DA:1233,0
DA:1234,0
DA:1236,0
DA:1237,0
DA:1238,0
DA:1259,0
DA:1260,0
DA:1261,0
DA:1263,0
DA:1264,0
DA:1267,0
DA:1277,0
DA:1278,0
DA:1284,0
DA:1302,0
DA:1305,0
DA:1311,0
DA:1312,0
DA:1315,0
DA:1316,0
DA:1320,0
DA:1323,0
DA:1324,0
DA:1325,0
DA:1326,0
DA:1327,0
DA:1328,0
DA:1329,0
DA:1333,0
DA:1338,0
DA:1340,0
DA:1342,0
DA:1351,3
DA:1360,0
DA:1362,0
DA:1363,0
DA:1364,0
DA:1365,0
DA:1366,0
DA:1368,0
DA:1369,0
DA:1378,88
DA:1380,88
DA:1384,3
DA:1399,0
DA:1400,0
DA:1401,0
DA:1402,0
DA:1403,0
DA:1408,3
DA:1423,0
DA:1424,0
DA:1425,0
DA:1427,0
DA:1431,0
DA:1432,0
DA:1434,0
DA:1435,0
DA:1436,0
DA:1437,0
DA:1438,0
DA:1442,0
DA:1444,0
DA:1445,0
DA:1446,0
DA:1447,0
DA:1448,0
DA:1453,0
DA:1457,0
DA:1458,0
DA:1459,0
DA:1460,0
DA:1461,0
DA:1462,0
DA:1463,0
DA:1464,0
DA:1465,0
DA:1467,0
DA:1468,0
DA:1473,1
DA:1487,1
DA:1488,6
DA:1492,0
LF:633
LH:225
BRDA:61,0,0,3
BRDA:61,0,1,88
BRDA:68,1,0,3
BRDA:68,1,1,329
BRDA:85,2,0,0
BRDA:85,2,1,0
BRDA:88,3,0,0
BRDA:88,3,1,0
BRDA:100,4,0,0
BRDA:100,4,1,83
BRDA:101,5,0,0
BRDA:101,5,1,83
BRDA:115,6,0,0
BRDA:115,6,1,84
BRDA:116,7,0,75
BRDA:116,7,1,9
BRDA:132,8,0,166
BRDA:132,8,1,0
BRDA:138,9,0,0
BRDA:138,9,1,83
BRDA:138,10,0,83
BRDA:138,10,1,0
BRDA:149,11,0,0
BRDA:149,11,1,0
BRDA:166,12,0,0
BRDA:166,12,1,0
BRDA:167,13,0,0
BRDA:167,13,1,0
BRDA:174,14,0,0
BRDA:174,14,1,0
BRDA:182,15,0,0
BRDA:182,15,1,0
BRDA:192,16,0,0
BRDA:192,16,1,0
BRDA:192,17,0,0
BRDA:192,17,1,0
BRDA:192,17,2,0
BRDA:200,18,0,0
BRDA:200,18,1,0
BRDA:206,19,0,0
BRDA:206,19,1,0
BRDA:206,20,0,0
BRDA:206,20,1,0
BRDA:206,20,2,0
BRDA:207,21,0,0
BRDA:207,21,1,0
BRDA:207,22,0,0
BRDA:207,22,1,0
BRDA:210,23,0,0
BRDA:210,23,1,0
BRDA:210,24,0,0
BRDA:210,24,1,0
BRDA:210,24,2,0
BRDA:218,25,0,0
BRDA:218,25,1,0
BRDA:229,26,0,0
BRDA:229,26,1,0
BRDA:229,27,0,0
BRDA:229,27,1,0
BRDA:233,28,0,0
BRDA:233,28,1,0
BRDA:240,29,0,0
BRDA:240,29,1,0
BRDA:240,30,0,0
BRDA:240,30,1,0
BRDA:243,31,0,0
BRDA:243,31,1,0
BRDA:244,32,0,0
BRDA:244,32,1,0
BRDA:255,33,0,0
BRDA:255,33,1,0
BRDA:258,34,0,0
BRDA:258,34,1,0
BRDA:258,35,0,0
BRDA:258,35,1,0
BRDA:261,36,0,0
BRDA:261,36,1,0
BRDA:262,37,0,0
BRDA:262,37,1,0
BRDA:278,38,0,0
BRDA:278,38,1,0
BRDA:279,39,0,0
BRDA:279,39,1,0
BRDA:284,40,0,0
BRDA:284,40,1,0
BRDA:285,41,0,0
BRDA:285,41,1,0
BRDA:295,42,0,0
BRDA:295,42,1,0
BRDA:296,43,0,0
BRDA:296,43,1,0
BRDA:297,44,0,0
BRDA:297,44,1,0
BRDA:297,45,0,0
BRDA:297,45,1,0
BRDA:315,46,0,0
BRDA:315,46,1,0
BRDA:321,47,0,0
BRDA:321,47,1,0
BRDA:329,48,0,0
BRDA:329,48,1,0
BRDA:341,49,0,0
BRDA:341,49,1,0
BRDA:345,50,0,0
BRDA:345,50,1,0
BRDA:353,51,0,0
BRDA:353,51,1,0
BRDA:358,52,0,0
BRDA:358,52,1,0
BRDA:358,53,0,0
BRDA:358,53,1,0
BRDA:358,53,2,0
BRDA:358,53,3,0
BRDA:371,54,0,83
BRDA:371,54,1,83
BRDA:374,55,0,18
BRDA:374,55,1,65
BRDA:375,56,0,18
BRDA:375,56,1,65
BRDA:376,57,0,0
BRDA:376,57,1,83
BRDA:388,58,0,17
BRDA:388,58,1,66
BRDA:388,59,0,83
BRDA:388,59,1,52
BRDA:390,60,0,1
BRDA:390,60,1,65
BRDA:392,61,0,9
BRDA:392,61,1,56
BRDA:402,62,0,83
BRDA:402,62,1,0
BRDA:418,63,0,0
BRDA:418,63,1,0
BRDA:431,64,0,35
BRDA:431,64,1,0
BRDA:439,65,0,0
BRDA:439,65,1,0
BRDA:448,66,0,0
BRDA:448,66,1,0
BRDA:457,67,0,0
BRDA:457,67,1,0
BRDA:463,68,0,0
BRDA:463,68,1,0
BRDA:470,69,0,0
BRDA:470,69,1,0
BRDA:474,70,0,0
BRDA:474,70,1,0
BRDA:474,71,0,0
BRDA:474,71,1,0
BRDA:480,72,0,0
BRDA:480,72,1,0
BRDA:480,72,2,0
BRDA:488,73,0,0
BRDA:488,73,1,0
BRDA:489,74,0,0
BRDA:489,74,1,0
BRDA:490,75,0,0
BRDA:490,75,1,0
BRDA:499,76,0,0
BRDA:499,76,1,0
BRDA:500,77,0,0
BRDA:500,77,1,0
BRDA:501,78,0,0
BRDA:501,78,1,0
BRDA:501,79,0,0
BRDA:501,79,1,0
BRDA:503,80,0,0
BRDA:503,80,1,0
BRDA:507,81,0,0
BRDA:507,81,1,0
BRDA:510,82,0,0
BRDA:510,82,1,0
BRDA:510,83,0,0
BRDA:510,83,1,0
BRDA:525,84,0,0
BRDA:525,84,1,0
BRDA:526,85,0,0
BRDA:526,85,1,0
BRDA:526,86,0,0
BRDA:526,86,1,0
BRDA:527,87,0,0
BRDA:527,87,1,0
BRDA:545,88,0,35
BRDA:545,88,1,0
BRDA:545,89,0,35
BRDA:545,89,1,35
BRDA:556,90,0,83
BRDA:556,90,1,83
BRDA:556,90,2,83
BRDA:557,91,0,83
BRDA:557,91,1,0
BRDA:562,92,0,0
BRDA:562,92,1,0
BRDA:562,93,0,0
BRDA:562,93,1,0
BRDA:563,94,0,0
BRDA:563,94,1,0
BRDA:568,95,0,0
BRDA:568,95,1,0
BRDA:568,96,0,0
BRDA:568,96,1,0
BRDA:571,97,0,0
BRDA:571,97,1,0
BRDA:571,98,0,0
BRDA:571,98,1,0
BRDA:600,99,0,83
BRDA:600,99,1,83
BRDA:601,100,0,83
BRDA:601,100,1,24
BRDA:602,101,0,0
BRDA:602,101,1,83
BRDA:602,102,0,83
BRDA:602,102,1,0
BRDA:603,103,0,0
BRDA:603,103,1,0
BRDA:611,104,0,52
BRDA:611,104,1,31
BRDA:611,105,0,1
BRDA:611,105,1,30
BRDA:617,106,0,1
BRDA:617,106,1,82
BRDA:635,107,0,74
BRDA:635,107,1,9
BRDA:646,108,0,9
BRDA:646,108,1,0
BRDA:662,109,0,9
BRDA:662,109,1,0
BRDA:667,110,0,0
BRDA:667,110,1,0
BRDA:682,111,0,83
BRDA:682,111,1,0
BRDA:683,112,0,0
BRDA:683,112,1,83
BRDA:683,113,0,83
BRDA:683,113,1,83
BRDA:686,114,0,0
BRDA:686,114,1,0
BRDA:686,115,0,0
BRDA:686,115,1,0
BRDA:688,116,0,0
BRDA:688,116,1,0
BRDA:699,117,0,0
BRDA:699,117,1,0
BRDA:699,118,0,0
BRDA:699,118,1,0
BRDA:699,118,2,0
BRDA:704,119,0,0
BRDA:704,119,1,0
BRDA:706,120,0,0
BRDA:706,120,1,0
BRDA:713,121,0,0
BRDA:713,121,1,0
BRDA:714,122,0,0
BRDA:714,122,1,0
BRDA:723,123,0,0
BRDA:723,123,1,0
BRDA:723,124,0,0
BRDA:723,124,1,0
BRDA:723,124,2,0
BRDA:725,125,0,0
BRDA:725,125,1,0
BRDA:730,126,0,0
BRDA:730,126,1,0
BRDA:740,127,0,0
BRDA:740,127,1,0
BRDA:741,128,0,0
BRDA:741,128,1,0
BRDA:755,129,0,78
BRDA:755,129,1,5
BRDA:755,130,0,83
BRDA:755,130,1,83
BRDA:759,131,0,0
BRDA:759,131,1,5
BRDA:761,132,0,0
BRDA:761,132,1,0
BRDA:763,133,0,0
BRDA:763,133,1,5
BRDA:765,134,0,0
BRDA:765,134,1,0
BRDA:767,135,0,0
BRDA:767,135,1,5
BRDA:770,136,0,0
BRDA:770,136,1,5
BRDA:771,137,0,0
BRDA:771,137,1,0
BRDA:773,138,0,0
BRDA:773,138,1,5
BRDA:776,139,0,1
BRDA:776,139,1,4
BRDA:779,140,0,0
BRDA:779,140,1,5
BRDA:781,141,0,0
BRDA:781,141,1,0
BRDA:784,142,0,1
BRDA:784,142,1,4
BRDA:799,143,0,83
BRDA:799,143,1,83
BRDA:801,144,0,83
BRDA:801,144,1,0
BRDA:802,145,0,83
BRDA:802,145,1,0
BRDA:803,146,0,83
BRDA:803,146,1,0
BRDA:803,146,2,0
BRDA:804,147,0,83
BRDA:804,147,1,0
BRDA:806,148,0,83
BRDA:806,148,1,0
BRDA:807,149,0,83
BRDA:807,149,1,83
BRDA:808,150,0,83
BRDA:808,150,1,83
BRDA:809,151,0,83
BRDA:809,151,1,0
BRDA:811,152,0,83
BRDA:811,152,1,83
BRDA:812,153,0,83
BRDA:812,153,1,0
BRDA:813,154,0,83
BRDA:813,154,1,83
BRDA:814,155,0,83
BRDA:814,155,1,83
BRDA:816,156,0,83
BRDA:816,156,1,0
BRDA:830,157,0,0
BRDA:830,157,1,0
BRDA:830,157,2,0
BRDA:831,158,0,0
BRDA:831,158,1,0
BRDA:831,158,2,0
BRDA:832,159,0,0
BRDA:832,159,1,0
BRDA:832,160,0,0
BRDA:832,160,1,0
BRDA:835,161,0,0
BRDA:835,161,1,0
BRDA:840,162,0,0
BRDA:840,162,1,0
BRDA:840,163,0,0
BRDA:840,163,1,0
BRDA:847,164,0,0
BRDA:847,164,1,0
BRDA:847,164,2,0
BRDA:851,165,0,0
BRDA:851,165,1,0
BRDA:852,166,0,0
BRDA:852,166,1,0
BRDA:865,167,0,0
BRDA:865,167,1,83
BRDA:871,168,0,35
BRDA:871,168,1,35
BRDA:883,169,0,0
BRDA:883,169,1,88
BRDA:883,170,0,88
BRDA:883,170,1,0
BRDA:891,171,0,0
BRDA:891,171,1,0
BRDA:895,172,0,0
BRDA:895,172,1,88
BRDA:895,173,0,88
BRDA:895,173,1,88
BRDA:900,174,0,0
BRDA:900,174,1,88
BRDA:904,175,0,88
BRDA:904,175,1,87
BRDA:906,176,0,88
BRDA:906,176,1,8
BRDA:907,177,0,88
BRDA:907,177,1,83
BRDA:908,178,0,88
BRDA:908,178,1,88
BRDA:912,179,0,5
BRDA:912,179,1,83
BRDA:912,180,0,88
BRDA:912,180,1,85
BRDA:912,180,2,84
BRDA:917,181,0,81
BRDA:917,181,1,2
BRDA:926,182,0,0
BRDA:926,182,1,249
BRDA:945,183,0,53
BRDA:945,183,1,30
BRDA:945,184,0,83
BRDA:945,184,1,31
BRDA:947,185,0,18
BRDA:947,185,1,35
BRDA:948,186,0,1
BRDA:948,186,1,17
BRDA:959,187,0,83
BRDA:959,187,1,0
BRDA:962,188,0,83
BRDA:962,188,1,0
BRDA:962,189,0,83
BRDA:962,189,1,0
BRDA:968,190,0,0
BRDA:968,190,1,83
BRDA:969,191,0,0
BRDA:969,191,1,0
BRDA:971,192,0,0
BRDA:971,192,1,0
BRDA:990,193,0,0
BRDA:990,193,1,83
BRDA:999,194,0,0
BRDA:999,194,1,83
BRDA:999,195,0,83
BRDA:999,195,1,83
BRDA:1005,196,0,0
BRDA:1005,196,1,83
BRDA:1011,197,0,1
BRDA:1011,197,1,82
BRDA:1023,198,0,0
BRDA:1023,198,1,83
BRDA:1023,199,0,83
BRDA:1023,199,1,0
BRDA:1026,200,0,0
BRDA:1026,200,1,0
BRDA:1026,201,0,0
BRDA:1026,201,1,0
BRDA:1026,201,2,0
BRDA:1032,202,0,0
BRDA:1032,202,1,0
BRDA:1037,203,0,0
BRDA:1037,203,1,0
BRDA:1039,204,0,0
BRDA:1039,204,1,0
BRDA:1040,205,0,0
BRDA:1040,205,1,0
BRDA:1041,206,0,0
BRDA:1041,206,1,0
BRDA:1043,207,0,0
BRDA:1043,207,1,0
BRDA:1050,208,0,0
BRDA:1050,208,1,0
BRDA:1064,209,0,0
BRDA:1064,209,1,0
BRDA:1064,210,0,0
BRDA:1064,210,1,0
BRDA:1072,211,0,0
BRDA:1072,211,1,0
BRDA:1086,212,0,0
BRDA:1086,212,1,83
BRDA:1086,213,0,83
BRDA:1086,213,1,0
BRDA:1088,214,0,0
BRDA:1088,214,1,0
BRDA:1088,215,0,0
BRDA:1088,215,1,0
BRDA:1095,216,0,83
BRDA:1095,216,1,0
BRDA:1098,217,0,0
BRDA:1098,217,1,83
BRDA:1100,218,0,0
BRDA:1100,218,1,83
BRDA:1123,219,0,1
BRDA:1123,219,1,82
BRDA:1123,220,0,83
BRDA:1123,220,1,1
BRDA:1123,220,2,1
BRDA:1125,221,0,1
BRDA:1125,221,1,1
BRDA:1125,221,2,1
BRDA:1138,222,0,83
BRDA:1138,222,1,83
BRDA:1145,223,0,0
BRDA:1145,223,1,0
BRDA:1156,224,0,0
BRDA:1156,224,1,0
BRDA:1167,225,0,0
BRDA:1167,225,1,0
BRDA:1167,226,0,0
BRDA:1167,226,1,0
BRDA:1199,227,0,0
BRDA:1199,227,1,0
BRDA:1200,228,0,0
BRDA:1200,228,1,0
BRDA:1207,229,0,0
BRDA:1207,229,1,0
BRDA:1211,230,0,0
BRDA:1211,230,1,0
BRDA:1214,231,0,0
BRDA:1214,231,1,0
BRDA:1216,232,0,0
BRDA:1216,232,1,0
BRDA:1219,233,0,0
BRDA:1219,233,1,0
BRDA:1220,234,0,0
BRDA:1220,234,1,0
BRDA:1232,235,0,0
BRDA:1232,235,1,0
BRDA:1241,236,0,0
BRDA:1241,236,1,0
BRDA:1244,237,0,0
BRDA:1244,237,1,0
BRDA:1247,238,0,0
BRDA:1247,238,1,0
BRDA:1248,239,0,0
BRDA:1248,239,1,0
BRDA:1249,240,0,0
BRDA:1249,240,1,0
BRDA:1251,241,0,0
BRDA:1251,241,1,0
BRDA:1273,242,0,0
BRDA:1273,242,1,0
BRDA:1274,243,0,0
BRDA:1274,243,1,0
BRDA:1277,244,0,0
BRDA:1277,244,1,0
BRDA:1285,245,0,0
BRDA:1285,245,1,0
BRDA:1291,246,0,0
BRDA:1291,246,1,0
BRDA:1292,247,0,0
BRDA:1292,247,1,0
BRDA:1293,248,0,0
BRDA:1293,248,1,0
BRDA:1294,249,0,0
BRDA:1294,249,1,0
BRDA:1297,250,0,0
BRDA:1297,250,1,0
BRDA:1311,251,0,0
BRDA:1311,251,1,0
BRDA:1311,252,0,0
BRDA:1311,252,1,0
BRDA:1312,253,0,0
BRDA:1312,253,1,0
BRDA:1325,254,0,0
BRDA:1325,254,1,0
BRDA:1326,255,0,0
BRDA:1326,255,1,0
BRDA:1326,256,0,0
BRDA:1326,256,1,0
BRDA:1328,257,0,0
BRDA:1328,257,1,0
BRDA:1328,258,0,0
BRDA:1328,258,1,0
BRDA:1360,259,0,0
BRDA:1360,259,1,0
BRDA:1364,260,0,0
BRDA:1364,260,1,0
BRDA:1366,261,0,0
BRDA:1366,261,1,0
BRDA:1368,262,0,0
BRDA:1368,262,1,0
BRDA:1378,263,0,88
BRDA:1378,263,1,5
BRDA:1399,264,0,0
BRDA:1399,264,1,0
BRDA:1401,265,0,0
BRDA:1401,265,1,0
BRDA:1423,266,0,0
BRDA:1423,266,1,0
BRDA:1425,267,0,0
BRDA:1425,267,1,0
BRDA:1431,268,0,0
BRDA:1431,268,1,0
BRDA:1435,269,0,0
BRDA:1435,269,1,0
BRDA:1435,270,0,0
BRDA:1435,270,1,0
BRDA:1437,271,0,0
BRDA:1437,271,1,0
BRDA:1437,272,0,0
BRDA:1437,272,1,0
BRDA:1437,272,2,0
BRDA:1446,273,0,0
BRDA:1446,273,1,0
BRDA:1448,274,0,0
BRDA:1448,274,1,0
BRDA:1448,275,0,0
BRDA:1448,275,1,0
BRDA:1448,275,2,0
BRDA:1459,276,0,0
BRDA:1459,276,1,0
BRDA:1464,277,0,0
BRDA:1464,277,1,0
BRDA:1464,278,0,0
BRDA:1464,278,1,0
BRDA:1487,279,0,1
BRDA:1487,279,1,0
BRDA:1487,280,0,1
BRDA:1487,280,1,1
BRF:581
BRH:156
end_of_record
TN:
SF:cloudfunctions/ai-chat/memory.js
FN:24,loadRecentMemory
FN:96,mergeHistory
FN:134,trimMemory
FNF:3
FNH:3
FNDA:83,loadRecentMemory
FNDA:83,mergeHistory
FNDA:83,trimMemory
DA:25,83
DA:26,83
DA:28,83
DA:29,83
DA:30,83
DA:33,83
DA:34,83
DA:35,0
DA:36,0
DA:39,83
DA:52,35
DA:55,0
DA:56,0
DA:58,0
DA:59,0
DA:60,0
DA:61,0
DA:64,0
DA:65,0
DA:66,0
DA:67,0
DA:68,0
DA:71,0
DA:72,0
DA:73,0
DA:74,0
DA:75,0
DA:80,0
DA:82,48
DA:83,48
DA:97,83
DA:98,83
DA:100,0
DA:101,0
DA:105,0
DA:106,0
DA:107,0
DA:108,0
DA:109,0
DA:114,0
DA:115,0
DA:116,0
DA:117,0
DA:118,0
DA:119,0
DA:120,0
DA:125,0
DA:135,83
DA:136,83
DA:137,0
DA:140,3
LF:51
LH:16
BRDA:25,0,0,0
BRDA:25,0,1,83
BRDA:25,1,0,83
BRDA:25,1,1,0
BRDA:26,2,0,0
BRDA:26,2,1,83
BRDA:33,3,0,83
BRDA:33,3,1,0
BRDA:35,4,0,0
BRDA:35,4,1,0
BRDA:52,5,0,35
BRDA:52,5,1,0
BRDA:52,6,0,35
BRDA:52,6,1,35
BRDA:60,7,0,0
BRDA:60,7,1,0
BRDA:61,8,0,0
BRDA:61,8,1,0
BRDA:64,9,0,0
BRDA:64,9,1,0
BRDA:66,10,0,0
BRDA:66,10,1,0
BRDA:71,11,0,0
BRDA:71,11,1,0
BRDA:73,12,0,0
BRDA:73,12,1,0
BRDA:97,13,0,83
BRDA:97,13,1,0
BRDA:97,14,0,83
BRDA:97,14,1,83
BRDA:98,15,0,83
BRDA:98,15,1,0
BRDA:100,16,0,0
BRDA:100,16,1,0
BRDA:100,17,0,0
BRDA:100,17,1,0
BRDA:108,18,0,0
BRDA:108,18,1,0
BRDA:108,19,0,0
BRDA:108,19,1,0
BRDA:117,20,0,0
BRDA:117,20,1,0
BRDA:117,21,0,0
BRDA:117,21,1,0
BRDA:119,22,0,0
BRDA:119,22,1,0
BRDA:135,23,0,83
BRDA:135,23,1,0
BRDA:136,24,0,83
BRDA:136,24,1,0
BRF:50
BRH:13
end_of_record
TN:
SF:cloudfunctions/ai-chat/profile-builder.js
FN:22,getApp
FN:29,getDb
FN:37,getCachedProfile
FN:45,setCachedProfile
FN:54,(anonymous_4)
FN:69,queryIdentityProfile
FN:91,queryStageProfile
FN:118,(anonymous_7)
FN:129,queryBehaviorProfile
FN:166,queryConversationProfile
FN:174,(anonymous_10)
FN:191,buildProfile
FNF:12
FNH:1
FNDA:0,getApp
FNDA:0,getDb
FNDA:0,getCachedProfile
FNDA:0,setCachedProfile
FNDA:0,(anonymous_4)
FNDA:0,queryIdentityProfile
FNDA:0,queryStageProfile
FNDA:0,(anonymous_7)
FNDA:0,queryBehaviorProfile
FNDA:0,queryConversationProfile
FNDA:0,(anonymous_10)
FNDA:83,buildProfile
DA:18,3
DA:21,3
DA:23,0
DA:24,0
DA:26,0
DA:30,0
DA:34,3
DA:35,3
DA:38,0
DA:39,0
DA:40,0
DA:42,0
DA:47,0
DA:49,0
DA:52,0
DA:53,0
DA:54,0
DA:55,0
DA:57,0
DA:58,0
DA:70,0
DA:71,0
DA:75,0
DA:76,0
DA:78,0
DA:92,0
DA:94,0
DA:99,0
DA:100,0
DA:102,0
DA:108,0
DA:109,0
DA:110,0
DA:111,0
DA:112,0
DA:117,0
DA:118,0
DA:119,0
DA:122,0
DA:130,0
DA:131,0
DA:141,0
DA:143,0
DA:153,0
DA:154,0
DA:155,0
DA:167,0
DA:168,0
DA:173,0
DA:174,0
DA:175,0
DA:193,83
DA:194,83
DA:198,0
DA:199,0
DA:200,0
DA:201,0
DA:204,0
DA:207,0
DA:214,0
DA:223,0
DA:224,0
DA:225,0
DA:226,0
DA:231,0
DA:239,0
DA:241,0
DA:244,3
LF:68
LH:7
BRDA:23,0,0,0
BRDA:23,0,1,0
BRDA:39,1,0,0
BRDA:39,1,1,0
BRDA:39,2,0,0
BRDA:39,2,1,0
BRDA:47,3,0,0
BRDA:47,3,1,0
BRDA:47,4,0,0
BRDA:47,4,1,0
BRDA:53,5,0,0
BRDA:53,5,1,0
BRDA:75,6,0,0
BRDA:75,6,1,0
BRDA:75,7,0,0
BRDA:75,7,1,0
BRDA:99,8,0,0
BRDA:99,8,1,0
BRDA:99,9,0,0
BRDA:99,9,1,0
BRDA:108,10,0,0
BRDA:108,10,1,0
BRDA:108,11,0,0
BRDA:108,11,1,0
BRDA:110,12,0,0
BRDA:110,12,1,0
BRDA:117,13,0,0
BRDA:117,13,1,0
BRDA:117,14,0,0
BRDA:117,14,1,0
BRDA:117,14,2,0
BRDA:141,15,0,0
BRDA:141,15,1,0
BRDA:141,16,0,0
BRDA:141,16,1,0
BRDA:153,17,0,0
BRDA:153,17,1,0
BRDA:153,18,0,0
BRDA:153,18,1,0
BRDA:157,19,0,0
BRDA:157,19,1,0
BRDA:157,19,2,0
BRDA:173,20,0,0
BRDA:173,20,1,0
BRDA:173,21,0,0
BRDA:173,21,1,0
BRDA:193,22,0,83
BRDA:193,22,1,0
BRDA:199,23,0,0
BRDA:199,23,1,0
BRDA:215,24,0,0
BRDA:215,24,1,0
BRDA:216,25,0,0
BRDA:216,25,1,0
BRDA:217,26,0,0
BRDA:217,26,1,0
BRDA:218,27,0,0
BRDA:218,27,1,0
BRDA:225,28,0,0
BRDA:225,28,1,0
BRDA:226,29,0,0
BRDA:226,29,1,0
BRDA:232,30,0,0
BRDA:232,30,1,0
BRDA:232,30,2,0
BRDA:232,30,3,0
BRF:66
BRH:1
end_of_record
TN:
SF:cloudfunctions/ai-chat/prompts.js
FN:125,buildAssessmentSystemPrompt
FN:148,buildQASystemPrompt
FN:182,buildGeneralSystemPrompt
FN:206,buildSolutionRecommendPrompt
FN:237,buildUserProfile
FN:296,buildAdaptiveStyle
FN:298,(anonymous_6)
FN:299,(anonymous_7)
FN:312,getSystemPrompt
FN:347,buildProactiveHint
FNF:10
FNH:8
FNDA:17,buildAssessmentSystemPrompt
FNDA:73,buildQASystemPrompt
FNDA:40,buildGeneralSystemPrompt
FNDA:23,buildSolutionRecommendPrompt
FNDA:83,buildUserProfile
FNDA:83,buildAdaptiveStyle
FNDA:0,(anonymous_6)
FNDA:0,(anonymous_7)
FNDA:153,getSystemPrompt
FNDA:83,buildProactiveHint
DA:12,3
DA:22,3
DA:38,3
DA:49,3
DA:57,3
DA:81,3
DA:90,3
DA:108,3
DA:126,17
DA:149,73
DA:183,40
DA:207,23
DA:238,83
DA:239,5
DA:240,5
DA:241,5
DA:242,5
DA:243,5
DA:244,5
DA:245,5
DA:246,5
DA:247,5
DA:250,5
DA:251,5
DA:252,0
DA:253,0
DA:255,5
DA:256,0
DA:257,0
DA:259,5
DA:260,5
DA:261,0
DA:262,0
DA:263,0
DA:267,5
DA:268,0
DA:269,0
DA:273,5
DA:274,0
DA:275,0
DA:279,5
DA:287,5
DA:288,0
DA:289,0
DA:292,5
DA:297,83
DA:298,0
DA:299,0
DA:300,0
DA:301,0
DA:303,0
DA:304,0
DA:305,0
DA:306,0
DA:307,0
DA:309,0
DA:313,153
DA:320,153
DA:321,17
DA:322,73
DA:323,23
DA:325,40
DA:327,153
DA:328,153
DA:329,83
DA:332,153
DA:333,153
DA:337,3
DA:348,83
DA:349,83
DA:350,83
DA:352,83
DA:353,0
DA:355,83
DA:356,0
DA:359,83
DA:364,3
LF:77
LH:52
BRDA:238,0,0,78
BRDA:238,0,1,5
BRDA:238,1,0,83
BRDA:238,1,1,83
BRDA:251,2,0,0
BRDA:251,2,1,5
BRDA:253,3,0,0
BRDA:253,3,1,0
BRDA:255,4,0,0
BRDA:255,4,1,5
BRDA:257,5,0,0
BRDA:257,5,1,0
BRDA:259,6,0,0
BRDA:259,6,1,5
BRDA:260,7,0,0
BRDA:260,7,1,5
BRDA:267,8,0,0
BRDA:267,8,1,5
BRDA:267,9,0,5
BRDA:267,9,1,0
BRDA:273,10,0,0
BRDA:273,10,1,5
BRDA:273,11,0,5
BRDA:273,11,1,0
BRDA:287,12,0,0
BRDA:287,12,1,5
BRDA:289,13,0,0
BRDA:289,13,1,0
BRDA:297,14,0,83
BRDA:297,14,1,0
BRDA:297,15,0,83
BRDA:297,15,1,83
BRDA:299,16,0,0
BRDA:299,16,1,0
BRDA:300,17,0,0
BRDA:300,17,1,0
BRDA:305,18,0,0
BRDA:305,18,1,0
BRDA:306,19,0,0
BRDA:306,19,1,0
BRDA:320,20,0,17
BRDA:320,20,1,73
BRDA:320,20,2,23
BRDA:320,20,3,40
BRDA:320,20,4,40
BRDA:328,21,0,83
BRDA:328,21,1,70
BRDA:348,22,0,0
BRDA:348,22,1,83
BRDA:349,23,0,83
BRDA:349,23,1,83
BRDA:349,24,0,83
BRDA:349,24,1,83
BRDA:350,25,0,83
BRDA:350,25,1,83
BRDA:352,26,0,0
BRDA:352,26,1,83
BRDA:352,27,0,83
BRDA:352,27,1,83
BRDA:355,28,0,0
BRDA:355,28,1,83
BRDA:355,29,0,83
BRDA:355,29,1,83
BRDA:359,30,0,0
BRDA:359,30,1,83
BRF:65
BRH:37
end_of_record
